<?xml version="1.0" encoding="UTF-8"?>
<testsuite name="projectthree.app.server.service.organization.contactmanagement.CoreContactsTestCase" tests="8" skipped="0" failures="0" errors="0" timestamp="2016-08-23T09:49:50" hostname="2182b7675541" time="2.146">
  <properties/>
  <testcase name="test1Save" classname="projectthree.app.server.service.organization.contactmanagement.CoreContactsTestCase" time="0.917"/>
  <testcase name="test2Update" classname="projectthree.app.server.service.organization.contactmanagement.CoreContactsTestCase" time="0.125"/>
  <testcase name="test3FindById" classname="projectthree.app.server.service.organization.contactmanagement.CoreContactsTestCase" time="0.025"/>
  <testcase name="test3findBygenderId" classname="projectthree.app.server.service.organization.contactmanagement.CoreContactsTestCase" time="0.025"/>
  <testcase name="test3findBynativeLanguageCode" classname="projectthree.app.server.service.organization.contactmanagement.CoreContactsTestCase" time="0.024"/>
  <testcase name="test3findBytitleId" classname="projectthree.app.server.service.organization.contactmanagement.CoreContactsTestCase" time="0.024"/>
  <testcase name="test5NegativeTesting" classname="projectthree.app.server.service.organization.contactmanagement.CoreContactsTestCase" time="0.061"/>
  <testcase name="test6Delete" classname="projectthree.app.server.service.organization.contactmanagement.CoreContactsTestCase" time="0.945"/>
  <system-out><![CDATA[Tue Aug 23 09:49:50 UTC 2016|Log Manager Factory|Initialization Process started.....
Tue Aug 23 09:49:50 UTC 2016|Log Manager|Initialized with Path = [/home/applifire/workspace/project3/src/main/webapp/WEB-INF/conf]
Tue Aug 23 09:49:50 UTC 2016|Alarm Manager|Initialized with Path = [/home/applifire/workspace/project3/src/main/webapp/WEB-INF/conf]
Tue Aug 23 09:49:50 UTC 2016|Alarm Manager|Loading Alarms ......
Tue Aug 23 09:49:50 UTC 2016|Alarm XML Parser|FWA|XML Parsing Complete........ 
Tue Aug 23 09:49:50 UTC 2016|Alarm File Manager|FWA|Alarm File Status.. [ApplicationFrameworkAlarms.xml]|Version=15|Status=Done 
Tue Aug 23 09:49:50 UTC 2016|Alarm File Manager|FWA|Alarm Stats = ( BC/AL=5/786 SYS=5/11 [786/0]  TPL=0/0 [0/0]  APP= A.Map=[875]  E.Map EC/RC=[391/79] )
Tue Aug 23 09:49:50 UTC 2016|Alarm XML Parser|APP|XML Parsing Complete........ 
Tue Aug 23 09:49:50 UTC 2016|Alarm File Manager|APP|Alarm File Status.. [ApplicationAlarms.xml]|Version=1|Status=Done 
Tue Aug 23 09:49:50 UTC 2016|Alarm File Manager|APP|Alarm Stats = ( BC/AL=6/873 SYS=5/11 [786/0]  TPL=0/0 [0/0]  APP=1/1 [87/0]  A.Map=[962]  E.Map EC/RC=[445/91] )
Tue Aug 23 09:49:50 UTC 2016|ApplicationAlarmContext| <><><><><> Create App Alarms ....  <><><><><> 
Tue Aug 23 09:49:50 UTC 2016|ApplicationAlarmContext|Alarms are generated ONLY in Development Mode.. 
Tue Aug 23 09:49:50 UTC 2016|Alarm Manager|APP|Alarm Stats = ( BC/AL=6/873 SYS=5/11 [786/0]  TPL=0/0 [0/0]  APP=1/1 [87/0]  A.Map=[962]  E.Map EC/RC=[445/91] )
Tue Aug 23 09:49:50 UTC 2016|Alarm Manager|Initialized Exception Lookup...
Tue Aug 23 09:49:50 UTC 2016|Log Manager|Initialize Log Config File ......
Tue Aug 23 09:49:50 UTC 2016|Pluggable Connectors|Adding Connectors : StandardOutputConnector isEnabled=true isDefault=false isFallBack=true
Tue Aug 23 09:49:50 UTC 2016|Pluggable Connectors|Adding Connectors : StandardFileConnector isEnabled=true isDefault=false isFallBack=false
Tue Aug 23 09:49:50 UTC 2016|Pluggable Connectors|Adding Connectors : Sprinkler isEnabled=true isDefault=true isFallBack=false
Tue Aug 23 09:49:50 UTC 2016|Pluggable Connectors|Default Connector Name : com.spartan.logger.core.LogMessenger
Tue Aug 23 09:49:50 UTC 2016|Log Config Parser|Connector Least Log Level =[4]  FallBack Log Level =[3]
Tue Aug 23 09:49:50 UTC 2016|Log Manager|Loading Default Connector for Logging ......
Tue Aug 23 09:49:50 UTC 2016|Log Manager|Loading class .. com.spartan.logger.core.LogMessenger
Tue Aug 23 09:49:50 UTC 2016|Plugggable Connector|Connector class com.spartan.logger.core.LogMessenger Initialized... @ Log Level = 3
Tue Aug 23 09:49:50 UTC 2016|Log Manager|Starting the Default Connector [com.spartan.logger.core.LogMessenger@7ef3aaf2] ....
Tue Aug 23 09:49:50 UTC 2016|Scheduler|Starting the Scheduler ......
Tue Aug 23 09:49:50 UTC 2016|Scheduler|Adding [LMID=[8c3f8e01-14d7-47f5-a89e-5698ac927b51]] Delay=5 Time Unit=MINUTES
Tue Aug 23 09:49:50 UTC 2016|Scheduler|Adding [App Alarm Manager File=[ApplicationAlarms.xml]] Delay=30 Time Unit=MINUTES
Tue Aug 23 09:49:50 UTC 2016|Scheduler|Adding [FW Alarm Manager File=[ApplicationFrameworkAlarms.xml]] Delay=3 Time Unit=MINUTES
Tue Aug 23 09:49:50 UTC 2016|Scheduler|Startup Completed..
Tue Aug 23 09:49:50 UTC 2016|Log Manager|Initialization Process Complete ......
Tue Aug 23 09:49:50 UTC 2016|Log Manager Factory|Log Manager READY! ID = 8c3f8e01-14d7-47f5-a89e-5698ac927b51
[EL Finer]: connection: 2016-08-23 09:49:50.58--ServerSession(312021720)--Thread(Thread[Test worker,5,main])--client acquired: 2019532004
[EL Finer]: transaction: 2016-08-23 09:49:50.58--ClientSession(2019532004)--Thread(Thread[Test worker,5,main])--acquire unit of work: 1295350393
[EL Finest]: connection: 2016-08-23 09:49:50.58--ServerSession(312021720)--Connection(1912325512)--Thread(Thread[Test worker,5,main])--Connection acquired from connection pool [default].
[EL Finer]: transaction: 2016-08-23 09:49:50.58--ClientSession(2019532004)--Connection(1912325512)--Thread(Thread[Test worker,5,main])--begin transaction
[EL Finest]: connection: 2016-08-23 09:49:50.58--ClientSession(2019532004)--Thread(Thread[Test worker,5,main])--reconnecting to external connection pool
[EL Finest]: transaction: 2016-08-23 09:49:50.583--UnitOfWork(1295350393)--Thread(Thread[Test worker,5,main])--persist() operation called on: fflc9iGEmvozuGNl8SIaSd5iU7uOdjD0KVAhraDBnXXWcRxE9n.
[EL Finest]: sequencing: 2016-08-23 09:49:50.583--UnitOfWork(1295350393)--Thread(Thread[Test worker,5,main])--assign sequence to the object (F6FBB456-9F59-4F6D-BD60-D531D64C23C1 -> fflc9iGEmvozuGNl8SIaSd5iU7uOdjD0KVAhraDBnXXWcRxE9n)
[EL Finer]: transaction: 2016-08-23 09:49:50.583--UnitOfWork(1295350393)--Thread(Thread[Test worker,5,main])--begin unit of work commit
[EL Finest]: query: 2016-08-23 09:49:50.583--UnitOfWork(1295350393)--Thread(Thread[Test worker,5,main])--Execute query InsertObjectQuery(fflc9iGEmvozuGNl8SIaSd5iU7uOdjD0KVAhraDBnXXWcRxE9n)
[EL Fine]: sql: 2016-08-23 09:49:50.584--ClientSession(2019532004)--Connection(1479313798)--Thread(Thread[Test worker,5,main])--INSERT INTO ast_Title_M (titleId, titles, versionId, createdBy, createdDate, updatedBy, updatedDate, activeStatus, txnAccessCode) VALUES (?, ?, ?, ?, ?, ?, ?, ?, ?)
	bind => [F6FBB456-9F59-4F6D-BD60-D531D64C23C1, fflc9iGEmvozuGNl8SIaSd5iU7uOdjD0KVAhraDBnXXWcRxE9n, 1, AAAAA, 2016-08-23 09:49:50.565, AAAAA, 2016-08-23 09:49:50.565, 1, 51000]
[EL Finer]: transaction: 2016-08-23 09:49:50.585--ClientSession(2019532004)--Connection(1479313798)--Thread(Thread[Test worker,5,main])--commit transaction
[EL Finest]: connection: 2016-08-23 09:49:50.624--ServerSession(312021720)--Connection(1912325512)--Thread(Thread[Test worker,5,main])--Connection released to connection pool [default].
[EL Finer]: transaction: 2016-08-23 09:49:50.624--UnitOfWork(1295350393)--Thread(Thread[Test worker,5,main])--end unit of work commit
[EL Finer]: transaction: 2016-08-23 09:49:50.624--UnitOfWork(1295350393)--Thread(Thread[Test worker,5,main])--resume unit of work
[EL Finer]: transaction: 2016-08-23 09:49:50.624--UnitOfWork(1295350393)--Thread(Thread[Test worker,5,main])--release unit of work
[EL Finer]: connection: 2016-08-23 09:49:50.624--ClientSession(2019532004)--Thread(Thread[Test worker,5,main])--client released
[EL Finer]: connection: 2016-08-23 09:49:50.651--ServerSession(312021720)--Thread(Thread[Test worker,5,main])--client acquired: 1140024206
[EL Finer]: transaction: 2016-08-23 09:49:50.651--ClientSession(1140024206)--Thread(Thread[Test worker,5,main])--acquire unit of work: 537731708
[EL Finest]: connection: 2016-08-23 09:49:50.651--ServerSession(312021720)--Connection(1045629780)--Thread(Thread[Test worker,5,main])--Connection acquired from connection pool [default].
[EL Finer]: transaction: 2016-08-23 09:49:50.651--ClientSession(1140024206)--Connection(1045629780)--Thread(Thread[Test worker,5,main])--begin transaction
[EL Finest]: connection: 2016-08-23 09:49:50.651--ClientSession(1140024206)--Thread(Thread[Test worker,5,main])--reconnecting to external connection pool
Tue Aug 23 09:49:50 UTC 2016|Unknown Alarm = ORGLM312100100 Alarm Split = ORG-LM-3-1-2-100-100
[EL Finest]: transaction: 2016-08-23 09:49:50.657--UnitOfWork(537731708)--Thread(Thread[Test worker,5,main])--persist() operation called on: NmfoEkuSbxZOkLPbDccwtVmzylgj82xpVcsEATCQj8z8UTarqr.
[EL Finest]: sequencing: 2016-08-23 09:49:50.657--UnitOfWork(537731708)--Thread(Thread[Test worker,5,main])--assign sequence to the object (C44714AD-532A-44FD-8B67-E5800261CBAF -> NmfoEkuSbxZOkLPbDccwtVmzylgj82xpVcsEATCQj8z8UTarqr)
[EL Finer]: transaction: 2016-08-23 09:49:50.657--UnitOfWork(537731708)--Thread(Thread[Test worker,5,main])--begin unit of work commit
[EL Finest]: query: 2016-08-23 09:49:50.657--UnitOfWork(537731708)--Thread(Thread[Test worker,5,main])--Execute query InsertObjectQuery(NmfoEkuSbxZOkLPbDccwtVmzylgj82xpVcsEATCQj8z8UTarqr)
[EL Fine]: sql: 2016-08-23 09:49:50.658--ClientSession(1140024206)--Connection(1760555106)--Thread(Thread[Test worker,5,main])--INSERT INTO ast_Language_M (languageId, alpha2, alpha3, alpha4, alpha4parentid, language, languageDescription, languageIcon, languageType, versionId, createdBy, createdDate, updatedBy, updatedDate, activeStatus, txnAccessCode) VALUES (?, ?, ?, ?, ?, ?, ?, ?, ?, ?, ?, ?, ?, ?, ?, ?)
	bind => [C44714AD-532A-44FD-8B67-E5800261CBAF, KN, J3l, kPoO, 9, NmfoEkuSbxZOkLPbDccwtVmzylgj82xpVcsEATCQj8z8UTarqr, FU8AtQvUglTNzJAUK9SGRpE2pFabLo6oJNHrFEVxgqEUbizFcG, P3QVubima81odeY7X0l6Vgpjw3r9ut4E1dgKk4xaDzO9ft45Wm, 3jX2XVlCtezOFOPiBbSqJpCE99QRNQ2B, 1, AAAAA, 2016-08-23 09:49:50.625, AAAAA, 2016-08-23 09:49:50.625, 1, 51000]
[EL Finer]: transaction: 2016-08-23 09:49:50.66--ClientSession(1140024206)--Connection(1760555106)--Thread(Thread[Test worker,5,main])--commit transaction
[EL Finest]: connection: 2016-08-23 09:49:50.732--ServerSession(312021720)--Connection(1045629780)--Thread(Thread[Test worker,5,main])--Connection released to connection pool [default].
[EL Finer]: transaction: 2016-08-23 09:49:50.732--UnitOfWork(537731708)--Thread(Thread[Test worker,5,main])--end unit of work commit
[EL Finer]: transaction: 2016-08-23 09:49:50.732--UnitOfWork(537731708)--Thread(Thread[Test worker,5,main])--resume unit of work
[EL Finer]: transaction: 2016-08-23 09:49:50.733--UnitOfWork(537731708)--Thread(Thread[Test worker,5,main])--release unit of work
[EL Finer]: connection: 2016-08-23 09:49:50.733--ClientSession(1140024206)--Thread(Thread[Test worker,5,main])--client released
[EL Finer]: connection: 2016-08-23 09:49:50.756--ServerSession(312021720)--Thread(Thread[Test worker,5,main])--client acquired: 1064131521
[EL Finer]: transaction: 2016-08-23 09:49:50.756--ClientSession(1064131521)--Thread(Thread[Test worker,5,main])--acquire unit of work: 614661231
[EL Finest]: connection: 2016-08-23 09:49:50.758--ServerSession(312021720)--Connection(1214967347)--Thread(Thread[Test worker,5,main])--Connection acquired from connection pool [default].
[EL Finer]: transaction: 2016-08-23 09:49:50.758--ClientSession(1064131521)--Connection(1214967347)--Thread(Thread[Test worker,5,main])--begin transaction
[EL Finest]: connection: 2016-08-23 09:49:50.758--ClientSession(1064131521)--Thread(Thread[Test worker,5,main])--reconnecting to external connection pool
[EL Finest]: transaction: 2016-08-23 09:49:50.761--UnitOfWork(614661231)--Thread(Thread[Test worker,5,main])--persist() operation called on: RMz7yagWv2XlgaumJSDxSZL30hfZr4YnWfdCIHxZ7frq2uhIPY.
[EL Finest]: sequencing: 2016-08-23 09:49:50.761--UnitOfWork(614661231)--Thread(Thread[Test worker,5,main])--assign sequence to the object (91FF5D93-6E5A-4684-9275-98FC79685717 -> RMz7yagWv2XlgaumJSDxSZL30hfZr4YnWfdCIHxZ7frq2uhIPY)
[EL Finer]: transaction: 2016-08-23 09:49:50.762--UnitOfWork(614661231)--Thread(Thread[Test worker,5,main])--begin unit of work commit
[EL Finest]: query: 2016-08-23 09:49:50.762--UnitOfWork(614661231)--Thread(Thread[Test worker,5,main])--Execute query InsertObjectQuery(RMz7yagWv2XlgaumJSDxSZL30hfZr4YnWfdCIHxZ7frq2uhIPY)
[EL Fine]: sql: 2016-08-23 09:49:50.762--ClientSession(1064131521)--Connection(55714337)--Thread(Thread[Test worker,5,main])--INSERT INTO ast_Gender_M (genderId, gender, versionId, createdBy, createdDate, updatedBy, updatedDate, activeStatus, txnAccessCode) VALUES (?, ?, ?, ?, ?, ?, ?, ?, ?)
	bind => [91FF5D93-6E5A-4684-9275-98FC79685717, RMz7yagWv2XlgaumJSDxSZL30hfZr4YnWfdCIHxZ7frq2uhIPY, 1, AAAAA, 2016-08-23 09:49:50.733, AAAAA, 2016-08-23 09:49:50.733, 1, 51000]
[EL Finer]: transaction: 2016-08-23 09:49:50.764--ClientSession(1064131521)--Connection(55714337)--Thread(Thread[Test worker,5,main])--commit transaction
[EL Finest]: connection: 2016-08-23 09:49:50.791--ServerSession(312021720)--Connection(1214967347)--Thread(Thread[Test worker,5,main])--Connection released to connection pool [default].
[EL Finer]: transaction: 2016-08-23 09:49:50.791--UnitOfWork(614661231)--Thread(Thread[Test worker,5,main])--end unit of work commit
[EL Finer]: transaction: 2016-08-23 09:49:50.791--UnitOfWork(614661231)--Thread(Thread[Test worker,5,main])--resume unit of work
[EL Finer]: transaction: 2016-08-23 09:49:50.791--UnitOfWork(614661231)--Thread(Thread[Test worker,5,main])--release unit of work
[EL Finer]: connection: 2016-08-23 09:49:50.791--ClientSession(1064131521)--Thread(Thread[Test worker,5,main])--client released
[EL Finer]: connection: 2016-08-23 09:49:50.812--ServerSession(312021720)--Thread(Thread[Test worker,5,main])--client acquired: 1924851909
[EL Finer]: transaction: 2016-08-23 09:49:50.812--ClientSession(1924851909)--Thread(Thread[Test worker,5,main])--acquire unit of work: 1292376155
[EL Finest]: connection: 2016-08-23 09:49:50.812--ServerSession(312021720)--Connection(1316431327)--Thread(Thread[Test worker,5,main])--Connection acquired from connection pool [default].
[EL Finer]: transaction: 2016-08-23 09:49:50.812--ClientSession(1924851909)--Connection(1316431327)--Thread(Thread[Test worker,5,main])--begin transaction
[EL Finest]: connection: 2016-08-23 09:49:50.812--ClientSession(1924851909)--Thread(Thread[Test worker,5,main])--reconnecting to external connection pool
Tue Aug 23 09:49:50 UTC 2016|Unknown Alarm = ORGLM312100100 Alarm Split = ORG-LM-3-1-2-100-100
[EL Finest]: transaction: 2016-08-23 09:49:50.816--UnitOfWork(1292376155)--Thread(Thread[Test worker,5,main])--persist() operation called on: 6,TqBiGqiyc0GOrfInFCYt1TGXlhKTQlbjsFV2KbQemQRqFbNRee.
[EL Finest]: sequencing: 2016-08-23 09:49:50.816--UnitOfWork(1292376155)--Thread(Thread[Test worker,5,main])--assign sequence to the object (5C8650F5-9E4F-4824-8034-75498A8BE472 -> 6,TqBiGqiyc0GOrfInFCYt1TGXlhKTQlbjsFV2KbQemQRqFbNRee)
[EL Finer]: transaction: 2016-08-23 09:49:50.817--UnitOfWork(1292376155)--Thread(Thread[Test worker,5,main])--begin unit of work commit
[EL Finest]: query: 2016-08-23 09:49:50.817--UnitOfWork(1292376155)--Thread(Thread[Test worker,5,main])--Execute query InsertObjectQuery(6,TqBiGqiyc0GOrfInFCYt1TGXlhKTQlbjsFV2KbQemQRqFbNRee)
[EL Fine]: sql: 2016-08-23 09:49:50.817--ClientSession(1924851909)--Connection(727689311)--Thread(Thread[Test worker,5,main])--INSERT INTO ast_Timezone_M (timeZoneId, cities, country, gmtLabel, timeZoneLabel, utcdifference, versionId, createdBy, createdDate, updatedBy, updatedDate, activeStatus, txnAccessCode) VALUES (?, ?, ?, ?, ?, ?, ?, ?, ?, ?, ?, ?, ?)
	bind => [5C8650F5-9E4F-4824-8034-75498A8BE472, JgSK5CEbVgtEJwsYgmgge6TiqGmjmo2H6jPpCqqGM5dMKx5G4u, ViCQuBSazWF2W9Fd5mnWc2BBf6jL63oKeQJKZQ1J6xK4cBKbA1, tghKnbiIxZzK94FT91T8vkyEKhzvixS4lUnMZedJuPgz77Fifh, TqBiGqiyc0GOrfInFCYt1TGXlhKTQlbjsFV2KbQemQRqFbNRee, 6, 1, AAAAA, 2016-08-23 09:49:50.733, AAAAA, 2016-08-23 09:49:50.733, 1, 51000]
[EL Finer]: transaction: 2016-08-23 09:49:50.819--ClientSession(1924851909)--Connection(727689311)--Thread(Thread[Test worker,5,main])--commit transaction
[EL Finest]: connection: 2016-08-23 09:49:50.866--ServerSession(312021720)--Connection(1316431327)--Thread(Thread[Test worker,5,main])--Connection released to connection pool [default].
[EL Finer]: transaction: 2016-08-23 09:49:50.866--UnitOfWork(1292376155)--Thread(Thread[Test worker,5,main])--end unit of work commit
[EL Finer]: transaction: 2016-08-23 09:49:50.866--UnitOfWork(1292376155)--Thread(Thread[Test worker,5,main])--resume unit of work
[EL Finer]: transaction: 2016-08-23 09:49:50.866--UnitOfWork(1292376155)--Thread(Thread[Test worker,5,main])--release unit of work
[EL Finer]: connection: 2016-08-23 09:49:50.867--ClientSession(1924851909)--Thread(Thread[Test worker,5,main])--client released
[EL Finer]: connection: 2016-08-23 09:49:50.881--ServerSession(312021720)--Thread(Thread[Test worker,5,main])--client acquired: 936751019
[EL Finer]: transaction: 2016-08-23 09:49:50.881--ClientSession(936751019)--Thread(Thread[Test worker,5,main])--acquire unit of work: 771760176
[EL Finest]: connection: 2016-08-23 09:49:50.881--ServerSession(312021720)--Connection(172050152)--Thread(Thread[Test worker,5,main])--Connection acquired from connection pool [default].
[EL Finer]: transaction: 2016-08-23 09:49:50.881--ClientSession(936751019)--Connection(172050152)--Thread(Thread[Test worker,5,main])--begin transaction
[EL Finest]: connection: 2016-08-23 09:49:50.881--ClientSession(936751019)--Thread(Thread[Test worker,5,main])--reconnecting to external connection pool
[EL Finest]: transaction: 2016-08-23 09:49:50.884--UnitOfWork(771760176)--Thread(Thread[Test worker,5,main])--persist() operation called on: tROs8EPLfLpZ7H2GYbfuzyVWoCeQx0u14zOfSh97hgwa7pkd9t.
[EL Finest]: sequencing: 2016-08-23 09:49:50.884--UnitOfWork(771760176)--Thread(Thread[Test worker,5,main])--assign sequence to the object (2CCC333B-1E27-421E-80B3-F69273E4177A -> tROs8EPLfLpZ7H2GYbfuzyVWoCeQx0u14zOfSh97hgwa7pkd9t)
[EL Finer]: transaction: 2016-08-23 09:49:50.884--UnitOfWork(771760176)--Thread(Thread[Test worker,5,main])--begin unit of work commit
[EL Finest]: query: 2016-08-23 09:49:50.884--UnitOfWork(771760176)--Thread(Thread[Test worker,5,main])--Execute query InsertObjectQuery(tROs8EPLfLpZ7H2GYbfuzyVWoCeQx0u14zOfSh97hgwa7pkd9t)
[EL Fine]: sql: 2016-08-23 09:49:50.885--ClientSession(936751019)--Connection(1555736150)--Thread(Thread[Test worker,5,main])--INSERT INTO ast_CommunicationGroup_M (commGroupId, commGroupDescription, commGroupName, versionId, createdBy, createdDate, updatedBy, updatedDate, activeStatus, txnAccessCode) VALUES (?, ?, ?, ?, ?, ?, ?, ?, ?, ?)
	bind => [2CCC333B-1E27-421E-80B3-F69273E4177A, 669XivMQjtSERZLtv9DdjT36Gl050nodqGyyAFZCKVv1DfLa5J, tROs8EPLfLpZ7H2GYbfuzyVWoCeQx0u14zOfSh97hgwa7pkd9t, 1, AAAAA, 2016-08-23 09:49:50.867, AAAAA, 2016-08-23 09:49:50.867, 1, 51000]
[EL Finer]: transaction: 2016-08-23 09:49:50.886--ClientSession(936751019)--Connection(1555736150)--Thread(Thread[Test worker,5,main])--commit transaction
[EL Finest]: connection: 2016-08-23 09:49:50.933--ServerSession(312021720)--Connection(172050152)--Thread(Thread[Test worker,5,main])--Connection released to connection pool [default].
[EL Finer]: transaction: 2016-08-23 09:49:50.933--UnitOfWork(771760176)--Thread(Thread[Test worker,5,main])--end unit of work commit
[EL Finer]: transaction: 2016-08-23 09:49:50.933--UnitOfWork(771760176)--Thread(Thread[Test worker,5,main])--resume unit of work
[EL Finer]: transaction: 2016-08-23 09:49:50.933--UnitOfWork(771760176)--Thread(Thread[Test worker,5,main])--release unit of work
[EL Finer]: connection: 2016-08-23 09:49:50.933--ClientSession(936751019)--Thread(Thread[Test worker,5,main])--client released
[EL Finer]: connection: 2016-08-23 09:49:50.96--ServerSession(312021720)--Thread(Thread[Test worker,5,main])--client acquired: 1645217841
[EL Finer]: transaction: 2016-08-23 09:49:50.96--ClientSession(1645217841)--Thread(Thread[Test worker,5,main])--acquire unit of work: 176814915
[EL Finest]: connection: 2016-08-23 09:49:50.96--ServerSession(312021720)--Connection(1758392604)--Thread(Thread[Test worker,5,main])--Connection acquired from connection pool [default].
[EL Finer]: transaction: 2016-08-23 09:49:50.96--ClientSession(1645217841)--Connection(1758392604)--Thread(Thread[Test worker,5,main])--begin transaction
[EL Finest]: connection: 2016-08-23 09:49:50.96--ClientSession(1645217841)--Thread(Thread[Test worker,5,main])--reconnecting to external connection pool
[EL Finest]: transaction: 2016-08-23 09:49:50.964--UnitOfWork(176814915)--Thread(Thread[Test worker,5,main])--persist() operation called on: kq9XQkKoL2HgaFVS58oz6Z2pbDqstq6WuO3HMjWTOYjkk5LAkn,2CCC333B-1E27-421E-80B3-F69273E4177A.
[EL Finest]: sequencing: 2016-08-23 09:49:50.964--UnitOfWork(176814915)--Thread(Thread[Test worker,5,main])--assign sequence to the object (89B1D467-5FFF-4C52-BE0E-A932BFCC5539 -> kq9XQkKoL2HgaFVS58oz6Z2pbDqstq6WuO3HMjWTOYjkk5LAkn,2CCC333B-1E27-421E-80B3-F69273E4177A)
[EL Finer]: transaction: 2016-08-23 09:49:50.964--UnitOfWork(176814915)--Thread(Thread[Test worker,5,main])--begin unit of work commit
[EL Finest]: query: 2016-08-23 09:49:50.964--UnitOfWork(176814915)--Thread(Thread[Test worker,5,main])--Execute query InsertObjectQuery(kq9XQkKoL2HgaFVS58oz6Z2pbDqstq6WuO3HMjWTOYjkk5LAkn,2CCC333B-1E27-421E-80B3-F69273E4177A)
[EL Fine]: sql: 2016-08-23 09:49:50.965--ClientSession(1645217841)--Connection(1453425008)--Thread(Thread[Test worker,5,main])--INSERT INTO ast_CommunicationType_M (commType, commGroupId, commTypeDescription, commTypeName, versionId, createdBy, createdDate, updatedBy, updatedDate, activeStatus, txnAccessCode) VALUES (?, ?, ?, ?, ?, ?, ?, ?, ?, ?, ?)
	bind => [89B1D467-5FFF-4C52-BE0E-A932BFCC5539, 2CCC333B-1E27-421E-80B3-F69273E4177A, WZPDE93psjhgAsg4F2XdkDGN0JhNmJ8TXATSBAsFURxs4xiDzg, kq9XQkKoL2HgaFVS58oz6Z2pbDqstq6WuO3HMjWTOYjkk5LAkn, 1, AAAAA, 2016-08-23 09:49:50.867, AAAAA, 2016-08-23 09:49:50.867, 1, 51000]
[EL Finer]: transaction: 2016-08-23 09:49:50.967--ClientSession(1645217841)--Connection(1453425008)--Thread(Thread[Test worker,5,main])--commit transaction
[EL Finest]: connection: 2016-08-23 09:49:50.99--ServerSession(312021720)--Connection(1758392604)--Thread(Thread[Test worker,5,main])--Connection released to connection pool [default].
[EL Finer]: transaction: 2016-08-23 09:49:50.99--UnitOfWork(176814915)--Thread(Thread[Test worker,5,main])--end unit of work commit
[EL Finer]: transaction: 2016-08-23 09:49:50.99--UnitOfWork(176814915)--Thread(Thread[Test worker,5,main])--resume unit of work
[EL Finer]: transaction: 2016-08-23 09:49:50.99--UnitOfWork(176814915)--Thread(Thread[Test worker,5,main])--release unit of work
[EL Finer]: connection: 2016-08-23 09:49:50.99--ClientSession(1645217841)--Thread(Thread[Test worker,5,main])--client released
[EL Finer]: connection: 2016-08-23 09:49:51.012--ServerSession(312021720)--Thread(Thread[Test worker,5,main])--client acquired: 1632818909
[EL Finer]: transaction: 2016-08-23 09:49:51.012--ClientSession(1632818909)--Thread(Thread[Test worker,5,main])--acquire unit of work: 93878550
[EL Finest]: connection: 2016-08-23 09:49:51.012--ServerSession(312021720)--Connection(1563792952)--Thread(Thread[Test worker,5,main])--Connection acquired from connection pool [default].
[EL Finer]: transaction: 2016-08-23 09:49:51.013--ClientSession(1632818909)--Connection(1563792952)--Thread(Thread[Test worker,5,main])--begin transaction
[EL Finest]: connection: 2016-08-23 09:49:51.013--ClientSession(1632818909)--Thread(Thread[Test worker,5,main])--reconnecting to external connection pool
Tue Aug 23 09:49:51 UTC 2016|Unknown Alarm = ORGLM312100100 Alarm Split = ORG-LM-3-1-2-100-100
[EL Finest]: transaction: 2016-08-23 09:49:51.018--UnitOfWork(93878550)--Thread(Thread[Test worker,5,main])--persist() operation called on: ffVLIGygNlFkjHd7EcHSL5qzuKXSKO5m4gEHh5Cl2uktmJYZQs.
[EL Finest]: sequencing: 2016-08-23 09:49:51.018--UnitOfWork(93878550)--Thread(Thread[Test worker,5,main])--assign sequence to the object (07C21A0D-591A-4C2F-970A-AA52E5EC9F5B -> ffVLIGygNlFkjHd7EcHSL5qzuKXSKO5m4gEHh5Cl2uktmJYZQs)
[EL Finer]: transaction: 2016-08-23 09:49:51.019--UnitOfWork(93878550)--Thread(Thread[Test worker,5,main])--begin unit of work commit
[EL Finest]: query: 2016-08-23 09:49:51.019--UnitOfWork(93878550)--Thread(Thread[Test worker,5,main])--Execute query InsertObjectQuery(ffVLIGygNlFkjHd7EcHSL5qzuKXSKO5m4gEHh5Cl2uktmJYZQs)
[EL Fine]: sql: 2016-08-23 09:49:51.02--ClientSession(1632818909)--Connection(1671846538)--Thread(Thread[Test worker,5,main])--INSERT INTO ast_Country_M (countryId, capital, capitalLatitude, capitalLongitude, countryCode1, countryCode2, countryFlag, countryName, currencyCode, currencyName, currencySymbol, isoNumeric, versionId, createdBy, createdDate, updatedBy, updatedDate, activeStatus, txnAccessCode) VALUES (?, ?, ?, ?, ?, ?, ?, ?, ?, ?, ?, ?, ?, ?, ?, ?, ?, ?, ?)
	bind => [07C21A0D-591A-4C2F-970A-AA52E5EC9F5B, 1Ne9wZooHM5Kcp6Pm0bUf47VMtt3Nc4d, 7, 1, bQD, x7q, jK3uLNdjw6kXJtB8dpjD6JdWKSqW1g1QhLuopd8VdhnCqUt2Kf, ffVLIGygNlFkjHd7EcHSL5qzuKXSKO5m4gEHh5Cl2uktmJYZQs, DLc, muzBXbv0voC0iBWg4ZYiyDj7DU8SVXQn2ootJ9XXVZfGMrD2bz, umeFesCsk3FBPNHUSCva8JZH9NirYM9g, 321, 1, AAAAA, 2016-08-23 09:49:50.99, AAAAA, 2016-08-23 09:49:50.99, 1, 51000]
[EL Finer]: transaction: 2016-08-23 09:49:51.021--ClientSession(1632818909)--Connection(1671846538)--Thread(Thread[Test worker,5,main])--commit transaction
[EL Finest]: connection: 2016-08-23 09:49:51.048--ServerSession(312021720)--Connection(1563792952)--Thread(Thread[Test worker,5,main])--Connection released to connection pool [default].
[EL Finer]: transaction: 2016-08-23 09:49:51.049--UnitOfWork(93878550)--Thread(Thread[Test worker,5,main])--end unit of work commit
[EL Finer]: transaction: 2016-08-23 09:49:51.049--UnitOfWork(93878550)--Thread(Thread[Test worker,5,main])--resume unit of work
[EL Finer]: transaction: 2016-08-23 09:49:51.049--UnitOfWork(93878550)--Thread(Thread[Test worker,5,main])--release unit of work
[EL Finer]: connection: 2016-08-23 09:49:51.049--ClientSession(1632818909)--Thread(Thread[Test worker,5,main])--client released
[EL Finer]: connection: 2016-08-23 09:49:51.071--ServerSession(312021720)--Thread(Thread[Test worker,5,main])--client acquired: 206008257
[EL Finer]: transaction: 2016-08-23 09:49:51.071--ClientSession(206008257)--Thread(Thread[Test worker,5,main])--acquire unit of work: 637136435
[EL Finest]: connection: 2016-08-23 09:49:51.071--ServerSession(312021720)--Connection(998599103)--Thread(Thread[Test worker,5,main])--Connection acquired from connection pool [default].
[EL Finer]: transaction: 2016-08-23 09:49:51.071--ClientSession(206008257)--Connection(998599103)--Thread(Thread[Test worker,5,main])--begin transaction
[EL Finest]: connection: 2016-08-23 09:49:51.071--ClientSession(206008257)--Thread(Thread[Test worker,5,main])--reconnecting to external connection pool
Tue Aug 23 09:49:51 UTC 2016|Unknown Alarm = ORGLM312100100 Alarm Split = ORG-LM-3-1-2-100-100
[EL Finest]: transaction: 2016-08-23 09:49:51.076--UnitOfWork(637136435)--Thread(Thread[Test worker,5,main])--persist() operation called on: r7XqIzZVL5222oNTkKXuehcpR46BKUCqDwMGjlTYypXGQhj3Id.
[EL Finest]: sequencing: 2016-08-23 09:49:51.076--UnitOfWork(637136435)--Thread(Thread[Test worker,5,main])--assign sequence to the object (F8BCCFD7-32DE-4617-B58F-906A430BE08F -> r7XqIzZVL5222oNTkKXuehcpR46BKUCqDwMGjlTYypXGQhj3Id)
[EL Finer]: transaction: 2016-08-23 09:49:51.076--UnitOfWork(637136435)--Thread(Thread[Test worker,5,main])--begin unit of work commit
[EL Finest]: query: 2016-08-23 09:49:51.077--UnitOfWork(637136435)--Thread(Thread[Test worker,5,main])--Execute query InsertObjectQuery(r7XqIzZVL5222oNTkKXuehcpR46BKUCqDwMGjlTYypXGQhj3Id)
[EL Fine]: sql: 2016-08-23 09:49:51.077--ClientSession(206008257)--Connection(1383881699)--Thread(Thread[Test worker,5,main])--INSERT INTO ast_State_M (stateId, countryId, stateCapital, stateCapitalLatitude, stateCapitalLongitude, stateCode, stateCodeChar2, stateCodeChar3, stateDescription, stateFlag, stateName, versionId, createdBy, createdDate, updatedBy, updatedDate, activeStatus, txnAccessCode) VALUES (?, ?, ?, ?, ?, ?, ?, ?, ?, ?, ?, ?, ?, ?, ?, ?, ?, ?)
	bind => [F8BCCFD7-32DE-4617-B58F-906A430BE08F, 07C21A0D-591A-4C2F-970A-AA52E5EC9F5B, 64RK6hZdZLXDHPlP5cVLc8O8hbYsq17uK02ZOgaZ2vQyVy5UBX, 9, 2, 2, epTmot9JjBbI6pl1Hbk772TvwABJ22Ha, JHmdtTNl18JV3BauJt1bxz2rF920TXy9, 5U8mFPFtn1wBqufeYXFC62KAgsoDMaFdyGc9gflwxii7ZMGpa2, eTFVpSFOgzIQJSE2myrqJV5C3d9JMEj8qzHNuIwm27L0v1SSR6, r7XqIzZVL5222oNTkKXuehcpR46BKUCqDwMGjlTYypXGQhj3Id, 1, AAAAA, 2016-08-23 09:49:51.049, AAAAA, 2016-08-23 09:49:51.049, 1, 51000]
[EL Finer]: transaction: 2016-08-23 09:49:51.078--ClientSession(206008257)--Connection(1383881699)--Thread(Thread[Test worker,5,main])--commit transaction
[EL Finest]: connection: 2016-08-23 09:49:51.124--ServerSession(312021720)--Connection(998599103)--Thread(Thread[Test worker,5,main])--Connection released to connection pool [default].
[EL Finer]: transaction: 2016-08-23 09:49:51.124--UnitOfWork(637136435)--Thread(Thread[Test worker,5,main])--end unit of work commit
[EL Finer]: transaction: 2016-08-23 09:49:51.124--UnitOfWork(637136435)--Thread(Thread[Test worker,5,main])--resume unit of work
[EL Finer]: transaction: 2016-08-23 09:49:51.124--UnitOfWork(637136435)--Thread(Thread[Test worker,5,main])--release unit of work
[EL Finer]: connection: 2016-08-23 09:49:51.124--ClientSession(206008257)--Thread(Thread[Test worker,5,main])--client released
[EL Finer]: connection: 2016-08-23 09:49:51.157--ServerSession(312021720)--Thread(Thread[Test worker,5,main])--client acquired: 28134358
[EL Finer]: transaction: 2016-08-23 09:49:51.157--ClientSession(28134358)--Thread(Thread[Test worker,5,main])--acquire unit of work: 407752566
[EL Finest]: connection: 2016-08-23 09:49:51.157--ServerSession(312021720)--Connection(477059185)--Thread(Thread[Test worker,5,main])--Connection acquired from connection pool [default].
[EL Finer]: transaction: 2016-08-23 09:49:51.158--ClientSession(28134358)--Connection(477059185)--Thread(Thread[Test worker,5,main])--begin transaction
[EL Finest]: connection: 2016-08-23 09:49:51.158--ClientSession(28134358)--Thread(Thread[Test worker,5,main])--reconnecting to external connection pool
Tue Aug 23 09:49:51 UTC 2016|Unknown Alarm = ORGLM312100100 Alarm Split = ORG-LM-3-1-2-100-100
[EL Finest]: transaction: 2016-08-23 09:49:51.163--UnitOfWork(407752566)--Thread(Thread[Test worker,5,main])--persist() operation called on: Dh48L20xui5YUEF8lhNaoNmypVTuezjGsGlSgbvidwmCFOkzmO,hyhFZX4x4HIqBEMixmn3Hat6LCKGYcCS,3.
[EL Finest]: sequencing: 2016-08-23 09:49:51.164--UnitOfWork(407752566)--Thread(Thread[Test worker,5,main])--assign sequence to the object (CC7181FF-6800-4ECF-99AA-1DB8B0EED982 -> Dh48L20xui5YUEF8lhNaoNmypVTuezjGsGlSgbvidwmCFOkzmO,hyhFZX4x4HIqBEMixmn3Hat6LCKGYcCS,3)
[EL Finer]: transaction: 2016-08-23 09:49:51.165--UnitOfWork(407752566)--Thread(Thread[Test worker,5,main])--begin unit of work commit
[EL Finest]: query: 2016-08-23 09:49:51.165--UnitOfWork(407752566)--Thread(Thread[Test worker,5,main])--Execute query InsertObjectQuery(Dh48L20xui5YUEF8lhNaoNmypVTuezjGsGlSgbvidwmCFOkzmO,hyhFZX4x4HIqBEMixmn3Hat6LCKGYcCS,3)
[EL Fine]: sql: 2016-08-23 09:49:51.165--ClientSession(28134358)--Connection(760598379)--Thread(Thread[Test worker,5,main])--INSERT INTO ast_City_M (cityId, cityCode, cityCodeChar2, cityDescription, cityFlag, cityLatitude, cityLongitude, cityName, countryId, stateId, versionId, createdBy, createdDate, updatedBy, updatedDate, activeStatus, txnAccessCode) VALUES (?, ?, ?, ?, ?, ?, ?, ?, ?, ?, ?, ?, ?, ?, ?, ?, ?)
	bind => [CC7181FF-6800-4ECF-99AA-1DB8B0EED982, 3, hyhFZX4x4HIqBEMixmn3Hat6LCKGYcCS, ky4ygAPqtrrayKKobW1RY8AgYGYiH2sVHx0kmK1l4KEwLse0Tf, SsLphB6zLHV8ftQM6sbrWOtSFR9sHFjeHdyFc2zoXwsPOzFOXl, 10, 7, Dh48L20xui5YUEF8lhNaoNmypVTuezjGsGlSgbvidwmCFOkzmO, 07C21A0D-591A-4C2F-970A-AA52E5EC9F5B, F8BCCFD7-32DE-4617-B58F-906A430BE08F, 1, AAAAA, 2016-08-23 09:49:50.99, AAAAA, 2016-08-23 09:49:50.99, 1, 51000]
[EL Finer]: transaction: 2016-08-23 09:49:51.167--ClientSession(28134358)--Connection(760598379)--Thread(Thread[Test worker,5,main])--commit transaction
[EL Finest]: connection: 2016-08-23 09:49:51.214--ServerSession(312021720)--Connection(477059185)--Thread(Thread[Test worker,5,main])--Connection released to connection pool [default].
[EL Finer]: transaction: 2016-08-23 09:49:51.215--UnitOfWork(407752566)--Thread(Thread[Test worker,5,main])--end unit of work commit
[EL Finer]: transaction: 2016-08-23 09:49:51.215--UnitOfWork(407752566)--Thread(Thread[Test worker,5,main])--resume unit of work
[EL Finer]: transaction: 2016-08-23 09:49:51.215--UnitOfWork(407752566)--Thread(Thread[Test worker,5,main])--release unit of work
[EL Finer]: connection: 2016-08-23 09:49:51.215--ClientSession(28134358)--Thread(Thread[Test worker,5,main])--client released
[EL Finer]: connection: 2016-08-23 09:49:51.242--ServerSession(312021720)--Thread(Thread[Test worker,5,main])--client acquired: 1106832764
[EL Finer]: transaction: 2016-08-23 09:49:51.242--ClientSession(1106832764)--Thread(Thread[Test worker,5,main])--acquire unit of work: 1034914234
[EL Finest]: connection: 2016-08-23 09:49:51.242--ServerSession(312021720)--Connection(1333473785)--Thread(Thread[Test worker,5,main])--Connection acquired from connection pool [default].
[EL Finer]: transaction: 2016-08-23 09:49:51.242--ClientSession(1106832764)--Connection(1333473785)--Thread(Thread[Test worker,5,main])--begin transaction
[EL Finest]: connection: 2016-08-23 09:49:51.243--ClientSession(1106832764)--Thread(Thread[Test worker,5,main])--reconnecting to external connection pool
Tue Aug 23 09:49:51 UTC 2016|Unknown Alarm = ORGLM312100100 Alarm Split = ORG-LM-3-1-2-100-100
[EL Finest]: transaction: 2016-08-23 09:49:51.246--UnitOfWork(1034914234)--Thread(Thread[Test worker,5,main])--persist() operation called on: GPx6mP9onzV9N2xAD2mCcz31mvux932TaNPftHAX4miqyOS2jk.
[EL Finest]: sequencing: 2016-08-23 09:49:51.246--UnitOfWork(1034914234)--Thread(Thread[Test worker,5,main])--assign sequence to the object (BF20EDF3-BEB1-4593-8FF6-4145CBD63094 -> GPx6mP9onzV9N2xAD2mCcz31mvux932TaNPftHAX4miqyOS2jk)
[EL Finer]: transaction: 2016-08-23 09:49:51.247--UnitOfWork(1034914234)--Thread(Thread[Test worker,5,main])--begin unit of work commit
[EL Finest]: query: 2016-08-23 09:49:51.247--UnitOfWork(1034914234)--Thread(Thread[Test worker,5,main])--Execute query InsertObjectQuery(GPx6mP9onzV9N2xAD2mCcz31mvux932TaNPftHAX4miqyOS2jk)
[EL Fine]: sql: 2016-08-23 09:49:51.248--ClientSession(1106832764)--Connection(1773319398)--Thread(Thread[Test worker,5,main])--INSERT INTO ast_AddressType_M (addressTypeId, addressType, addressTypeDesc, addressTypeIcon, versionId, createdBy, createdDate, updatedBy, updatedDate, activeStatus, txnAccessCode) VALUES (?, ?, ?, ?, ?, ?, ?, ?, ?, ?, ?)
	bind => [BF20EDF3-BEB1-4593-8FF6-4145CBD63094, GPx6mP9onzV9N2xAD2mCcz31mvux932TaNPftHAX4miqyOS2jk, JxrQdIpHHARMVj7m5K1hG1FgGmKb7HPlEU3qWTAptAgZDseL3p, 9MitPeQFz9qJkDHLzt88fnkWGCv9llTEvFUfYcPzifVXSG4V2G, 1, AAAAA, 2016-08-23 09:49:51.215, AAAAA, 2016-08-23 09:49:51.215, 1, 51000]
[EL Finer]: transaction: 2016-08-23 09:49:51.249--ClientSession(1106832764)--Connection(1773319398)--Thread(Thread[Test worker,5,main])--commit transaction
[EL Finest]: connection: 2016-08-23 09:49:51.29--ServerSession(312021720)--Connection(1333473785)--Thread(Thread[Test worker,5,main])--Connection released to connection pool [default].
[EL Finer]: transaction: 2016-08-23 09:49:51.29--UnitOfWork(1034914234)--Thread(Thread[Test worker,5,main])--end unit of work commit
[EL Finer]: transaction: 2016-08-23 09:49:51.29--UnitOfWork(1034914234)--Thread(Thread[Test worker,5,main])--resume unit of work
[EL Finer]: transaction: 2016-08-23 09:49:51.29--UnitOfWork(1034914234)--Thread(Thread[Test worker,5,main])--release unit of work
[EL Finer]: connection: 2016-08-23 09:49:51.29--ClientSession(1106832764)--Thread(Thread[Test worker,5,main])--client released
[EL Finer]: connection: 2016-08-23 09:49:51.41--ServerSession(312021720)--Thread(Thread[Test worker,5,main])--client acquired: 1819232675
[EL Finer]: transaction: 2016-08-23 09:49:51.411--ClientSession(1819232675)--Thread(Thread[Test worker,5,main])--acquire unit of work: 2118886386
[EL Finest]: connection: 2016-08-23 09:49:51.411--ServerSession(312021720)--Connection(402171301)--Thread(Thread[Test worker,5,main])--Connection acquired from connection pool [default].
[EL Finer]: transaction: 2016-08-23 09:49:51.411--ClientSession(1819232675)--Connection(402171301)--Thread(Thread[Test worker,5,main])--begin transaction
[EL Finest]: connection: 2016-08-23 09:49:51.411--ClientSession(1819232675)--Thread(Thread[Test worker,5,main])--reconnecting to external connection pool
[EL Finest]: transaction: 2016-08-23 09:49:51.416--UnitOfWork(2118886386)--Thread(Thread[Test worker,5,main])--persist() operation called on: JRjbLEdO9KS0dhdSPAeB1Otp9DdUIbbL6qJkYtUvRUswI1WCeK,R1qHObLnOz274pqXWRbcIiX0BHw8mzw4zLgjvdoU9zYrcil3Qw,MbJHJU0IiQpD7mcrrwTCDa159PTPqqvt1pHqRqpar2pt4skPjO,pkaVH6Ymr9xzDq0mgMHJ4rc4QsBCy1nSeyconYMDgvQsW3zQLX,yyPvBuRDYrUqkV2xzpMd.
[EL Finest]: sequencing: 2016-08-23 09:49:51.417--UnitOfWork(2118886386)--Thread(Thread[Test worker,5,main])--assign sequence to the object (0A079336-B827-46D9-BCD7-DC20CD4CAE63 -> JRjbLEdO9KS0dhdSPAeB1Otp9DdUIbbL6qJkYtUvRUswI1WCeK,R1qHObLnOz274pqXWRbcIiX0BHw8mzw4zLgjvdoU9zYrcil3Qw,MbJHJU0IiQpD7mcrrwTCDa159PTPqqvt1pHqRqpar2pt4skPjO,pkaVH6Ymr9xzDq0mgMHJ4rc4QsBCy1nSeyconYMDgvQsW3zQLX,yyPvBuRDYrUqkV2xzpMd)
[EL Finest]: transaction: 2016-08-23 09:49:51.417--UnitOfWork(2118886386)--Thread(Thread[Test worker,5,main])--persist() operation called on: Y7apbI.
[EL Finest]: sequencing: 2016-08-23 09:49:51.417--UnitOfWork(2118886386)--Thread(Thread[Test worker,5,main])--assign sequence to the object (DFE72ABF-09FF-4A84-BC8D-5EEEDFC6E599 -> Y7apbI)
[EL Finest]: transaction: 2016-08-23 09:49:51.417--UnitOfWork(2118886386)--Thread(Thread[Test worker,5,main])--persist() operation called on: YD4nEL1lqP.
[EL Finest]: sequencing: 2016-08-23 09:49:51.417--UnitOfWork(2118886386)--Thread(Thread[Test worker,5,main])--assign sequence to the object (852F2EA3-CCD0-47F8-9312-69EF0F078045 -> YD4nEL1lqP)
[EL Finer]: transaction: 2016-08-23 09:49:51.418--UnitOfWork(2118886386)--Thread(Thread[Test worker,5,main])--begin unit of work commit
[EL Finest]: query: 2016-08-23 09:49:51.418--UnitOfWork(2118886386)--Thread(Thread[Test worker,5,main])--Execute query DoesExistQuery(referenceClass=Timezone )
[EL Fine]: sql: 2016-08-23 09:49:51.418--ClientSession(1819232675)--Connection(188673003)--Thread(Thread[Test worker,5,main])--SELECT timeZoneId FROM ast_Timezone_M WHERE (timeZoneId = ?)
	bind => [5C8650F5-9E4F-4824-8034-75498A8BE472]
[EL Finest]: query: 2016-08-23 09:49:51.42--UnitOfWork(2118886386)--Thread(Thread[Test worker,5,main])--Execute query InsertObjectQuery(JRjbLEdO9KS0dhdSPAeB1Otp9DdUIbbL6qJkYtUvRUswI1WCeK,R1qHObLnOz274pqXWRbcIiX0BHw8mzw4zLgjvdoU9zYrcil3Qw,MbJHJU0IiQpD7mcrrwTCDa159PTPqqvt1pHqRqpar2pt4skPjO,pkaVH6Ymr9xzDq0mgMHJ4rc4QsBCy1nSeyconYMDgvQsW3zQLX,yyPvBuRDYrUqkV2xzpMd)
[EL Finest]: query: 2016-08-23 09:49:51.42--UnitOfWork(2118886386)--Thread(Thread[Test worker,5,main])--Execute query InsertObjectQuery(YD4nEL1lqP)
[EL Fine]: sql: 2016-08-23 09:49:51.42--ClientSession(1819232675)--Connection(188673003)--Thread(Thread[Test worker,5,main])--INSERT INTO ast_CoreContacts_T (contactId, age, approximateDOB, dateofbirth, emailId, firstName, genderId, lastName, middleName, nativeFirstName, nativeLanguageCode, nativeLastName, nativeMiddleName, nativeTitle, phoneNumber, titleId, versionId, createdBy, createdDate, updatedBy, updatedDate, activeStatus, txnAccessCode, timeZoneId) VALUES (?, ?, ?, ?, ?, ?, ?, ?, ?, ?, ?, ?, ?, ?, ?, ?, ?, ?, ?, ?, ?, ?, ?, ?)
	bind => [0A079336-B827-46D9-BCD7-DC20CD4CAE63, 9, 2016-08-23 07:04:24.995, 2016-08-23 07:04:24.853, pkaVH6Ymr9xzDq0mgMHJ4rc4QsBCy1nSeyconYMDgvQsW3zQLX, JRjbLEdO9KS0dhdSPAeB1Otp9DdUIbbL6qJkYtUvRUswI1WCeK, 91FF5D93-6E5A-4684-9275-98FC79685717, MbJHJU0IiQpD7mcrrwTCDa159PTPqqvt1pHqRqpar2pt4skPjO, R1qHObLnOz274pqXWRbcIiX0BHw8mzw4zLgjvdoU9zYrcil3Qw, f4NfGbLiTnM1pNQZkkmlzp1VZGHM6JaKJEO0I1llIU8pPyiglA, C44714AD-532A-44FD-8B67-E5800261CBAF, hD7MfwpcnLVEaIfT8tohBa2qRBkCXdq1jmZewRL1BWJaS39TVN, wDIBqV0ew9u2RakHKLAgHm2PPcLirKkLCHqSdv3afrCEe12zY1, HE3BXovsUIUU4e9BRfl9yySwAQgOyN0ehRoqO8GWMqut9uaBR6, yyPvBuRDYrUqkV2xzpMd, F6FBB456-9F59-4F6D-BD60-D531D64C23C1, 1, AAAAA, 2016-08-23 09:49:50.792, AAAAA, 2016-08-23 09:49:50.792, 1, 51000, 5C8650F5-9E4F-4824-8034-75498A8BE472]
[EL Finest]: query: 2016-08-23 09:49:51.422--UnitOfWork(2118886386)--Thread(Thread[Test worker,5,main])--Execute query InsertObjectQuery(Y7apbI)
[EL Fine]: sql: 2016-08-23 09:49:51.422--ClientSession(1819232675)--Connection(188673003)--Thread(Thread[Test worker,5,main])--INSERT INTO ast_CommunicationData_TP (commDataId, commData, commGroupId, commType, versionId, createdBy, createdDate, updatedBy, updatedDate, activeStatus, txnAccessCode) VALUES (?, ?, ?, ?, ?, ?, ?, ?, ?, ?, ?)
	bind => [852F2EA3-CCD0-47F8-9312-69EF0F078045, YD4nEL1lqP, 2CCC333B-1E27-421E-80B3-F69273E4177A, 89B1D467-5FFF-4C52-BE0E-A932BFCC5539, 1, AAAAA, 2016-08-23 09:49:50.867, AAAAA, 2016-08-23 09:49:50.867, 1, 51000]
[EL Finest]: query: 2016-08-23 09:49:51.424--ClientSession(1819232675)--Thread(Thread[Test worker,5,main])--Execute query DataModifyQuery(name="address" sql="INSERT INTO ast_AddressMap_B (addressId, contactId) VALUES (?, ?)")
[EL Fine]: sql: 2016-08-23 09:49:51.424--ClientSession(1819232675)--Connection(188673003)--Thread(Thread[Test worker,5,main])--INSERT INTO ast_Address_T (addressId, address1, address2, address3, addressLabel, addressTypeId, cityId, countryId, latitude, longitude, stateId, versionId, zipcode, createdBy, createdDate, updatedBy, updatedDate, activeStatus, txnAccessCode) VALUES (?, ?, ?, ?, ?, ?, ?, ?, ?, ?, ?, ?, ?, ?, ?, ?, ?, ?, ?)
	bind => [DFE72ABF-09FF-4A84-BC8D-5EEEDFC6E599, xWsXeE5R9ltsOl5j9QQJAclNQKqRwGJBEvCkxAFKpYPRoKjq8d, f3v0PIZGu9VXH05iMYbqeKyy5hikbZYF12Ur6Z35RUKyJBhoFX, Vcs3bZg1pCJzHIlmhcqXNL3PqPKQX5yXACiVhMdKAco08n3LuI, jRR2lt01ai5, BF20EDF3-BEB1-4593-8FF6-4145CBD63094, CC7181FF-6800-4ECF-99AA-1DB8B0EED982, 07C21A0D-591A-4C2F-970A-AA52E5EC9F5B, Xgj5BNmaj3qepZSvx2ML9dDpb8wSOQtbE7HYJrqRLmA99a0ce9, Zt7QR8OFIeSV4oN8UspZMgukYcqxO5qaBgjAfNOPvv4Tz4TB8N, F8BCCFD7-32DE-4617-B58F-906A430BE08F, 1, Y7apbI, AAAAA, 2016-08-23 09:49:50.99, AAAAA, 2016-08-23 09:49:50.99, 1, 51000]
[EL Finest]: query: 2016-08-23 09:49:51.425--ClientSession(1819232675)--Thread(Thread[Test worker,5,main])--Execute query DataModifyQuery(name="communicationData" sql="INSERT INTO ast_CommunicationMap_B (commDataId, contactId) VALUES (?, ?)")
[EL Fine]: sql: 2016-08-23 09:49:51.426--ClientSession(1819232675)--Connection(188673003)--Thread(Thread[Test worker,5,main])--INSERT INTO ast_AddressMap_B (addressId, contactId) VALUES (?, ?)
	bind => [DFE72ABF-09FF-4A84-BC8D-5EEEDFC6E599, 0A079336-B827-46D9-BCD7-DC20CD4CAE63]
[EL Fine]: sql: 2016-08-23 09:49:51.427--ClientSession(1819232675)--Connection(188673003)--Thread(Thread[Test worker,5,main])--INSERT INTO ast_CommunicationMap_B (commDataId, contactId) VALUES (?, ?)
	bind => [852F2EA3-CCD0-47F8-9312-69EF0F078045, 0A079336-B827-46D9-BCD7-DC20CD4CAE63]
[EL Finer]: transaction: 2016-08-23 09:49:51.427--ClientSession(1819232675)--Connection(188673003)--Thread(Thread[Test worker,5,main])--commit transaction
[EL Finest]: connection: 2016-08-23 09:49:51.456--ServerSession(312021720)--Connection(402171301)--Thread(Thread[Test worker,5,main])--Connection released to connection pool [default].
[EL Finer]: transaction: 2016-08-23 09:49:51.456--UnitOfWork(2118886386)--Thread(Thread[Test worker,5,main])--end unit of work commit
[EL Finer]: transaction: 2016-08-23 09:49:51.456--UnitOfWork(2118886386)--Thread(Thread[Test worker,5,main])--resume unit of work
[EL Finer]: transaction: 2016-08-23 09:49:51.456--UnitOfWork(2118886386)--Thread(Thread[Test worker,5,main])--release unit of work
[EL Finer]: connection: 2016-08-23 09:49:51.456--ClientSession(1819232675)--Thread(Thread[Test worker,5,main])--client released
[EL Finer]: connection: 2016-08-23 09:49:51.477--ServerSession(312021720)--Thread(Thread[Test worker,5,main])--client acquired: 1679198583
[EL Finer]: transaction: 2016-08-23 09:49:51.477--ClientSession(1679198583)--Thread(Thread[Test worker,5,main])--acquire unit of work: 60495607
[EL Finest]: connection: 2016-08-23 09:49:51.477--ServerSession(312021720)--Connection(989901818)--Thread(Thread[Test worker,5,main])--Connection acquired from connection pool [default].
[EL Finer]: transaction: 2016-08-23 09:49:51.477--ClientSession(1679198583)--Connection(989901818)--Thread(Thread[Test worker,5,main])--begin transaction
[EL Finest]: connection: 2016-08-23 09:49:51.477--ClientSession(1679198583)--Thread(Thread[Test worker,5,main])--reconnecting to external connection pool
[EL Finer]: transaction: 2016-08-23 09:49:51.479--UnitOfWork(60495607)--Thread(Thread[Test worker,5,main])--begin unit of work flush
[EL Finer]: transaction: 2016-08-23 09:49:51.479--UnitOfWork(60495607)--Thread(Thread[Test worker,5,main])--end unit of work flush
[EL Finest]: query: 2016-08-23 09:49:51.479--UnitOfWork(60495607)--Thread(Thread[Test worker,5,main])--Execute query ReadAllQuery(name="CoreContacts.findById" referenceClass=CoreContacts sql="SELECT contactId, age, approximateDOB, dateofbirth, emailId, firstName, genderId, lastName, middleName, nativeFirstName, nativeLanguageCode, nativeLastName, nativeMiddleName, nativeTitle, phoneNumber, titleId, versionId, createdBy, createdDate, updatedBy, updatedDate, activeStatus, txnAccessCode, timeZoneId FROM ast_CoreContacts_T WHERE ((activeStatus = ?) AND (contactId = ?))")
[EL Fine]: sql: 2016-08-23 09:49:51.479--ClientSession(1679198583)--Connection(19397453)--Thread(Thread[Test worker,5,main])--SELECT contactId, age, approximateDOB, dateofbirth, emailId, firstName, genderId, lastName, middleName, nativeFirstName, nativeLanguageCode, nativeLastName, nativeMiddleName, nativeTitle, phoneNumber, titleId, versionId, createdBy, createdDate, updatedBy, updatedDate, activeStatus, txnAccessCode, timeZoneId FROM ast_CoreContacts_T WHERE ((activeStatus = ?) AND (contactId = ?))
	bind => [1, 0A079336-B827-46D9-BCD7-DC20CD4CAE63]
[EL Finest]: query: 2016-08-23 09:49:51.481--UnitOfWork(60495607)--Thread(Thread[Test worker,5,main])--Execute query ReadObjectQuery(name="timezone" referenceClass=Timezone )
[EL Fine]: sql: 2016-08-23 09:49:51.481--ClientSession(1679198583)--Connection(19397453)--Thread(Thread[Test worker,5,main])--SELECT timeZoneId, cities, country, gmtLabel, timeZoneLabel, utcdifference, versionId, createdBy, createdDate, updatedBy, updatedDate, activeStatus, txnAccessCode FROM ast_Timezone_M WHERE (timeZoneId = ?)
	bind => [5C8650F5-9E4F-4824-8034-75498A8BE472]
[EL Finer]: transaction: 2016-08-23 09:49:51.482--UnitOfWork(60495607)--Thread(Thread[Test worker,5,main])--begin unit of work commit
[EL Finer]: transaction: 2016-08-23 09:49:51.483--ClientSession(1679198583)--Connection(19397453)--Thread(Thread[Test worker,5,main])--commit transaction
[EL Finest]: connection: 2016-08-23 09:49:51.483--ServerSession(312021720)--Connection(989901818)--Thread(Thread[Test worker,5,main])--Connection released to connection pool [default].
[EL Finer]: transaction: 2016-08-23 09:49:51.483--UnitOfWork(60495607)--Thread(Thread[Test worker,5,main])--end unit of work commit
[EL Finer]: transaction: 2016-08-23 09:49:51.483--UnitOfWork(60495607)--Thread(Thread[Test worker,5,main])--resume unit of work
[EL Finer]: transaction: 2016-08-23 09:49:51.483--UnitOfWork(60495607)--Thread(Thread[Test worker,5,main])--release unit of work
[EL Finer]: connection: 2016-08-23 09:49:51.483--ClientSession(1679198583)--Thread(Thread[Test worker,5,main])--client released
[EL Finest]: query: 2016-08-23 09:49:51.483--UnitOfWork(60495607)--Thread(Thread[Test worker,5,main])--Execute query ReadAllQuery(name="communicationData" referenceClass=CommunicationData sql="SELECT t1.commDataId, t1.commData, t1.commGroupId, t1.commType, t1.versionId, t1.createdBy, t1.createdDate, t1.updatedBy, t1.updatedDate, t1.activeStatus, t1.txnAccessCode FROM ast_CommunicationMap_B t0, ast_CommunicationData_TP t1 WHERE ((t0.contactId = ?) AND (t1.commDataId = t0.commDataId))")
[EL Finest]: connection: 2016-08-23 09:49:51.483--ServerSession(312021720)--Connection(1219136151)--Thread(Thread[Test worker,5,main])--Connection acquired from connection pool [read].
[EL Finest]: connection: 2016-08-23 09:49:51.484--ServerSession(312021720)--Thread(Thread[Test worker,5,main])--reconnecting to external connection pool
[EL Fine]: sql: 2016-08-23 09:49:51.484--ServerSession(312021720)--Connection(879813830)--Thread(Thread[Test worker,5,main])--SELECT t1.commDataId, t1.commData, t1.commGroupId, t1.commType, t1.versionId, t1.createdBy, t1.createdDate, t1.updatedBy, t1.updatedDate, t1.activeStatus, t1.txnAccessCode FROM ast_CommunicationMap_B t0, ast_CommunicationData_TP t1 WHERE ((t0.contactId = ?) AND (t1.commDataId = t0.commDataId))
	bind => [0A079336-B827-46D9-BCD7-DC20CD4CAE63]
[EL Finest]: connection: 2016-08-23 09:49:51.485--ServerSession(312021720)--Connection(1219136151)--Thread(Thread[Test worker,5,main])--Connection released to connection pool [read].
[EL Finest]: transaction: 2016-08-23 09:49:51.485--UnitOfWork(60495607)--Thread(Thread[Test worker,5,main])--Register the existing object YD4nEL1lqP
[EL Finest]: query: 2016-08-23 09:49:51.485--UnitOfWork(60495607)--Thread(Thread[Test worker,5,main])--Execute query ReadAllQuery(name="address" referenceClass=Address sql="SELECT t1.addressId, t1.address1, t1.address2, t1.address3, t1.addressLabel, t1.addressTypeId, t1.cityId, t1.countryId, t1.latitude, t1.longitude, t1.stateId, t1.versionId, t1.zipcode, t1.createdBy, t1.createdDate, t1.updatedBy, t1.updatedDate, t1.activeStatus, t1.txnAccessCode FROM ast_AddressMap_B t0, ast_Address_T t1 WHERE ((t0.contactId = ?) AND (t1.addressId = t0.addressId))")
[EL Finest]: connection: 2016-08-23 09:49:51.485--ServerSession(312021720)--Connection(1387531899)--Thread(Thread[Test worker,5,main])--Connection acquired from connection pool [read].
[EL Finest]: connection: 2016-08-23 09:49:51.485--ServerSession(312021720)--Thread(Thread[Test worker,5,main])--reconnecting to external connection pool
[EL Fine]: sql: 2016-08-23 09:49:51.486--ServerSession(312021720)--Connection(723703720)--Thread(Thread[Test worker,5,main])--SELECT t1.addressId, t1.address1, t1.address2, t1.address3, t1.addressLabel, t1.addressTypeId, t1.cityId, t1.countryId, t1.latitude, t1.longitude, t1.stateId, t1.versionId, t1.zipcode, t1.createdBy, t1.createdDate, t1.updatedBy, t1.updatedDate, t1.activeStatus, t1.txnAccessCode FROM ast_AddressMap_B t0, ast_Address_T t1 WHERE ((t0.contactId = ?) AND (t1.addressId = t0.addressId))
	bind => [0A079336-B827-46D9-BCD7-DC20CD4CAE63]
[EL Finest]: connection: 2016-08-23 09:49:51.487--ServerSession(312021720)--Connection(1387531899)--Thread(Thread[Test worker,5,main])--Connection released to connection pool [read].
[EL Finest]: transaction: 2016-08-23 09:49:51.488--UnitOfWork(60495607)--Thread(Thread[Test worker,5,main])--Register the existing object Y7apbI
[EL Finer]: connection: 2016-08-23 09:49:51.488--ServerSession(312021720)--Thread(Thread[Test worker,5,main])--client acquired: 1308483343
[EL Finer]: transaction: 2016-08-23 09:49:51.488--ClientSession(1308483343)--Thread(Thread[Test worker,5,main])--acquire unit of work: 1447000521
[EL Finest]: connection: 2016-08-23 09:49:51.488--ServerSession(312021720)--Connection(1632937819)--Thread(Thread[Test worker,5,main])--Connection acquired from connection pool [default].
[EL Finer]: transaction: 2016-08-23 09:49:51.488--ClientSession(1308483343)--Connection(1632937819)--Thread(Thread[Test worker,5,main])--begin transaction
[EL Finest]: connection: 2016-08-23 09:49:51.488--ClientSession(1308483343)--Thread(Thread[Test worker,5,main])--reconnecting to external connection pool
[EL Finest]: transaction: 2016-08-23 09:49:51.493--UnitOfWork(1447000521)--Thread(Thread[Test worker,5,main])--Merge clone with references U0ZOIGQRMXvtnJBf8kUbqosdBmOvUtsD9kvoAAQkhPE0Quo62r,9A1r8b0cD3ceQ0R421usSoQ22zJyXNB1Ifadg9sSHbEm5RJA27,uwUFwRUbEGVH0LaQwMrFoxlqbpc2CvGmudhoGIMiK1tUzPqTU7,Xz8axk7E7ek32COZKzVXgHKQF9O9ZiJ8FwOAzOdLeU9fTbS1WR,LD3lDLgWcpH69OsFZBa8
[EL Finest]: query: 2016-08-23 09:49:51.494--UnitOfWork(1447000521)--Thread(Thread[Test worker,5,main])--Execute query ReadObjectQuery(referenceClass=CoreContacts )
[EL Fine]: sql: 2016-08-23 09:49:51.494--ClientSession(1308483343)--Connection(863045678)--Thread(Thread[Test worker,5,main])--SELECT contactId, age, approximateDOB, dateofbirth, emailId, firstName, genderId, lastName, middleName, nativeFirstName, nativeLanguageCode, nativeLastName, nativeMiddleName, nativeTitle, phoneNumber, titleId, versionId, createdBy, createdDate, updatedBy, updatedDate, activeStatus, txnAccessCode, timeZoneId FROM ast_CoreContacts_T WHERE (contactId = ?)
	bind => [0A079336-B827-46D9-BCD7-DC20CD4CAE63]
[EL Finest]: query: 2016-08-23 09:49:51.496--UnitOfWork(1447000521)--Thread(Thread[Test worker,5,main])--Execute query ReadObjectQuery(name="timezone" referenceClass=Timezone )
[EL Fine]: sql: 2016-08-23 09:49:51.496--ClientSession(1308483343)--Connection(863045678)--Thread(Thread[Test worker,5,main])--SELECT timeZoneId, cities, country, gmtLabel, timeZoneLabel, utcdifference, versionId, createdBy, createdDate, updatedBy, updatedDate, activeStatus, txnAccessCode FROM ast_Timezone_M WHERE (timeZoneId = ?)
	bind => [5C8650F5-9E4F-4824-8034-75498A8BE472]
[EL Finest]: query: 2016-08-23 09:49:51.497--UnitOfWork(1447000521)--Thread(Thread[Test worker,5,main])--Execute query ReadAllQuery(name="address" referenceClass=Address sql="SELECT t1.addressId, t1.address1, t1.address2, t1.address3, t1.addressLabel, t1.addressTypeId, t1.cityId, t1.countryId, t1.latitude, t1.longitude, t1.stateId, t1.versionId, t1.zipcode, t1.createdBy, t1.createdDate, t1.updatedBy, t1.updatedDate, t1.activeStatus, t1.txnAccessCode FROM ast_AddressMap_B t0, ast_Address_T t1 WHERE ((t0.contactId = ?) AND (t1.addressId = t0.addressId))")
[EL Fine]: sql: 2016-08-23 09:49:51.497--ClientSession(1308483343)--Connection(863045678)--Thread(Thread[Test worker,5,main])--SELECT t1.addressId, t1.address1, t1.address2, t1.address3, t1.addressLabel, t1.addressTypeId, t1.cityId, t1.countryId, t1.latitude, t1.longitude, t1.stateId, t1.versionId, t1.zipcode, t1.createdBy, t1.createdDate, t1.updatedBy, t1.updatedDate, t1.activeStatus, t1.txnAccessCode FROM ast_AddressMap_B t0, ast_Address_T t1 WHERE ((t0.contactId = ?) AND (t1.addressId = t0.addressId))
	bind => [0A079336-B827-46D9-BCD7-DC20CD4CAE63]
[EL Finest]: query: 2016-08-23 09:49:51.499--UnitOfWork(1447000521)--Thread(Thread[Test worker,5,main])--Execute query ReadAllQuery(name="communicationData" referenceClass=CommunicationData sql="SELECT t1.commDataId, t1.commData, t1.commGroupId, t1.commType, t1.versionId, t1.createdBy, t1.createdDate, t1.updatedBy, t1.updatedDate, t1.activeStatus, t1.txnAccessCode FROM ast_CommunicationMap_B t0, ast_CommunicationData_TP t1 WHERE ((t0.contactId = ?) AND (t1.commDataId = t0.commDataId))")
[EL Fine]: sql: 2016-08-23 09:49:51.499--ClientSession(1308483343)--Connection(863045678)--Thread(Thread[Test worker,5,main])--SELECT t1.commDataId, t1.commData, t1.commGroupId, t1.commType, t1.versionId, t1.createdBy, t1.createdDate, t1.updatedBy, t1.updatedDate, t1.activeStatus, t1.txnAccessCode FROM ast_CommunicationMap_B t0, ast_CommunicationData_TP t1 WHERE ((t0.contactId = ?) AND (t1.commDataId = t0.commDataId))
	bind => [0A079336-B827-46D9-BCD7-DC20CD4CAE63]
[EL Finer]: transaction: 2016-08-23 09:49:51.5--UnitOfWork(1447000521)--Thread(Thread[Test worker,5,main])--begin unit of work commit
[EL Finest]: query: 2016-08-23 09:49:51.501--UnitOfWork(1447000521)--Thread(Thread[Test worker,5,main])--Execute query UpdateObjectQuery(U0ZOIGQRMXvtnJBf8kUbqosdBmOvUtsD9kvoAAQkhPE0Quo62r,9A1r8b0cD3ceQ0R421usSoQ22zJyXNB1Ifadg9sSHbEm5RJA27,uwUFwRUbEGVH0LaQwMrFoxlqbpc2CvGmudhoGIMiK1tUzPqTU7,Xz8axk7E7ek32COZKzVXgHKQF9O9ZiJ8FwOAzOdLeU9fTbS1WR,LD3lDLgWcpH69OsFZBa8)
[EL Fine]: sql: 2016-08-23 09:49:51.503--ClientSession(1308483343)--Connection(863045678)--Thread(Thread[Test worker,5,main])--UPDATE ast_CoreContacts_T SET age = ?, approximateDOB = ?, dateofbirth = ?, emailId = ?, firstName = ?, lastName = ?, middleName = ?, nativeFirstName = ?, nativeLastName = ?, nativeMiddleName = ?, nativeTitle = ?, phoneNumber = ?, versionId = ? WHERE ((contactId = ?) AND (versionId = ?))
	bind => [118, 2016-08-23 07:04:25.479, 2016-08-23 07:04:25.329, Xz8axk7E7ek32COZKzVXgHKQF9O9ZiJ8FwOAzOdLeU9fTbS1WR, U0ZOIGQRMXvtnJBf8kUbqosdBmOvUtsD9kvoAAQkhPE0Quo62r, uwUFwRUbEGVH0LaQwMrFoxlqbpc2CvGmudhoGIMiK1tUzPqTU7, 9A1r8b0cD3ceQ0R421usSoQ22zJyXNB1Ifadg9sSHbEm5RJA27, vU1eoWk5MsL182tZN6AcSZxOHam5AWG1942Q4EYQyNdocrRE5a, y1jwQZW2duiZUvTlJUAVSCNO8mN8byNsnEQvK0PTALihE3ul9t, T1YGzNnA9YUaSV8DIquOH5g47H9IQ17Oza8WCFEjqtKSXydwnh, SR5lWs7jzgHVk99w07qVNtFIPQw8mSfGH5VF5zdVS3wBKo4MCi, LD3lDLgWcpH69OsFZBa8, 2, 0A079336-B827-46D9-BCD7-DC20CD4CAE63, 1]
[EL Finer]: transaction: 2016-08-23 09:49:51.504--ClientSession(1308483343)--Connection(863045678)--Thread(Thread[Test worker,5,main])--commit transaction
[EL Finest]: connection: 2016-08-23 09:49:51.581--ServerSession(312021720)--Connection(1632937819)--Thread(Thread[Test worker,5,main])--Connection released to connection pool [default].
[EL Finer]: transaction: 2016-08-23 09:49:51.581--UnitOfWork(1447000521)--Thread(Thread[Test worker,5,main])--end unit of work commit
[EL Finer]: transaction: 2016-08-23 09:49:51.582--UnitOfWork(1447000521)--Thread(Thread[Test worker,5,main])--resume unit of work
[EL Finer]: transaction: 2016-08-23 09:49:51.582--UnitOfWork(1447000521)--Thread(Thread[Test worker,5,main])--release unit of work
[EL Finer]: connection: 2016-08-23 09:49:51.582--ClientSession(1308483343)--Thread(Thread[Test worker,5,main])--client released
[EL Finer]: connection: 2016-08-23 09:49:51.601--ServerSession(312021720)--Thread(Thread[Test worker,5,main])--client acquired: 1130170406
[EL Finer]: transaction: 2016-08-23 09:49:51.601--ClientSession(1130170406)--Thread(Thread[Test worker,5,main])--acquire unit of work: 281155927
[EL Finest]: connection: 2016-08-23 09:49:51.601--ServerSession(312021720)--Connection(923641689)--Thread(Thread[Test worker,5,main])--Connection acquired from connection pool [default].
[EL Finer]: transaction: 2016-08-23 09:49:51.602--ClientSession(1130170406)--Connection(923641689)--Thread(Thread[Test worker,5,main])--begin transaction
[EL Finest]: connection: 2016-08-23 09:49:51.602--ClientSession(1130170406)--Thread(Thread[Test worker,5,main])--reconnecting to external connection pool
[EL Finer]: transaction: 2016-08-23 09:49:51.603--UnitOfWork(281155927)--Thread(Thread[Test worker,5,main])--begin unit of work flush
[EL Finer]: transaction: 2016-08-23 09:49:51.603--UnitOfWork(281155927)--Thread(Thread[Test worker,5,main])--end unit of work flush
[EL Finest]: query: 2016-08-23 09:49:51.603--UnitOfWork(281155927)--Thread(Thread[Test worker,5,main])--Execute query ReadAllQuery(name="CoreContacts.findById" referenceClass=CoreContacts sql="SELECT contactId, age, approximateDOB, dateofbirth, emailId, firstName, genderId, lastName, middleName, nativeFirstName, nativeLanguageCode, nativeLastName, nativeMiddleName, nativeTitle, phoneNumber, titleId, versionId, createdBy, createdDate, updatedBy, updatedDate, activeStatus, txnAccessCode, timeZoneId FROM ast_CoreContacts_T WHERE ((activeStatus = ?) AND (contactId = ?))")
[EL Fine]: sql: 2016-08-23 09:49:51.603--ClientSession(1130170406)--Connection(1734905313)--Thread(Thread[Test worker,5,main])--SELECT contactId, age, approximateDOB, dateofbirth, emailId, firstName, genderId, lastName, middleName, nativeFirstName, nativeLanguageCode, nativeLastName, nativeMiddleName, nativeTitle, phoneNumber, titleId, versionId, createdBy, createdDate, updatedBy, updatedDate, activeStatus, txnAccessCode, timeZoneId FROM ast_CoreContacts_T WHERE ((activeStatus = ?) AND (contactId = ?))
	bind => [1, 0A079336-B827-46D9-BCD7-DC20CD4CAE63]
[EL Finest]: query: 2016-08-23 09:49:51.604--UnitOfWork(281155927)--Thread(Thread[Test worker,5,main])--Execute query ReadObjectQuery(name="timezone" referenceClass=Timezone )
[EL Fine]: sql: 2016-08-23 09:49:51.604--ClientSession(1130170406)--Connection(1734905313)--Thread(Thread[Test worker,5,main])--SELECT timeZoneId, cities, country, gmtLabel, timeZoneLabel, utcdifference, versionId, createdBy, createdDate, updatedBy, updatedDate, activeStatus, txnAccessCode FROM ast_Timezone_M WHERE (timeZoneId = ?)
	bind => [5C8650F5-9E4F-4824-8034-75498A8BE472]
[EL Finer]: transaction: 2016-08-23 09:49:51.606--UnitOfWork(281155927)--Thread(Thread[Test worker,5,main])--begin unit of work commit
[EL Finer]: transaction: 2016-08-23 09:49:51.606--ClientSession(1130170406)--Connection(1734905313)--Thread(Thread[Test worker,5,main])--commit transaction
[EL Finest]: connection: 2016-08-23 09:49:51.606--ServerSession(312021720)--Connection(923641689)--Thread(Thread[Test worker,5,main])--Connection released to connection pool [default].
[EL Finer]: transaction: 2016-08-23 09:49:51.606--UnitOfWork(281155927)--Thread(Thread[Test worker,5,main])--end unit of work commit
[EL Finer]: transaction: 2016-08-23 09:49:51.606--UnitOfWork(281155927)--Thread(Thread[Test worker,5,main])--resume unit of work
[EL Finer]: transaction: 2016-08-23 09:49:51.607--UnitOfWork(281155927)--Thread(Thread[Test worker,5,main])--release unit of work
[EL Finer]: connection: 2016-08-23 09:49:51.607--ClientSession(1130170406)--Thread(Thread[Test worker,5,main])--client released
[EL Finer]: connection: 2016-08-23 09:49:51.626--ServerSession(312021720)--Thread(Thread[Test worker,5,main])--client acquired: 1068685228
[EL Finer]: transaction: 2016-08-23 09:49:51.626--ClientSession(1068685228)--Thread(Thread[Test worker,5,main])--acquire unit of work: 1986887135
[EL Finest]: connection: 2016-08-23 09:49:51.626--ServerSession(312021720)--Connection(241367095)--Thread(Thread[Test worker,5,main])--Connection acquired from connection pool [default].
[EL Finer]: transaction: 2016-08-23 09:49:51.626--ClientSession(1068685228)--Connection(241367095)--Thread(Thread[Test worker,5,main])--begin transaction
[EL Finest]: connection: 2016-08-23 09:49:51.626--ClientSession(1068685228)--Thread(Thread[Test worker,5,main])--reconnecting to external connection pool
[EL Finer]: transaction: 2016-08-23 09:49:51.627--UnitOfWork(1986887135)--Thread(Thread[Test worker,5,main])--begin unit of work flush
[EL Finer]: transaction: 2016-08-23 09:49:51.628--UnitOfWork(1986887135)--Thread(Thread[Test worker,5,main])--end unit of work flush
[EL Finest]: query: 2016-08-23 09:49:51.628--UnitOfWork(1986887135)--Thread(Thread[Test worker,5,main])--Execute query ReadAllQuery(name="CoreContacts.findByGenderId" referenceClass=CoreContacts sql="SELECT contactId, age, approximateDOB, dateofbirth, emailId, firstName, genderId, lastName, middleName, nativeFirstName, nativeLanguageCode, nativeLastName, nativeMiddleName, nativeTitle, phoneNumber, titleId, versionId, createdBy, createdDate, updatedBy, updatedDate, activeStatus, txnAccessCode, timeZoneId FROM ast_CoreContacts_T WHERE ((activeStatus = ?) AND (genderId = ?))")
[EL Fine]: sql: 2016-08-23 09:49:51.628--ClientSession(1068685228)--Connection(1764117735)--Thread(Thread[Test worker,5,main])--SELECT contactId, age, approximateDOB, dateofbirth, emailId, firstName, genderId, lastName, middleName, nativeFirstName, nativeLanguageCode, nativeLastName, nativeMiddleName, nativeTitle, phoneNumber, titleId, versionId, createdBy, createdDate, updatedBy, updatedDate, activeStatus, txnAccessCode, timeZoneId FROM ast_CoreContacts_T WHERE ((activeStatus = ?) AND (genderId = ?))
	bind => [1, 91FF5D93-6E5A-4684-9275-98FC79685717]
[EL Finest]: query: 2016-08-23 09:49:51.629--UnitOfWork(1986887135)--Thread(Thread[Test worker,5,main])--Execute query ReadObjectQuery(name="timezone" referenceClass=Timezone )
[EL Fine]: sql: 2016-08-23 09:49:51.63--ClientSession(1068685228)--Connection(1764117735)--Thread(Thread[Test worker,5,main])--SELECT timeZoneId, cities, country, gmtLabel, timeZoneLabel, utcdifference, versionId, createdBy, createdDate, updatedBy, updatedDate, activeStatus, txnAccessCode FROM ast_Timezone_M WHERE (timeZoneId = ?)
	bind => [5C8650F5-9E4F-4824-8034-75498A8BE472]
[EL Finer]: transaction: 2016-08-23 09:49:51.631--UnitOfWork(1986887135)--Thread(Thread[Test worker,5,main])--begin unit of work commit
[EL Finer]: transaction: 2016-08-23 09:49:51.631--ClientSession(1068685228)--Connection(1764117735)--Thread(Thread[Test worker,5,main])--commit transaction
[EL Finest]: connection: 2016-08-23 09:49:51.632--ServerSession(312021720)--Connection(241367095)--Thread(Thread[Test worker,5,main])--Connection released to connection pool [default].
[EL Finer]: transaction: 2016-08-23 09:49:51.632--UnitOfWork(1986887135)--Thread(Thread[Test worker,5,main])--end unit of work commit
[EL Finer]: transaction: 2016-08-23 09:49:51.632--UnitOfWork(1986887135)--Thread(Thread[Test worker,5,main])--resume unit of work
[EL Finer]: transaction: 2016-08-23 09:49:51.632--UnitOfWork(1986887135)--Thread(Thread[Test worker,5,main])--release unit of work
[EL Finer]: connection: 2016-08-23 09:49:51.632--ClientSession(1068685228)--Thread(Thread[Test worker,5,main])--client released
[EL Finer]: connection: 2016-08-23 09:49:51.65--ServerSession(312021720)--Thread(Thread[Test worker,5,main])--client acquired: 1694804328
[EL Finer]: transaction: 2016-08-23 09:49:51.65--ClientSession(1694804328)--Thread(Thread[Test worker,5,main])--acquire unit of work: 353246888
[EL Finest]: connection: 2016-08-23 09:49:51.651--ServerSession(312021720)--Connection(1375646308)--Thread(Thread[Test worker,5,main])--Connection acquired from connection pool [default].
[EL Finer]: transaction: 2016-08-23 09:49:51.651--ClientSession(1694804328)--Connection(1375646308)--Thread(Thread[Test worker,5,main])--begin transaction
[EL Finest]: connection: 2016-08-23 09:49:51.651--ClientSession(1694804328)--Thread(Thread[Test worker,5,main])--reconnecting to external connection pool
[EL Finer]: transaction: 2016-08-23 09:49:51.652--UnitOfWork(353246888)--Thread(Thread[Test worker,5,main])--begin unit of work flush
[EL Finer]: transaction: 2016-08-23 09:49:51.652--UnitOfWork(353246888)--Thread(Thread[Test worker,5,main])--end unit of work flush
[EL Finest]: query: 2016-08-23 09:49:51.652--UnitOfWork(353246888)--Thread(Thread[Test worker,5,main])--Execute query ReadAllQuery(name="CoreContacts.findByNativeLanguageCode" referenceClass=CoreContacts sql="SELECT contactId, age, approximateDOB, dateofbirth, emailId, firstName, genderId, lastName, middleName, nativeFirstName, nativeLanguageCode, nativeLastName, nativeMiddleName, nativeTitle, phoneNumber, titleId, versionId, createdBy, createdDate, updatedBy, updatedDate, activeStatus, txnAccessCode, timeZoneId FROM ast_CoreContacts_T WHERE ((activeStatus = ?) AND (nativeLanguageCode = ?))")
[EL Fine]: sql: 2016-08-23 09:49:51.652--ClientSession(1694804328)--Connection(1181193362)--Thread(Thread[Test worker,5,main])--SELECT contactId, age, approximateDOB, dateofbirth, emailId, firstName, genderId, lastName, middleName, nativeFirstName, nativeLanguageCode, nativeLastName, nativeMiddleName, nativeTitle, phoneNumber, titleId, versionId, createdBy, createdDate, updatedBy, updatedDate, activeStatus, txnAccessCode, timeZoneId FROM ast_CoreContacts_T WHERE ((activeStatus = ?) AND (nativeLanguageCode = ?))
	bind => [1, C44714AD-532A-44FD-8B67-E5800261CBAF]
[EL Finest]: query: 2016-08-23 09:49:51.653--UnitOfWork(353246888)--Thread(Thread[Test worker,5,main])--Execute query ReadObjectQuery(name="timezone" referenceClass=Timezone )
[EL Fine]: sql: 2016-08-23 09:49:51.654--ClientSession(1694804328)--Connection(1181193362)--Thread(Thread[Test worker,5,main])--SELECT timeZoneId, cities, country, gmtLabel, timeZoneLabel, utcdifference, versionId, createdBy, createdDate, updatedBy, updatedDate, activeStatus, txnAccessCode FROM ast_Timezone_M WHERE (timeZoneId = ?)
	bind => [5C8650F5-9E4F-4824-8034-75498A8BE472]
[EL Finer]: transaction: 2016-08-23 09:49:51.655--UnitOfWork(353246888)--Thread(Thread[Test worker,5,main])--begin unit of work commit
[EL Finer]: transaction: 2016-08-23 09:49:51.655--ClientSession(1694804328)--Connection(1181193362)--Thread(Thread[Test worker,5,main])--commit transaction
[EL Finest]: connection: 2016-08-23 09:49:51.655--ServerSession(312021720)--Connection(1375646308)--Thread(Thread[Test worker,5,main])--Connection released to connection pool [default].
[EL Finer]: transaction: 2016-08-23 09:49:51.656--UnitOfWork(353246888)--Thread(Thread[Test worker,5,main])--end unit of work commit
[EL Finer]: transaction: 2016-08-23 09:49:51.656--UnitOfWork(353246888)--Thread(Thread[Test worker,5,main])--resume unit of work
[EL Finer]: transaction: 2016-08-23 09:49:51.656--UnitOfWork(353246888)--Thread(Thread[Test worker,5,main])--release unit of work
[EL Finer]: connection: 2016-08-23 09:49:51.656--ClientSession(1694804328)--Thread(Thread[Test worker,5,main])--client released
[EL Finer]: connection: 2016-08-23 09:49:51.674--ServerSession(312021720)--Thread(Thread[Test worker,5,main])--client acquired: 92241435
[EL Finer]: transaction: 2016-08-23 09:49:51.674--ClientSession(92241435)--Thread(Thread[Test worker,5,main])--acquire unit of work: 1966088558
[EL Finest]: connection: 2016-08-23 09:49:51.675--ServerSession(312021720)--Connection(719517917)--Thread(Thread[Test worker,5,main])--Connection acquired from connection pool [default].
[EL Finer]: transaction: 2016-08-23 09:49:51.675--ClientSession(92241435)--Connection(719517917)--Thread(Thread[Test worker,5,main])--begin transaction
[EL Finest]: connection: 2016-08-23 09:49:51.675--ClientSession(92241435)--Thread(Thread[Test worker,5,main])--reconnecting to external connection pool
[EL Finer]: transaction: 2016-08-23 09:49:51.676--UnitOfWork(1966088558)--Thread(Thread[Test worker,5,main])--begin unit of work flush
[EL Finer]: transaction: 2016-08-23 09:49:51.676--UnitOfWork(1966088558)--Thread(Thread[Test worker,5,main])--end unit of work flush
[EL Finest]: query: 2016-08-23 09:49:51.676--UnitOfWork(1966088558)--Thread(Thread[Test worker,5,main])--Execute query ReadAllQuery(name="CoreContacts.findByTitleId" referenceClass=CoreContacts sql="SELECT contactId, age, approximateDOB, dateofbirth, emailId, firstName, genderId, lastName, middleName, nativeFirstName, nativeLanguageCode, nativeLastName, nativeMiddleName, nativeTitle, phoneNumber, titleId, versionId, createdBy, createdDate, updatedBy, updatedDate, activeStatus, txnAccessCode, timeZoneId FROM ast_CoreContacts_T WHERE ((activeStatus = ?) AND (titleId = ?))")
[EL Fine]: sql: 2016-08-23 09:49:51.676--ClientSession(92241435)--Connection(184751563)--Thread(Thread[Test worker,5,main])--SELECT contactId, age, approximateDOB, dateofbirth, emailId, firstName, genderId, lastName, middleName, nativeFirstName, nativeLanguageCode, nativeLastName, nativeMiddleName, nativeTitle, phoneNumber, titleId, versionId, createdBy, createdDate, updatedBy, updatedDate, activeStatus, txnAccessCode, timeZoneId FROM ast_CoreContacts_T WHERE ((activeStatus = ?) AND (titleId = ?))
	bind => [1, F6FBB456-9F59-4F6D-BD60-D531D64C23C1]
[EL Finest]: query: 2016-08-23 09:49:51.678--UnitOfWork(1966088558)--Thread(Thread[Test worker,5,main])--Execute query ReadObjectQuery(name="timezone" referenceClass=Timezone )
[EL Fine]: sql: 2016-08-23 09:49:51.678--ClientSession(92241435)--Connection(184751563)--Thread(Thread[Test worker,5,main])--SELECT timeZoneId, cities, country, gmtLabel, timeZoneLabel, utcdifference, versionId, createdBy, createdDate, updatedBy, updatedDate, activeStatus, txnAccessCode FROM ast_Timezone_M WHERE (timeZoneId = ?)
	bind => [5C8650F5-9E4F-4824-8034-75498A8BE472]
[EL Finer]: transaction: 2016-08-23 09:49:51.679--UnitOfWork(1966088558)--Thread(Thread[Test worker,5,main])--begin unit of work commit
[EL Finer]: transaction: 2016-08-23 09:49:51.679--ClientSession(92241435)--Connection(184751563)--Thread(Thread[Test worker,5,main])--commit transaction
[EL Finest]: connection: 2016-08-23 09:49:51.68--ServerSession(312021720)--Connection(719517917)--Thread(Thread[Test worker,5,main])--Connection released to connection pool [default].
[EL Finer]: transaction: 2016-08-23 09:49:51.68--UnitOfWork(1966088558)--Thread(Thread[Test worker,5,main])--end unit of work commit
[EL Finer]: transaction: 2016-08-23 09:49:51.68--UnitOfWork(1966088558)--Thread(Thread[Test worker,5,main])--resume unit of work
[EL Finer]: transaction: 2016-08-23 09:49:51.68--UnitOfWork(1966088558)--Thread(Thread[Test worker,5,main])--release unit of work
[EL Finer]: connection: 2016-08-23 09:49:51.68--ClientSession(92241435)--Thread(Thread[Test worker,5,main])--client released
[EL Finer]: connection: 2016-08-23 09:49:51.76--ServerSession(312021720)--Thread(Thread[Test worker,5,main])--client acquired: 1676331417
[EL Finer]: transaction: 2016-08-23 09:49:51.76--ClientSession(1676331417)--Thread(Thread[Test worker,5,main])--acquire unit of work: 1264160526
[EL Finest]: connection: 2016-08-23 09:49:51.76--ServerSession(312021720)--Connection(1690240711)--Thread(Thread[Test worker,5,main])--Connection acquired from connection pool [default].
[EL Finer]: transaction: 2016-08-23 09:49:51.76--ClientSession(1676331417)--Connection(1690240711)--Thread(Thread[Test worker,5,main])--begin transaction
[EL Finest]: connection: 2016-08-23 09:49:51.76--ClientSession(1676331417)--Thread(Thread[Test worker,5,main])--reconnecting to external connection pool
[EL Finest]: query: 2016-08-23 09:49:51.761--UnitOfWork(1264160526)--Thread(Thread[Test worker,5,main])--Execute query ReadObjectQuery(name="readCoreContacts" referenceClass=CoreContacts sql="SELECT contactId, age, approximateDOB, dateofbirth, emailId, firstName, genderId, lastName, middleName, nativeFirstName, nativeLanguageCode, nativeLastName, nativeMiddleName, nativeTitle, phoneNumber, titleId, versionId, createdBy, createdDate, updatedBy, updatedDate, activeStatus, txnAccessCode, timeZoneId FROM ast_CoreContacts_T WHERE (contactId = ?)")
[EL Fine]: sql: 2016-08-23 09:49:51.762--ClientSession(1676331417)--Connection(1190721011)--Thread(Thread[Test worker,5,main])--SELECT contactId, age, approximateDOB, dateofbirth, emailId, firstName, genderId, lastName, middleName, nativeFirstName, nativeLanguageCode, nativeLastName, nativeMiddleName, nativeTitle, phoneNumber, titleId, versionId, createdBy, createdDate, updatedBy, updatedDate, activeStatus, txnAccessCode, timeZoneId FROM ast_CoreContacts_T WHERE (contactId = ?)
	bind => [0A079336-B827-46D9-BCD7-DC20CD4CAE63]
[EL Finest]: query: 2016-08-23 09:49:51.763--UnitOfWork(1264160526)--Thread(Thread[Test worker,5,main])--Execute query ReadObjectQuery(name="timezone" referenceClass=Timezone )
[EL Fine]: sql: 2016-08-23 09:49:51.763--ClientSession(1676331417)--Connection(1190721011)--Thread(Thread[Test worker,5,main])--SELECT timeZoneId, cities, country, gmtLabel, timeZoneLabel, utcdifference, versionId, createdBy, createdDate, updatedBy, updatedDate, activeStatus, txnAccessCode FROM ast_Timezone_M WHERE (timeZoneId = ?)
	bind => [5C8650F5-9E4F-4824-8034-75498A8BE472]
[EL Finest]: transaction: 2016-08-23 09:49:51.764--UnitOfWork(1264160526)--Thread(Thread[Test worker,5,main])--remove() operation called on: U0ZOIGQRMXvtnJBf8kUbqosdBmOvUtsD9kvoAAQkhPE0Quo62r,9A1r8b0cD3ceQ0R421usSoQ22zJyXNB1Ifadg9sSHbEm5RJA27,uwUFwRUbEGVH0LaQwMrFoxlqbpc2CvGmudhoGIMiK1tUzPqTU7,Xz8axk7E7ek32COZKzVXgHKQF9O9ZiJ8FwOAzOdLeU9fTbS1WR,LD3lDLgWcpH69OsFZBa8
[EL Finest]: query: 2016-08-23 09:49:51.764--UnitOfWork(1264160526)--Thread(Thread[Test worker,5,main])--Execute query ReadAllQuery(name="address" referenceClass=Address sql="SELECT t1.addressId, t1.address1, t1.address2, t1.address3, t1.addressLabel, t1.addressTypeId, t1.cityId, t1.countryId, t1.latitude, t1.longitude, t1.stateId, t1.versionId, t1.zipcode, t1.createdBy, t1.createdDate, t1.updatedBy, t1.updatedDate, t1.activeStatus, t1.txnAccessCode FROM ast_AddressMap_B t0, ast_Address_T t1 WHERE ((t0.contactId = ?) AND (t1.addressId = t0.addressId))")
[EL Fine]: sql: 2016-08-23 09:49:51.764--ClientSession(1676331417)--Connection(1190721011)--Thread(Thread[Test worker,5,main])--SELECT t1.addressId, t1.address1, t1.address2, t1.address3, t1.addressLabel, t1.addressTypeId, t1.cityId, t1.countryId, t1.latitude, t1.longitude, t1.stateId, t1.versionId, t1.zipcode, t1.createdBy, t1.createdDate, t1.updatedBy, t1.updatedDate, t1.activeStatus, t1.txnAccessCode FROM ast_AddressMap_B t0, ast_Address_T t1 WHERE ((t0.contactId = ?) AND (t1.addressId = t0.addressId))
	bind => [0A079336-B827-46D9-BCD7-DC20CD4CAE63]
[EL Finest]: transaction: 2016-08-23 09:49:51.766--UnitOfWork(1264160526)--Thread(Thread[Test worker,5,main])--remove() operation called on: Y7apbI
[EL Finest]: query: 2016-08-23 09:49:51.766--UnitOfWork(1264160526)--Thread(Thread[Test worker,5,main])--Execute query ReadAllQuery(name="communicationData" referenceClass=CommunicationData sql="SELECT t1.commDataId, t1.commData, t1.commGroupId, t1.commType, t1.versionId, t1.createdBy, t1.createdDate, t1.updatedBy, t1.updatedDate, t1.activeStatus, t1.txnAccessCode FROM ast_CommunicationMap_B t0, ast_CommunicationData_TP t1 WHERE ((t0.contactId = ?) AND (t1.commDataId = t0.commDataId))")
[EL Fine]: sql: 2016-08-23 09:49:51.766--ClientSession(1676331417)--Connection(1190721011)--Thread(Thread[Test worker,5,main])--SELECT t1.commDataId, t1.commData, t1.commGroupId, t1.commType, t1.versionId, t1.createdBy, t1.createdDate, t1.updatedBy, t1.updatedDate, t1.activeStatus, t1.txnAccessCode FROM ast_CommunicationMap_B t0, ast_CommunicationData_TP t1 WHERE ((t0.contactId = ?) AND (t1.commDataId = t0.commDataId))
	bind => [0A079336-B827-46D9-BCD7-DC20CD4CAE63]
[EL Finest]: transaction: 2016-08-23 09:49:51.767--UnitOfWork(1264160526)--Thread(Thread[Test worker,5,main])--remove() operation called on: YD4nEL1lqP
[EL Finer]: transaction: 2016-08-23 09:49:51.768--UnitOfWork(1264160526)--Thread(Thread[Test worker,5,main])--begin unit of work commit
[EL Finest]: query: 2016-08-23 09:49:51.768--UnitOfWork(1264160526)--Thread(Thread[Test worker,5,main])--Execute query DoesExistQuery(referenceClass=CommunicationData )
[EL Finest]: query: 2016-08-23 09:49:51.768--UnitOfWork(1264160526)--Thread(Thread[Test worker,5,main])--Execute query DoesExistQuery(referenceClass=CoreContacts )
[EL Finest]: query: 2016-08-23 09:49:51.768--UnitOfWork(1264160526)--Thread(Thread[Test worker,5,main])--Execute query DoesExistQuery(referenceClass=Address )
[EL Finest]: query: 2016-08-23 09:49:51.769--UnitOfWork(1264160526)--Thread(Thread[Test worker,5,main])--Execute query DataModifyQuery(name="address" sql="DELETE FROM ast_AddressMap_B WHERE (contactId = ?)")
[EL Finest]: query: 2016-08-23 09:49:51.769--UnitOfWork(1264160526)--Thread(Thread[Test worker,5,main])--Execute query DataModifyQuery(name="communicationData" sql="DELETE FROM ast_CommunicationMap_B WHERE (contactId = ?)")
[EL Fine]: sql: 2016-08-23 09:49:51.769--ClientSession(1676331417)--Connection(1190721011)--Thread(Thread[Test worker,5,main])--DELETE FROM ast_AddressMap_B WHERE (contactId = ?)
	bind => [0A079336-B827-46D9-BCD7-DC20CD4CAE63]
[EL Finest]: query: 2016-08-23 09:49:51.77--UnitOfWork(1264160526)--Thread(Thread[Test worker,5,main])--Execute query DeleteObjectQuery(Y7apbI)
[EL Fine]: sql: 2016-08-23 09:49:51.77--ClientSession(1676331417)--Connection(1190721011)--Thread(Thread[Test worker,5,main])--DELETE FROM ast_CommunicationMap_B WHERE (contactId = ?)
	bind => [0A079336-B827-46D9-BCD7-DC20CD4CAE63]
[EL Finest]: query: 2016-08-23 09:49:51.771--UnitOfWork(1264160526)--Thread(Thread[Test worker,5,main])--Execute query DeleteObjectQuery(YD4nEL1lqP)
[EL Fine]: sql: 2016-08-23 09:49:51.771--ClientSession(1676331417)--Connection(1190721011)--Thread(Thread[Test worker,5,main])--DELETE FROM ast_Address_T WHERE ((addressId = ?) AND (versionId = ?))
	bind => [DFE72ABF-09FF-4A84-BC8D-5EEEDFC6E599, 1]
[EL Finest]: query: 2016-08-23 09:49:51.772--UnitOfWork(1264160526)--Thread(Thread[Test worker,5,main])--Execute query DeleteObjectQuery(U0ZOIGQRMXvtnJBf8kUbqosdBmOvUtsD9kvoAAQkhPE0Quo62r,9A1r8b0cD3ceQ0R421usSoQ22zJyXNB1Ifadg9sSHbEm5RJA27,uwUFwRUbEGVH0LaQwMrFoxlqbpc2CvGmudhoGIMiK1tUzPqTU7,Xz8axk7E7ek32COZKzVXgHKQF9O9ZiJ8FwOAzOdLeU9fTbS1WR,LD3lDLgWcpH69OsFZBa8)
[EL Fine]: sql: 2016-08-23 09:49:51.772--ClientSession(1676331417)--Connection(1190721011)--Thread(Thread[Test worker,5,main])--DELETE FROM ast_CommunicationData_TP WHERE ((commDataId = ?) AND (versionId = ?))
	bind => [852F2EA3-CCD0-47F8-9312-69EF0F078045, 1]
[EL Fine]: sql: 2016-08-23 09:49:51.773--ClientSession(1676331417)--Connection(1190721011)--Thread(Thread[Test worker,5,main])--DELETE FROM ast_CoreContacts_T WHERE ((contactId = ?) AND (versionId = ?))
	bind => [0A079336-B827-46D9-BCD7-DC20CD4CAE63, 2]
[EL Finer]: transaction: 2016-08-23 09:49:51.774--ClientSession(1676331417)--Connection(1190721011)--Thread(Thread[Test worker,5,main])--commit transaction
[EL Finest]: connection: 2016-08-23 09:49:51.826--ServerSession(312021720)--Connection(1690240711)--Thread(Thread[Test worker,5,main])--Connection released to connection pool [default].
[EL Finer]: transaction: 2016-08-23 09:49:51.826--UnitOfWork(1264160526)--Thread(Thread[Test worker,5,main])--end unit of work commit
[EL Finer]: transaction: 2016-08-23 09:49:51.826--UnitOfWork(1264160526)--Thread(Thread[Test worker,5,main])--resume unit of work
[EL Finer]: transaction: 2016-08-23 09:49:51.826--UnitOfWork(1264160526)--Thread(Thread[Test worker,5,main])--release unit of work
[EL Finer]: connection: 2016-08-23 09:49:51.826--ClientSession(1676331417)--Thread(Thread[Test worker,5,main])--client released
[EL Finer]: connection: 2016-08-23 09:49:51.84--ServerSession(312021720)--Thread(Thread[Test worker,5,main])--client acquired: 1754245934
[EL Finer]: transaction: 2016-08-23 09:49:51.84--ClientSession(1754245934)--Thread(Thread[Test worker,5,main])--acquire unit of work: 808423075
[EL Finest]: connection: 2016-08-23 09:49:51.84--ServerSession(312021720)--Connection(37586956)--Thread(Thread[Test worker,5,main])--Connection acquired from connection pool [default].
[EL Finer]: transaction: 2016-08-23 09:49:51.84--ClientSession(1754245934)--Connection(37586956)--Thread(Thread[Test worker,5,main])--begin transaction
[EL Finest]: connection: 2016-08-23 09:49:51.84--ClientSession(1754245934)--Thread(Thread[Test worker,5,main])--reconnecting to external connection pool
[EL Finest]: query: 2016-08-23 09:49:51.841--UnitOfWork(808423075)--Thread(Thread[Test worker,5,main])--Execute query ReadObjectQuery(name="readAddressType" referenceClass=AddressType sql="SELECT addressTypeId, addressType, addressTypeDesc, addressTypeIcon, versionId, createdBy, createdDate, updatedBy, updatedDate, activeStatus, txnAccessCode FROM ast_AddressType_M WHERE (addressTypeId = ?)")
[EL Fine]: sql: 2016-08-23 09:49:51.841--ClientSession(1754245934)--Connection(118701109)--Thread(Thread[Test worker,5,main])--SELECT addressTypeId, addressType, addressTypeDesc, addressTypeIcon, versionId, createdBy, createdDate, updatedBy, updatedDate, activeStatus, txnAccessCode FROM ast_AddressType_M WHERE (addressTypeId = ?)
	bind => [BF20EDF3-BEB1-4593-8FF6-4145CBD63094]
[EL Finest]: transaction: 2016-08-23 09:49:51.842--UnitOfWork(808423075)--Thread(Thread[Test worker,5,main])--remove() operation called on: GPx6mP9onzV9N2xAD2mCcz31mvux932TaNPftHAX4miqyOS2jk
[EL Finer]: transaction: 2016-08-23 09:49:51.843--UnitOfWork(808423075)--Thread(Thread[Test worker,5,main])--begin unit of work commit
[EL Finest]: query: 2016-08-23 09:49:51.843--UnitOfWork(808423075)--Thread(Thread[Test worker,5,main])--Execute query DoesExistQuery(referenceClass=AddressType )
[EL Finest]: query: 2016-08-23 09:49:51.843--UnitOfWork(808423075)--Thread(Thread[Test worker,5,main])--Execute query DeleteObjectQuery(GPx6mP9onzV9N2xAD2mCcz31mvux932TaNPftHAX4miqyOS2jk)
[EL Fine]: sql: 2016-08-23 09:49:51.843--ClientSession(1754245934)--Connection(118701109)--Thread(Thread[Test worker,5,main])--DELETE FROM ast_AddressType_M WHERE ((addressTypeId = ?) AND (versionId = ?))
	bind => [BF20EDF3-BEB1-4593-8FF6-4145CBD63094, 1]
[EL Finer]: transaction: 2016-08-23 09:49:51.851--ClientSession(1754245934)--Connection(118701109)--Thread(Thread[Test worker,5,main])--commit transaction
[EL Finest]: connection: 2016-08-23 09:49:51.901--ServerSession(312021720)--Connection(37586956)--Thread(Thread[Test worker,5,main])--Connection released to connection pool [default].
[EL Finer]: transaction: 2016-08-23 09:49:51.901--UnitOfWork(808423075)--Thread(Thread[Test worker,5,main])--end unit of work commit
[EL Finer]: transaction: 2016-08-23 09:49:51.901--UnitOfWork(808423075)--Thread(Thread[Test worker,5,main])--resume unit of work
[EL Finer]: transaction: 2016-08-23 09:49:51.902--UnitOfWork(808423075)--Thread(Thread[Test worker,5,main])--release unit of work
[EL Finer]: connection: 2016-08-23 09:49:51.902--ClientSession(1754245934)--Thread(Thread[Test worker,5,main])--client released
[EL Finer]: connection: 2016-08-23 09:49:51.919--ServerSession(312021720)--Thread(Thread[Test worker,5,main])--client acquired: 1847008269
[EL Finer]: transaction: 2016-08-23 09:49:51.919--ClientSession(1847008269)--Thread(Thread[Test worker,5,main])--acquire unit of work: 791859698
[EL Finest]: connection: 2016-08-23 09:49:51.919--ServerSession(312021720)--Connection(829783827)--Thread(Thread[Test worker,5,main])--Connection acquired from connection pool [default].
[EL Finer]: transaction: 2016-08-23 09:49:51.919--ClientSession(1847008269)--Connection(829783827)--Thread(Thread[Test worker,5,main])--begin transaction
[EL Finest]: connection: 2016-08-23 09:49:51.919--ClientSession(1847008269)--Thread(Thread[Test worker,5,main])--reconnecting to external connection pool
[EL Finest]: query: 2016-08-23 09:49:51.92--UnitOfWork(791859698)--Thread(Thread[Test worker,5,main])--Execute query ReadObjectQuery(name="readCity" referenceClass=City sql="SELECT cityId, cityCode, cityCodeChar2, cityDescription, cityFlag, cityLatitude, cityLongitude, cityName, countryId, stateId, versionId, createdBy, createdDate, updatedBy, updatedDate, activeStatus, txnAccessCode FROM ast_City_M WHERE (cityId = ?)")
[EL Fine]: sql: 2016-08-23 09:49:51.92--ClientSession(1847008269)--Connection(516580860)--Thread(Thread[Test worker,5,main])--SELECT cityId, cityCode, cityCodeChar2, cityDescription, cityFlag, cityLatitude, cityLongitude, cityName, countryId, stateId, versionId, createdBy, createdDate, updatedBy, updatedDate, activeStatus, txnAccessCode FROM ast_City_M WHERE (cityId = ?)
	bind => [CC7181FF-6800-4ECF-99AA-1DB8B0EED982]
[EL Finest]: transaction: 2016-08-23 09:49:51.922--UnitOfWork(791859698)--Thread(Thread[Test worker,5,main])--remove() operation called on: Dh48L20xui5YUEF8lhNaoNmypVTuezjGsGlSgbvidwmCFOkzmO,hyhFZX4x4HIqBEMixmn3Hat6LCKGYcCS,3
[EL Finer]: transaction: 2016-08-23 09:49:51.922--UnitOfWork(791859698)--Thread(Thread[Test worker,5,main])--begin unit of work commit
[EL Finest]: query: 2016-08-23 09:49:51.923--UnitOfWork(791859698)--Thread(Thread[Test worker,5,main])--Execute query DoesExistQuery(referenceClass=City )
[EL Finest]: query: 2016-08-23 09:49:51.923--UnitOfWork(791859698)--Thread(Thread[Test worker,5,main])--Execute query DeleteObjectQuery(Dh48L20xui5YUEF8lhNaoNmypVTuezjGsGlSgbvidwmCFOkzmO,hyhFZX4x4HIqBEMixmn3Hat6LCKGYcCS,3)
[EL Fine]: sql: 2016-08-23 09:49:51.923--ClientSession(1847008269)--Connection(516580860)--Thread(Thread[Test worker,5,main])--DELETE FROM ast_City_M WHERE ((cityId = ?) AND (versionId = ?))
	bind => [CC7181FF-6800-4ECF-99AA-1DB8B0EED982, 1]
[EL Finer]: transaction: 2016-08-23 09:49:51.976--ClientSession(1847008269)--Connection(516580860)--Thread(Thread[Test worker,5,main])--commit transaction
[EL Finest]: connection: 2016-08-23 09:49:52.035--ServerSession(312021720)--Connection(829783827)--Thread(Thread[Test worker,5,main])--Connection released to connection pool [default].
[EL Finer]: transaction: 2016-08-23 09:49:52.035--UnitOfWork(791859698)--Thread(Thread[Test worker,5,main])--end unit of work commit
[EL Finer]: transaction: 2016-08-23 09:49:52.035--UnitOfWork(791859698)--Thread(Thread[Test worker,5,main])--resume unit of work
[EL Finer]: transaction: 2016-08-23 09:49:52.035--UnitOfWork(791859698)--Thread(Thread[Test worker,5,main])--release unit of work
[EL Finer]: connection: 2016-08-23 09:49:52.035--ClientSession(1847008269)--Thread(Thread[Test worker,5,main])--client released
[EL Finer]: connection: 2016-08-23 09:49:52.059--ServerSession(312021720)--Thread(Thread[Test worker,5,main])--client acquired: 1263345490
[EL Finer]: transaction: 2016-08-23 09:49:52.059--ClientSession(1263345490)--Thread(Thread[Test worker,5,main])--acquire unit of work: 876832541
[EL Finest]: connection: 2016-08-23 09:49:52.059--ServerSession(312021720)--Connection(891730873)--Thread(Thread[Test worker,5,main])--Connection acquired from connection pool [default].
[EL Finer]: transaction: 2016-08-23 09:49:52.059--ClientSession(1263345490)--Connection(891730873)--Thread(Thread[Test worker,5,main])--begin transaction
[EL Finest]: connection: 2016-08-23 09:49:52.06--ClientSession(1263345490)--Thread(Thread[Test worker,5,main])--reconnecting to external connection pool
[EL Finest]: query: 2016-08-23 09:49:52.061--UnitOfWork(876832541)--Thread(Thread[Test worker,5,main])--Execute query ReadObjectQuery(name="readState" referenceClass=State sql="SELECT stateId, countryId, stateCapital, stateCapitalLatitude, stateCapitalLongitude, stateCode, stateCodeChar2, stateCodeChar3, stateDescription, stateFlag, stateName, versionId, createdBy, createdDate, updatedBy, updatedDate, activeStatus, txnAccessCode FROM ast_State_M WHERE (stateId = ?)")
[EL Fine]: sql: 2016-08-23 09:49:52.061--ClientSession(1263345490)--Connection(1403154395)--Thread(Thread[Test worker,5,main])--SELECT stateId, countryId, stateCapital, stateCapitalLatitude, stateCapitalLongitude, stateCode, stateCodeChar2, stateCodeChar3, stateDescription, stateFlag, stateName, versionId, createdBy, createdDate, updatedBy, updatedDate, activeStatus, txnAccessCode FROM ast_State_M WHERE (stateId = ?)
	bind => [F8BCCFD7-32DE-4617-B58F-906A430BE08F]
[EL Finest]: transaction: 2016-08-23 09:49:52.063--UnitOfWork(876832541)--Thread(Thread[Test worker,5,main])--remove() operation called on: r7XqIzZVL5222oNTkKXuehcpR46BKUCqDwMGjlTYypXGQhj3Id
[EL Finer]: transaction: 2016-08-23 09:49:52.064--UnitOfWork(876832541)--Thread(Thread[Test worker,5,main])--begin unit of work commit
[EL Finest]: query: 2016-08-23 09:49:52.064--UnitOfWork(876832541)--Thread(Thread[Test worker,5,main])--Execute query DoesExistQuery(referenceClass=State )
[EL Finest]: query: 2016-08-23 09:49:52.064--UnitOfWork(876832541)--Thread(Thread[Test worker,5,main])--Execute query DeleteObjectQuery(r7XqIzZVL5222oNTkKXuehcpR46BKUCqDwMGjlTYypXGQhj3Id)
[EL Fine]: sql: 2016-08-23 09:49:52.064--ClientSession(1263345490)--Connection(1403154395)--Thread(Thread[Test worker,5,main])--DELETE FROM ast_State_M WHERE ((stateId = ?) AND (versionId = ?))
	bind => [F8BCCFD7-32DE-4617-B58F-906A430BE08F, 1]
[EL Finer]: transaction: 2016-08-23 09:49:52.066--ClientSession(1263345490)--Connection(1403154395)--Thread(Thread[Test worker,5,main])--commit transaction
[EL Finest]: connection: 2016-08-23 09:49:52.11--ServerSession(312021720)--Connection(891730873)--Thread(Thread[Test worker,5,main])--Connection released to connection pool [default].
[EL Finer]: transaction: 2016-08-23 09:49:52.11--UnitOfWork(876832541)--Thread(Thread[Test worker,5,main])--end unit of work commit
[EL Finer]: transaction: 2016-08-23 09:49:52.11--UnitOfWork(876832541)--Thread(Thread[Test worker,5,main])--resume unit of work
[EL Finer]: transaction: 2016-08-23 09:49:52.11--UnitOfWork(876832541)--Thread(Thread[Test worker,5,main])--release unit of work
[EL Finer]: connection: 2016-08-23 09:49:52.11--ClientSession(1263345490)--Thread(Thread[Test worker,5,main])--client released
[EL Finer]: connection: 2016-08-23 09:49:52.135--ServerSession(312021720)--Thread(Thread[Test worker,5,main])--client acquired: 1784630414
[EL Finer]: transaction: 2016-08-23 09:49:52.135--ClientSession(1784630414)--Thread(Thread[Test worker,5,main])--acquire unit of work: 379270449
[EL Finest]: connection: 2016-08-23 09:49:52.135--ServerSession(312021720)--Connection(666972047)--Thread(Thread[Test worker,5,main])--Connection acquired from connection pool [default].
[EL Finer]: transaction: 2016-08-23 09:49:52.135--ClientSession(1784630414)--Connection(666972047)--Thread(Thread[Test worker,5,main])--begin transaction
[EL Finest]: connection: 2016-08-23 09:49:52.136--ClientSession(1784630414)--Thread(Thread[Test worker,5,main])--reconnecting to external connection pool
[EL Finest]: query: 2016-08-23 09:49:52.137--UnitOfWork(379270449)--Thread(Thread[Test worker,5,main])--Execute query ReadObjectQuery(name="readCountry" referenceClass=Country sql="SELECT countryId, capital, capitalLatitude, capitalLongitude, countryCode1, countryCode2, countryFlag, countryName, currencyCode, currencyName, currencySymbol, isoNumeric, versionId, createdBy, createdDate, updatedBy, updatedDate, activeStatus, txnAccessCode FROM ast_Country_M WHERE (countryId = ?)")
[EL Fine]: sql: 2016-08-23 09:49:52.137--ClientSession(1784630414)--Connection(1751702234)--Thread(Thread[Test worker,5,main])--SELECT countryId, capital, capitalLatitude, capitalLongitude, countryCode1, countryCode2, countryFlag, countryName, currencyCode, currencyName, currencySymbol, isoNumeric, versionId, createdBy, createdDate, updatedBy, updatedDate, activeStatus, txnAccessCode FROM ast_Country_M WHERE (countryId = ?)
	bind => [07C21A0D-591A-4C2F-970A-AA52E5EC9F5B]
[EL Finest]: transaction: 2016-08-23 09:49:52.139--UnitOfWork(379270449)--Thread(Thread[Test worker,5,main])--remove() operation called on: ffVLIGygNlFkjHd7EcHSL5qzuKXSKO5m4gEHh5Cl2uktmJYZQs
[EL Finer]: transaction: 2016-08-23 09:49:52.139--UnitOfWork(379270449)--Thread(Thread[Test worker,5,main])--begin unit of work commit
[EL Finest]: query: 2016-08-23 09:49:52.14--UnitOfWork(379270449)--Thread(Thread[Test worker,5,main])--Execute query DoesExistQuery(referenceClass=Country )
[EL Finest]: query: 2016-08-23 09:49:52.14--UnitOfWork(379270449)--Thread(Thread[Test worker,5,main])--Execute query DeleteObjectQuery(ffVLIGygNlFkjHd7EcHSL5qzuKXSKO5m4gEHh5Cl2uktmJYZQs)
[EL Fine]: sql: 2016-08-23 09:49:52.14--ClientSession(1784630414)--Connection(1751702234)--Thread(Thread[Test worker,5,main])--DELETE FROM ast_Country_M WHERE ((countryId = ?) AND (versionId = ?))
	bind => [07C21A0D-591A-4C2F-970A-AA52E5EC9F5B, 1]
[EL Finer]: transaction: 2016-08-23 09:49:52.141--ClientSession(1784630414)--Connection(1751702234)--Thread(Thread[Test worker,5,main])--commit transaction
[EL Finest]: connection: 2016-08-23 09:49:52.183--ServerSession(312021720)--Connection(666972047)--Thread(Thread[Test worker,5,main])--Connection released to connection pool [default].
[EL Finer]: transaction: 2016-08-23 09:49:52.184--UnitOfWork(379270449)--Thread(Thread[Test worker,5,main])--end unit of work commit
[EL Finer]: transaction: 2016-08-23 09:49:52.184--UnitOfWork(379270449)--Thread(Thread[Test worker,5,main])--resume unit of work
[EL Finer]: transaction: 2016-08-23 09:49:52.184--UnitOfWork(379270449)--Thread(Thread[Test worker,5,main])--release unit of work
[EL Finer]: connection: 2016-08-23 09:49:52.184--ClientSession(1784630414)--Thread(Thread[Test worker,5,main])--client released
[EL Finer]: connection: 2016-08-23 09:49:52.208--ServerSession(312021720)--Thread(Thread[Test worker,5,main])--client acquired: 526239007
[EL Finer]: transaction: 2016-08-23 09:49:52.209--ClientSession(526239007)--Thread(Thread[Test worker,5,main])--acquire unit of work: 1161332303
[EL Finest]: connection: 2016-08-23 09:49:52.209--ServerSession(312021720)--Connection(33148938)--Thread(Thread[Test worker,5,main])--Connection acquired from connection pool [default].
[EL Finer]: transaction: 2016-08-23 09:49:52.209--ClientSession(526239007)--Connection(33148938)--Thread(Thread[Test worker,5,main])--begin transaction
[EL Finest]: connection: 2016-08-23 09:49:52.209--ClientSession(526239007)--Thread(Thread[Test worker,5,main])--reconnecting to external connection pool
[EL Finest]: query: 2016-08-23 09:49:52.21--UnitOfWork(1161332303)--Thread(Thread[Test worker,5,main])--Execute query ReadObjectQuery(name="readCommunicationType" referenceClass=CommunicationType sql="SELECT commType, commGroupId, commTypeDescription, commTypeName, versionId, createdBy, createdDate, updatedBy, updatedDate, activeStatus, txnAccessCode FROM ast_CommunicationType_M WHERE (commType = ?)")
[EL Fine]: sql: 2016-08-23 09:49:52.211--ClientSession(526239007)--Connection(2112726523)--Thread(Thread[Test worker,5,main])--SELECT commType, commGroupId, commTypeDescription, commTypeName, versionId, createdBy, createdDate, updatedBy, updatedDate, activeStatus, txnAccessCode FROM ast_CommunicationType_M WHERE (commType = ?)
	bind => [89B1D467-5FFF-4C52-BE0E-A932BFCC5539]
[EL Finest]: transaction: 2016-08-23 09:49:52.212--UnitOfWork(1161332303)--Thread(Thread[Test worker,5,main])--remove() operation called on: kq9XQkKoL2HgaFVS58oz6Z2pbDqstq6WuO3HMjWTOYjkk5LAkn,2CCC333B-1E27-421E-80B3-F69273E4177A
[EL Finer]: transaction: 2016-08-23 09:49:52.212--UnitOfWork(1161332303)--Thread(Thread[Test worker,5,main])--begin unit of work commit
[EL Finest]: query: 2016-08-23 09:49:52.213--UnitOfWork(1161332303)--Thread(Thread[Test worker,5,main])--Execute query DoesExistQuery(referenceClass=CommunicationType )
[EL Finest]: query: 2016-08-23 09:49:52.213--UnitOfWork(1161332303)--Thread(Thread[Test worker,5,main])--Execute query DeleteObjectQuery(kq9XQkKoL2HgaFVS58oz6Z2pbDqstq6WuO3HMjWTOYjkk5LAkn,2CCC333B-1E27-421E-80B3-F69273E4177A)
[EL Fine]: sql: 2016-08-23 09:49:52.213--ClientSession(526239007)--Connection(2112726523)--Thread(Thread[Test worker,5,main])--DELETE FROM ast_CommunicationType_M WHERE ((commType = ?) AND (versionId = ?))
	bind => [89B1D467-5FFF-4C52-BE0E-A932BFCC5539, 1]
[EL Finer]: transaction: 2016-08-23 09:49:52.215--ClientSession(526239007)--Connection(2112726523)--Thread(Thread[Test worker,5,main])--commit transaction
[EL Finest]: connection: 2016-08-23 09:49:52.317--ServerSession(312021720)--Connection(33148938)--Thread(Thread[Test worker,5,main])--Connection released to connection pool [default].
[EL Finer]: transaction: 2016-08-23 09:49:52.317--UnitOfWork(1161332303)--Thread(Thread[Test worker,5,main])--end unit of work commit
[EL Finer]: transaction: 2016-08-23 09:49:52.317--UnitOfWork(1161332303)--Thread(Thread[Test worker,5,main])--resume unit of work
[EL Finer]: transaction: 2016-08-23 09:49:52.318--UnitOfWork(1161332303)--Thread(Thread[Test worker,5,main])--release unit of work
[EL Finer]: connection: 2016-08-23 09:49:52.318--ClientSession(526239007)--Thread(Thread[Test worker,5,main])--client released
[EL Finer]: connection: 2016-08-23 09:49:52.342--ServerSession(312021720)--Thread(Thread[Test worker,5,main])--client acquired: 1497710460
[EL Finer]: transaction: 2016-08-23 09:49:52.342--ClientSession(1497710460)--Thread(Thread[Test worker,5,main])--acquire unit of work: 1363874733
[EL Finest]: connection: 2016-08-23 09:49:52.342--ServerSession(312021720)--Connection(402189453)--Thread(Thread[Test worker,5,main])--Connection acquired from connection pool [default].
[EL Finer]: transaction: 2016-08-23 09:49:52.342--ClientSession(1497710460)--Connection(402189453)--Thread(Thread[Test worker,5,main])--begin transaction
[EL Finest]: connection: 2016-08-23 09:49:52.342--ClientSession(1497710460)--Thread(Thread[Test worker,5,main])--reconnecting to external connection pool
[EL Finest]: query: 2016-08-23 09:49:52.344--UnitOfWork(1363874733)--Thread(Thread[Test worker,5,main])--Execute query ReadObjectQuery(name="readCommunicationGroup" referenceClass=CommunicationGroup sql="SELECT commGroupId, commGroupDescription, commGroupName, versionId, createdBy, createdDate, updatedBy, updatedDate, activeStatus, txnAccessCode FROM ast_CommunicationGroup_M WHERE (commGroupId = ?)")
[EL Fine]: sql: 2016-08-23 09:49:52.344--ClientSession(1497710460)--Connection(133422980)--Thread(Thread[Test worker,5,main])--SELECT commGroupId, commGroupDescription, commGroupName, versionId, createdBy, createdDate, updatedBy, updatedDate, activeStatus, txnAccessCode FROM ast_CommunicationGroup_M WHERE (commGroupId = ?)
	bind => [2CCC333B-1E27-421E-80B3-F69273E4177A]
[EL Finest]: transaction: 2016-08-23 09:49:52.345--UnitOfWork(1363874733)--Thread(Thread[Test worker,5,main])--remove() operation called on: tROs8EPLfLpZ7H2GYbfuzyVWoCeQx0u14zOfSh97hgwa7pkd9t
[EL Finer]: transaction: 2016-08-23 09:49:52.346--UnitOfWork(1363874733)--Thread(Thread[Test worker,5,main])--begin unit of work commit
[EL Finest]: query: 2016-08-23 09:49:52.346--UnitOfWork(1363874733)--Thread(Thread[Test worker,5,main])--Execute query DoesExistQuery(referenceClass=CommunicationGroup )
[EL Finest]: query: 2016-08-23 09:49:52.346--UnitOfWork(1363874733)--Thread(Thread[Test worker,5,main])--Execute query DeleteObjectQuery(tROs8EPLfLpZ7H2GYbfuzyVWoCeQx0u14zOfSh97hgwa7pkd9t)
[EL Fine]: sql: 2016-08-23 09:49:52.347--ClientSession(1497710460)--Connection(133422980)--Thread(Thread[Test worker,5,main])--DELETE FROM ast_CommunicationGroup_M WHERE ((commGroupId = ?) AND (versionId = ?))
	bind => [2CCC333B-1E27-421E-80B3-F69273E4177A, 1]
[EL Finer]: transaction: 2016-08-23 09:49:52.348--ClientSession(1497710460)--Connection(133422980)--Thread(Thread[Test worker,5,main])--commit transaction
[EL Finest]: connection: 2016-08-23 09:49:52.375--ServerSession(312021720)--Connection(402189453)--Thread(Thread[Test worker,5,main])--Connection released to connection pool [default].
[EL Finer]: transaction: 2016-08-23 09:49:52.376--UnitOfWork(1363874733)--Thread(Thread[Test worker,5,main])--end unit of work commit
[EL Finer]: transaction: 2016-08-23 09:49:52.376--UnitOfWork(1363874733)--Thread(Thread[Test worker,5,main])--resume unit of work
[EL Finer]: transaction: 2016-08-23 09:49:52.376--UnitOfWork(1363874733)--Thread(Thread[Test worker,5,main])--release unit of work
[EL Finer]: connection: 2016-08-23 09:49:52.376--ClientSession(1497710460)--Thread(Thread[Test worker,5,main])--client released
[EL Finer]: connection: 2016-08-23 09:49:52.401--ServerSession(312021720)--Thread(Thread[Test worker,5,main])--client acquired: 24617202
[EL Finer]: transaction: 2016-08-23 09:49:52.401--ClientSession(24617202)--Thread(Thread[Test worker,5,main])--acquire unit of work: 1424453790
[EL Finest]: connection: 2016-08-23 09:49:52.401--ServerSession(312021720)--Connection(647151774)--Thread(Thread[Test worker,5,main])--Connection acquired from connection pool [default].
[EL Finer]: transaction: 2016-08-23 09:49:52.401--ClientSession(24617202)--Connection(647151774)--Thread(Thread[Test worker,5,main])--begin transaction
[EL Finest]: connection: 2016-08-23 09:49:52.401--ClientSession(24617202)--Thread(Thread[Test worker,5,main])--reconnecting to external connection pool
[EL Finest]: query: 2016-08-23 09:49:52.403--UnitOfWork(1424453790)--Thread(Thread[Test worker,5,main])--Execute query ReadObjectQuery(name="readGender" referenceClass=Gender sql="SELECT genderId, gender, versionId, createdBy, createdDate, updatedBy, updatedDate, activeStatus, txnAccessCode FROM ast_Gender_M WHERE (genderId = ?)")
[EL Fine]: sql: 2016-08-23 09:49:52.403--ClientSession(24617202)--Connection(2029127662)--Thread(Thread[Test worker,5,main])--SELECT genderId, gender, versionId, createdBy, createdDate, updatedBy, updatedDate, activeStatus, txnAccessCode FROM ast_Gender_M WHERE (genderId = ?)
	bind => [91FF5D93-6E5A-4684-9275-98FC79685717]
[EL Finest]: transaction: 2016-08-23 09:49:52.405--UnitOfWork(1424453790)--Thread(Thread[Test worker,5,main])--remove() operation called on: RMz7yagWv2XlgaumJSDxSZL30hfZr4YnWfdCIHxZ7frq2uhIPY
[EL Finer]: transaction: 2016-08-23 09:49:52.405--UnitOfWork(1424453790)--Thread(Thread[Test worker,5,main])--begin unit of work commit
[EL Finest]: query: 2016-08-23 09:49:52.405--UnitOfWork(1424453790)--Thread(Thread[Test worker,5,main])--Execute query DoesExistQuery(referenceClass=Gender )
[EL Finest]: query: 2016-08-23 09:49:52.405--UnitOfWork(1424453790)--Thread(Thread[Test worker,5,main])--Execute query DeleteObjectQuery(RMz7yagWv2XlgaumJSDxSZL30hfZr4YnWfdCIHxZ7frq2uhIPY)
[EL Fine]: sql: 2016-08-23 09:49:52.406--ClientSession(24617202)--Connection(2029127662)--Thread(Thread[Test worker,5,main])--DELETE FROM ast_Gender_M WHERE ((genderId = ?) AND (versionId = ?))
	bind => [91FF5D93-6E5A-4684-9275-98FC79685717, 1]
[EL Finer]: transaction: 2016-08-23 09:49:52.407--ClientSession(24617202)--Connection(2029127662)--Thread(Thread[Test worker,5,main])--commit transaction
[EL Finest]: connection: 2016-08-23 09:49:52.477--ServerSession(312021720)--Connection(647151774)--Thread(Thread[Test worker,5,main])--Connection released to connection pool [default].
[EL Finer]: transaction: 2016-08-23 09:49:52.478--UnitOfWork(1424453790)--Thread(Thread[Test worker,5,main])--end unit of work commit
[EL Finer]: transaction: 2016-08-23 09:49:52.478--UnitOfWork(1424453790)--Thread(Thread[Test worker,5,main])--resume unit of work
[EL Finer]: transaction: 2016-08-23 09:49:52.478--UnitOfWork(1424453790)--Thread(Thread[Test worker,5,main])--release unit of work
[EL Finer]: connection: 2016-08-23 09:49:52.478--ClientSession(24617202)--Thread(Thread[Test worker,5,main])--client released
[EL Finer]: connection: 2016-08-23 09:49:52.503--ServerSession(312021720)--Thread(Thread[Test worker,5,main])--client acquired: 1728710229
[EL Finer]: transaction: 2016-08-23 09:49:52.503--ClientSession(1728710229)--Thread(Thread[Test worker,5,main])--acquire unit of work: 1126558540
[EL Finest]: connection: 2016-08-23 09:49:52.503--ServerSession(312021720)--Connection(1853549828)--Thread(Thread[Test worker,5,main])--Connection acquired from connection pool [default].
[EL Finer]: transaction: 2016-08-23 09:49:52.503--ClientSession(1728710229)--Connection(1853549828)--Thread(Thread[Test worker,5,main])--begin transaction
[EL Finest]: connection: 2016-08-23 09:49:52.503--ClientSession(1728710229)--Thread(Thread[Test worker,5,main])--reconnecting to external connection pool
[EL Finest]: query: 2016-08-23 09:49:52.505--UnitOfWork(1126558540)--Thread(Thread[Test worker,5,main])--Execute query ReadObjectQuery(name="readTimezone" referenceClass=Timezone sql="SELECT timeZoneId, cities, country, gmtLabel, timeZoneLabel, utcdifference, versionId, createdBy, createdDate, updatedBy, updatedDate, activeStatus, txnAccessCode FROM ast_Timezone_M WHERE (timeZoneId = ?)")
[EL Fine]: sql: 2016-08-23 09:49:52.505--ClientSession(1728710229)--Connection(1263292104)--Thread(Thread[Test worker,5,main])--SELECT timeZoneId, cities, country, gmtLabel, timeZoneLabel, utcdifference, versionId, createdBy, createdDate, updatedBy, updatedDate, activeStatus, txnAccessCode FROM ast_Timezone_M WHERE (timeZoneId = ?)
	bind => [5C8650F5-9E4F-4824-8034-75498A8BE472]
[EL Finest]: transaction: 2016-08-23 09:49:52.507--UnitOfWork(1126558540)--Thread(Thread[Test worker,5,main])--remove() operation called on: 6,TqBiGqiyc0GOrfInFCYt1TGXlhKTQlbjsFV2KbQemQRqFbNRee
[EL Finer]: transaction: 2016-08-23 09:49:52.507--UnitOfWork(1126558540)--Thread(Thread[Test worker,5,main])--begin unit of work commit
[EL Finest]: query: 2016-08-23 09:49:52.507--UnitOfWork(1126558540)--Thread(Thread[Test worker,5,main])--Execute query DoesExistQuery(referenceClass=Timezone )
[EL Finest]: query: 2016-08-23 09:49:52.508--UnitOfWork(1126558540)--Thread(Thread[Test worker,5,main])--Execute query DeleteObjectQuery(6,TqBiGqiyc0GOrfInFCYt1TGXlhKTQlbjsFV2KbQemQRqFbNRee)
[EL Fine]: sql: 2016-08-23 09:49:52.508--ClientSession(1728710229)--Connection(1263292104)--Thread(Thread[Test worker,5,main])--DELETE FROM ast_Timezone_M WHERE ((timeZoneId = ?) AND (versionId = ?))
	bind => [5C8650F5-9E4F-4824-8034-75498A8BE472, 1]
[EL Finer]: transaction: 2016-08-23 09:49:52.509--ClientSession(1728710229)--Connection(1263292104)--Thread(Thread[Test worker,5,main])--commit transaction
[EL Finest]: connection: 2016-08-23 09:49:52.551--ServerSession(312021720)--Connection(1853549828)--Thread(Thread[Test worker,5,main])--Connection released to connection pool [default].
[EL Finer]: transaction: 2016-08-23 09:49:52.552--UnitOfWork(1126558540)--Thread(Thread[Test worker,5,main])--end unit of work commit
[EL Finer]: transaction: 2016-08-23 09:49:52.552--UnitOfWork(1126558540)--Thread(Thread[Test worker,5,main])--resume unit of work
[EL Finer]: transaction: 2016-08-23 09:49:52.552--UnitOfWork(1126558540)--Thread(Thread[Test worker,5,main])--release unit of work
[EL Finer]: connection: 2016-08-23 09:49:52.552--ClientSession(1728710229)--Thread(Thread[Test worker,5,main])--client released
[EL Finer]: connection: 2016-08-23 09:49:52.566--ServerSession(312021720)--Thread(Thread[Test worker,5,main])--client acquired: 532484290
[EL Finer]: transaction: 2016-08-23 09:49:52.566--ClientSession(532484290)--Thread(Thread[Test worker,5,main])--acquire unit of work: 899104981
[EL Finest]: connection: 2016-08-23 09:49:52.566--ServerSession(312021720)--Connection(1562475375)--Thread(Thread[Test worker,5,main])--Connection acquired from connection pool [default].
[EL Finer]: transaction: 2016-08-23 09:49:52.566--ClientSession(532484290)--Connection(1562475375)--Thread(Thread[Test worker,5,main])--begin transaction
[EL Finest]: connection: 2016-08-23 09:49:52.566--ClientSession(532484290)--Thread(Thread[Test worker,5,main])--reconnecting to external connection pool
[EL Finest]: query: 2016-08-23 09:49:52.567--UnitOfWork(899104981)--Thread(Thread[Test worker,5,main])--Execute query ReadObjectQuery(name="readLanguage" referenceClass=Language sql="SELECT languageId, alpha2, alpha3, alpha4, alpha4parentid, language, languageDescription, languageIcon, languageType, versionId, createdBy, createdDate, updatedBy, updatedDate, activeStatus, txnAccessCode FROM ast_Language_M WHERE (languageId = ?)")
[EL Fine]: sql: 2016-08-23 09:49:52.567--ClientSession(532484290)--Connection(1837524937)--Thread(Thread[Test worker,5,main])--SELECT languageId, alpha2, alpha3, alpha4, alpha4parentid, language, languageDescription, languageIcon, languageType, versionId, createdBy, createdDate, updatedBy, updatedDate, activeStatus, txnAccessCode FROM ast_Language_M WHERE (languageId = ?)
	bind => [C44714AD-532A-44FD-8B67-E5800261CBAF]
[EL Finest]: transaction: 2016-08-23 09:49:52.568--UnitOfWork(899104981)--Thread(Thread[Test worker,5,main])--remove() operation called on: NmfoEkuSbxZOkLPbDccwtVmzylgj82xpVcsEATCQj8z8UTarqr
[EL Finer]: transaction: 2016-08-23 09:49:52.569--UnitOfWork(899104981)--Thread(Thread[Test worker,5,main])--begin unit of work commit
[EL Finest]: query: 2016-08-23 09:49:52.569--UnitOfWork(899104981)--Thread(Thread[Test worker,5,main])--Execute query DoesExistQuery(referenceClass=Language )
[EL Finest]: query: 2016-08-23 09:49:52.569--UnitOfWork(899104981)--Thread(Thread[Test worker,5,main])--Execute query DeleteObjectQuery(NmfoEkuSbxZOkLPbDccwtVmzylgj82xpVcsEATCQj8z8UTarqr)
[EL Fine]: sql: 2016-08-23 09:49:52.569--ClientSession(532484290)--Connection(1837524937)--Thread(Thread[Test worker,5,main])--DELETE FROM ast_Language_M WHERE ((languageId = ?) AND (versionId = ?))
	bind => [C44714AD-532A-44FD-8B67-E5800261CBAF, 1]
[EL Finer]: transaction: 2016-08-23 09:49:52.57--ClientSession(532484290)--Connection(1837524937)--Thread(Thread[Test worker,5,main])--commit transaction
[EL Finest]: connection: 2016-08-23 09:49:52.618--ServerSession(312021720)--Connection(1562475375)--Thread(Thread[Test worker,5,main])--Connection released to connection pool [default].
[EL Finer]: transaction: 2016-08-23 09:49:52.618--UnitOfWork(899104981)--Thread(Thread[Test worker,5,main])--end unit of work commit
[EL Finer]: transaction: 2016-08-23 09:49:52.618--UnitOfWork(899104981)--Thread(Thread[Test worker,5,main])--resume unit of work
[EL Finer]: transaction: 2016-08-23 09:49:52.618--UnitOfWork(899104981)--Thread(Thread[Test worker,5,main])--release unit of work
[EL Finer]: connection: 2016-08-23 09:49:52.619--ClientSession(532484290)--Thread(Thread[Test worker,5,main])--client released
[EL Finer]: connection: 2016-08-23 09:49:52.634--ServerSession(312021720)--Thread(Thread[Test worker,5,main])--client acquired: 1217855530
[EL Finer]: transaction: 2016-08-23 09:49:52.634--ClientSession(1217855530)--Thread(Thread[Test worker,5,main])--acquire unit of work: 831253153
[EL Finest]: connection: 2016-08-23 09:49:52.634--ServerSession(312021720)--Connection(1490618736)--Thread(Thread[Test worker,5,main])--Connection acquired from connection pool [default].
[EL Finer]: transaction: 2016-08-23 09:49:52.634--ClientSession(1217855530)--Connection(1490618736)--Thread(Thread[Test worker,5,main])--begin transaction
[EL Finest]: connection: 2016-08-23 09:49:52.634--ClientSession(1217855530)--Thread(Thread[Test worker,5,main])--reconnecting to external connection pool
[EL Finest]: query: 2016-08-23 09:49:52.635--UnitOfWork(831253153)--Thread(Thread[Test worker,5,main])--Execute query ReadObjectQuery(name="readTitle" referenceClass=Title sql="SELECT titleId, titles, versionId, createdBy, createdDate, updatedBy, updatedDate, activeStatus, txnAccessCode FROM ast_Title_M WHERE (titleId = ?)")
[EL Fine]: sql: 2016-08-23 09:49:52.635--ClientSession(1217855530)--Connection(1069881187)--Thread(Thread[Test worker,5,main])--SELECT titleId, titles, versionId, createdBy, createdDate, updatedBy, updatedDate, activeStatus, txnAccessCode FROM ast_Title_M WHERE (titleId = ?)
	bind => [F6FBB456-9F59-4F6D-BD60-D531D64C23C1]
[EL Finest]: transaction: 2016-08-23 09:49:52.637--UnitOfWork(831253153)--Thread(Thread[Test worker,5,main])--remove() operation called on: fflc9iGEmvozuGNl8SIaSd5iU7uOdjD0KVAhraDBnXXWcRxE9n
[EL Finer]: transaction: 2016-08-23 09:49:52.637--UnitOfWork(831253153)--Thread(Thread[Test worker,5,main])--begin unit of work commit
[EL Finest]: query: 2016-08-23 09:49:52.637--UnitOfWork(831253153)--Thread(Thread[Test worker,5,main])--Execute query DoesExistQuery(referenceClass=Title )
[EL Finest]: query: 2016-08-23 09:49:52.637--UnitOfWork(831253153)--Thread(Thread[Test worker,5,main])--Execute query DeleteObjectQuery(fflc9iGEmvozuGNl8SIaSd5iU7uOdjD0KVAhraDBnXXWcRxE9n)
[EL Fine]: sql: 2016-08-23 09:49:52.637--ClientSession(1217855530)--Connection(1069881187)--Thread(Thread[Test worker,5,main])--DELETE FROM ast_Title_M WHERE ((titleId = ?) AND (versionId = ?))
	bind => [F6FBB456-9F59-4F6D-BD60-D531D64C23C1, 1]
[EL Finer]: transaction: 2016-08-23 09:49:52.639--ClientSession(1217855530)--Connection(1069881187)--Thread(Thread[Test worker,5,main])--commit transaction
[EL Finest]: connection: 2016-08-23 09:49:52.685--ServerSession(312021720)--Connection(1490618736)--Thread(Thread[Test worker,5,main])--Connection released to connection pool [default].
[EL Finer]: transaction: 2016-08-23 09:49:52.685--UnitOfWork(831253153)--Thread(Thread[Test worker,5,main])--end unit of work commit
[EL Finer]: transaction: 2016-08-23 09:49:52.685--UnitOfWork(831253153)--Thread(Thread[Test worker,5,main])--resume unit of work
[EL Finer]: transaction: 2016-08-23 09:49:52.685--UnitOfWork(831253153)--Thread(Thread[Test worker,5,main])--release unit of work
[EL Finer]: connection: 2016-08-23 09:49:52.685--ClientSession(1217855530)--Thread(Thread[Test worker,5,main])--client released
]]></system-out>
  <system-err><![CDATA[CoreContacts.firstName may not be null
java.lang.SecurityException: CoreContacts.firstName may not be null
	at com.athena.server.pluggable.utils.helper.EntityValidatorHelper.validateEntity(EntityValidatorHelper.java:37)
	at projectthree.app.shared.organization.contactmanagement.CoreContacts.isValid(CoreContacts.java:486)
	at projectthree.app.server.service.organization.contactmanagement.CoreContactsTestCase.validateCoreContacts(CoreContactsTestCase.java:472)
	at projectthree.app.server.service.organization.contactmanagement.CoreContactsTestCase.test5NegativeTesting(CoreContactsTestCase.java:515)
	at sun.reflect.NativeMethodAccessorImpl.invoke0(Native Method)
	at sun.reflect.NativeMethodAccessorImpl.invoke(NativeMethodAccessorImpl.java:57)
	at sun.reflect.DelegatingMethodAccessorImpl.invoke(DelegatingMethodAccessorImpl.java:43)
	at java.lang.reflect.Method.invoke(Method.java:606)
	at org.junit.runners.model.FrameworkMethod$1.runReflectiveCall(FrameworkMethod.java:47)
	at org.junit.internal.runners.model.ReflectiveCallable.run(ReflectiveCallable.java:12)
	at org.junit.runners.model.FrameworkMethod.invokeExplosively(FrameworkMethod.java:44)
	at org.junit.internal.runners.statements.InvokeMethod.evaluate(InvokeMethod.java:17)
	at org.junit.internal.runners.statements.RunBefores.evaluate(RunBefores.java:26)
	at org.springframework.test.context.junit4.statements.RunBeforeTestMethodCallbacks.evaluate(RunBeforeTestMethodCallbacks.java:74)
	at org.junit.internal.runners.statements.RunAfters.evaluate(RunAfters.java:27)
	at org.springframework.test.context.junit4.statements.RunAfterTestMethodCallbacks.evaluate(RunAfterTestMethodCallbacks.java:83)
	at org.springframework.test.context.junit4.statements.SpringRepeat.evaluate(SpringRepeat.java:72)
	at org.springframework.test.context.junit4.SpringJUnit4ClassRunner.runChild(SpringJUnit4ClassRunner.java:233)
	at org.springframework.test.context.junit4.SpringJUnit4ClassRunner.runChild(SpringJUnit4ClassRunner.java:87)
	at org.junit.runners.ParentRunner$3.run(ParentRunner.java:238)
	at org.junit.runners.ParentRunner$1.schedule(ParentRunner.java:63)
	at org.junit.runners.ParentRunner.runChildren(ParentRunner.java:236)
	at org.junit.runners.ParentRunner.access$000(ParentRunner.java:53)
	at org.junit.runners.ParentRunner$2.evaluate(ParentRunner.java:229)
	at org.junit.internal.runners.statements.RunBefores.evaluate(RunBefores.java:26)
	at org.springframework.test.context.junit4.statements.RunBeforeTestClassCallbacks.evaluate(RunBeforeTestClassCallbacks.java:61)
	at org.springframework.test.context.junit4.statements.RunAfterTestClassCallbacks.evaluate(RunAfterTestClassCallbacks.java:71)
	at org.junit.runners.ParentRunner.run(ParentRunner.java:309)
	at org.springframework.test.context.junit4.SpringJUnit4ClassRunner.run(SpringJUnit4ClassRunner.java:176)
	at org.gradle.api.internal.tasks.testing.junit.JUnitTestClassExecuter.runTestClass(JUnitTestClassExecuter.java:86)
	at org.gradle.api.internal.tasks.testing.junit.JUnitTestClassExecuter.execute(JUnitTestClassExecuter.java:49)
	at org.gradle.api.internal.tasks.testing.junit.JUnitTestClassProcessor.processTestClass(JUnitTestClassProcessor.java:64)
	at org.gradle.api.internal.tasks.testing.SuiteTestClassProcessor.processTestClass(SuiteTestClassProcessor.java:50)
	at sun.reflect.GeneratedMethodAccessor108.invoke(Unknown Source)
	at sun.reflect.DelegatingMethodAccessorImpl.invoke(DelegatingMethodAccessorImpl.java:43)
	at java.lang.reflect.Method.invoke(Method.java:606)
	at org.gradle.messaging.dispatch.ReflectionDispatch.dispatch(ReflectionDispatch.java:35)
	at org.gradle.messaging.dispatch.ReflectionDispatch.dispatch(ReflectionDispatch.java:24)
	at org.gradle.messaging.dispatch.ContextClassLoaderDispatch.dispatch(ContextClassLoaderDispatch.java:32)
	at org.gradle.messaging.dispatch.ProxyDispatchAdapter$DispatchingInvocationHandler.invoke(ProxyDispatchAdapter.java:93)
	at com.sun.proxy.$Proxy2.processTestClass(Unknown Source)
	at org.gradle.api.internal.tasks.testing.worker.TestWorker.processTestClass(TestWorker.java:106)
	at sun.reflect.GeneratedMethodAccessor107.invoke(Unknown Source)
	at sun.reflect.DelegatingMethodAccessorImpl.invoke(DelegatingMethodAccessorImpl.java:43)
	at java.lang.reflect.Method.invoke(Method.java:606)
	at org.gradle.messaging.dispatch.ReflectionDispatch.dispatch(ReflectionDispatch.java:35)
	at org.gradle.messaging.dispatch.ReflectionDispatch.dispatch(ReflectionDispatch.java:24)
	at org.gradle.messaging.remote.internal.hub.MessageHub$Handler.run(MessageHub.java:360)
	at org.gradle.internal.concurrent.DefaultExecutorFactory$StoppableExecutorImpl$1.run(DefaultExecutorFactory.java:64)
	at java.util.concurrent.ThreadPoolExecutor.runWorker(ThreadPoolExecutor.java:1145)
	at java.util.concurrent.ThreadPoolExecutor$Worker.run(ThreadPoolExecutor.java:615)
	at java.lang.Thread.run(Thread.java:745)
CoreContacts.firstName size must be between 0 and 256
java.lang.SecurityException: CoreContacts.firstName size must be between 0 and 256
	at com.athena.server.pluggable.utils.helper.EntityValidatorHelper.validateEntity(EntityValidatorHelper.java:37)
	at projectthree.app.shared.organization.contactmanagement.CoreContacts.isValid(CoreContacts.java:486)
	at projectthree.app.server.service.organization.contactmanagement.CoreContactsTestCase.validateCoreContacts(CoreContactsTestCase.java:470)
	at projectthree.app.server.service.organization.contactmanagement.CoreContactsTestCase.test5NegativeTesting(CoreContactsTestCase.java:520)
	at sun.reflect.NativeMethodAccessorImpl.invoke0(Native Method)
	at sun.reflect.NativeMethodAccessorImpl.invoke(NativeMethodAccessorImpl.java:57)
	at sun.reflect.DelegatingMethodAccessorImpl.invoke(DelegatingMethodAccessorImpl.java:43)
	at java.lang.reflect.Method.invoke(Method.java:606)
	at org.junit.runners.model.FrameworkMethod$1.runReflectiveCall(FrameworkMethod.java:47)
	at org.junit.internal.runners.model.ReflectiveCallable.run(ReflectiveCallable.java:12)
	at org.junit.runners.model.FrameworkMethod.invokeExplosively(FrameworkMethod.java:44)
	at org.junit.internal.runners.statements.InvokeMethod.evaluate(InvokeMethod.java:17)
	at org.junit.internal.runners.statements.RunBefores.evaluate(RunBefores.java:26)
	at org.springframework.test.context.junit4.statements.RunBeforeTestMethodCallbacks.evaluate(RunBeforeTestMethodCallbacks.java:74)
	at org.junit.internal.runners.statements.RunAfters.evaluate(RunAfters.java:27)
	at org.springframework.test.context.junit4.statements.RunAfterTestMethodCallbacks.evaluate(RunAfterTestMethodCallbacks.java:83)
	at org.springframework.test.context.junit4.statements.SpringRepeat.evaluate(SpringRepeat.java:72)
	at org.springframework.test.context.junit4.SpringJUnit4ClassRunner.runChild(SpringJUnit4ClassRunner.java:233)
	at org.springframework.test.context.junit4.SpringJUnit4ClassRunner.runChild(SpringJUnit4ClassRunner.java:87)
	at org.junit.runners.ParentRunner$3.run(ParentRunner.java:238)
	at org.junit.runners.ParentRunner$1.schedule(ParentRunner.java:63)
	at org.junit.runners.ParentRunner.runChildren(ParentRunner.java:236)
	at org.junit.runners.ParentRunner.access$000(ParentRunner.java:53)
	at org.junit.runners.ParentRunner$2.evaluate(ParentRunner.java:229)
	at org.junit.internal.runners.statements.RunBefores.evaluate(RunBefores.java:26)
	at org.springframework.test.context.junit4.statements.RunBeforeTestClassCallbacks.evaluate(RunBeforeTestClassCallbacks.java:61)
	at org.springframework.test.context.junit4.statements.RunAfterTestClassCallbacks.evaluate(RunAfterTestClassCallbacks.java:71)
	at org.junit.runners.ParentRunner.run(ParentRunner.java:309)
	at org.springframework.test.context.junit4.SpringJUnit4ClassRunner.run(SpringJUnit4ClassRunner.java:176)
	at org.gradle.api.internal.tasks.testing.junit.JUnitTestClassExecuter.runTestClass(JUnitTestClassExecuter.java:86)
	at org.gradle.api.internal.tasks.testing.junit.JUnitTestClassExecuter.execute(JUnitTestClassExecuter.java:49)
	at org.gradle.api.internal.tasks.testing.junit.JUnitTestClassProcessor.processTestClass(JUnitTestClassProcessor.java:64)
	at org.gradle.api.internal.tasks.testing.SuiteTestClassProcessor.processTestClass(SuiteTestClassProcessor.java:50)
	at sun.reflect.GeneratedMethodAccessor108.invoke(Unknown Source)
	at sun.reflect.DelegatingMethodAccessorImpl.invoke(DelegatingMethodAccessorImpl.java:43)
	at java.lang.reflect.Method.invoke(Method.java:606)
	at org.gradle.messaging.dispatch.ReflectionDispatch.dispatch(ReflectionDispatch.java:35)
	at org.gradle.messaging.dispatch.ReflectionDispatch.dispatch(ReflectionDispatch.java:24)
	at org.gradle.messaging.dispatch.ContextClassLoaderDispatch.dispatch(ContextClassLoaderDispatch.java:32)
	at org.gradle.messaging.dispatch.ProxyDispatchAdapter$DispatchingInvocationHandler.invoke(ProxyDispatchAdapter.java:93)
	at com.sun.proxy.$Proxy2.processTestClass(Unknown Source)
	at org.gradle.api.internal.tasks.testing.worker.TestWorker.processTestClass(TestWorker.java:106)
	at sun.reflect.GeneratedMethodAccessor107.invoke(Unknown Source)
	at sun.reflect.DelegatingMethodAccessorImpl.invoke(DelegatingMethodAccessorImpl.java:43)
	at java.lang.reflect.Method.invoke(Method.java:606)
	at org.gradle.messaging.dispatch.ReflectionDispatch.dispatch(ReflectionDispatch.java:35)
	at org.gradle.messaging.dispatch.ReflectionDispatch.dispatch(ReflectionDispatch.java:24)
	at org.gradle.messaging.remote.internal.hub.MessageHub$Handler.run(MessageHub.java:360)
	at org.gradle.internal.concurrent.DefaultExecutorFactory$StoppableExecutorImpl$1.run(DefaultExecutorFactory.java:64)
	at java.util.concurrent.ThreadPoolExecutor.runWorker(ThreadPoolExecutor.java:1145)
	at java.util.concurrent.ThreadPoolExecutor$Worker.run(ThreadPoolExecutor.java:615)
	at java.lang.Thread.run(Thread.java:745)
CoreContacts.middleName size must be between 0 and 256
java.lang.SecurityException: CoreContacts.middleName size must be between 0 and 256
	at com.athena.server.pluggable.utils.helper.EntityValidatorHelper.validateEntity(EntityValidatorHelper.java:37)
	at projectthree.app.shared.organization.contactmanagement.CoreContacts.isValid(CoreContacts.java:486)
	at projectthree.app.server.service.organization.contactmanagement.CoreContactsTestCase.validateCoreContacts(CoreContactsTestCase.java:470)
	at projectthree.app.server.service.organization.contactmanagement.CoreContactsTestCase.test5NegativeTesting(CoreContactsTestCase.java:525)
	at sun.reflect.NativeMethodAccessorImpl.invoke0(Native Method)
	at sun.reflect.NativeMethodAccessorImpl.invoke(NativeMethodAccessorImpl.java:57)
	at sun.reflect.DelegatingMethodAccessorImpl.invoke(DelegatingMethodAccessorImpl.java:43)
	at java.lang.reflect.Method.invoke(Method.java:606)
	at org.junit.runners.model.FrameworkMethod$1.runReflectiveCall(FrameworkMethod.java:47)
	at org.junit.internal.runners.model.ReflectiveCallable.run(ReflectiveCallable.java:12)
	at org.junit.runners.model.FrameworkMethod.invokeExplosively(FrameworkMethod.java:44)
	at org.junit.internal.runners.statements.InvokeMethod.evaluate(InvokeMethod.java:17)
	at org.junit.internal.runners.statements.RunBefores.evaluate(RunBefores.java:26)
	at org.springframework.test.context.junit4.statements.RunBeforeTestMethodCallbacks.evaluate(RunBeforeTestMethodCallbacks.java:74)
	at org.junit.internal.runners.statements.RunAfters.evaluate(RunAfters.java:27)
	at org.springframework.test.context.junit4.statements.RunAfterTestMethodCallbacks.evaluate(RunAfterTestMethodCallbacks.java:83)
	at org.springframework.test.context.junit4.statements.SpringRepeat.evaluate(SpringRepeat.java:72)
	at org.springframework.test.context.junit4.SpringJUnit4ClassRunner.runChild(SpringJUnit4ClassRunner.java:233)
	at org.springframework.test.context.junit4.SpringJUnit4ClassRunner.runChild(SpringJUnit4ClassRunner.java:87)
	at org.junit.runners.ParentRunner$3.run(ParentRunner.java:238)
	at org.junit.runners.ParentRunner$1.schedule(ParentRunner.java:63)
	at org.junit.runners.ParentRunner.runChildren(ParentRunner.java:236)
	at org.junit.runners.ParentRunner.access$000(ParentRunner.java:53)
	at org.junit.runners.ParentRunner$2.evaluate(ParentRunner.java:229)
	at org.junit.internal.runners.statements.RunBefores.evaluate(RunBefores.java:26)
	at org.springframework.test.context.junit4.statements.RunBeforeTestClassCallbacks.evaluate(RunBeforeTestClassCallbacks.java:61)
	at org.springframework.test.context.junit4.statements.RunAfterTestClassCallbacks.evaluate(RunAfterTestClassCallbacks.java:71)
	at org.junit.runners.ParentRunner.run(ParentRunner.java:309)
	at org.springframework.test.context.junit4.SpringJUnit4ClassRunner.run(SpringJUnit4ClassRunner.java:176)
	at org.gradle.api.internal.tasks.testing.junit.JUnitTestClassExecuter.runTestClass(JUnitTestClassExecuter.java:86)
	at org.gradle.api.internal.tasks.testing.junit.JUnitTestClassExecuter.execute(JUnitTestClassExecuter.java:49)
	at org.gradle.api.internal.tasks.testing.junit.JUnitTestClassProcessor.processTestClass(JUnitTestClassProcessor.java:64)
	at org.gradle.api.internal.tasks.testing.SuiteTestClassProcessor.processTestClass(SuiteTestClassProcessor.java:50)
	at sun.reflect.GeneratedMethodAccessor108.invoke(Unknown Source)
	at sun.reflect.DelegatingMethodAccessorImpl.invoke(DelegatingMethodAccessorImpl.java:43)
	at java.lang.reflect.Method.invoke(Method.java:606)
	at org.gradle.messaging.dispatch.ReflectionDispatch.dispatch(ReflectionDispatch.java:35)
	at org.gradle.messaging.dispatch.ReflectionDispatch.dispatch(ReflectionDispatch.java:24)
	at org.gradle.messaging.dispatch.ContextClassLoaderDispatch.dispatch(ContextClassLoaderDispatch.java:32)
	at org.gradle.messaging.dispatch.ProxyDispatchAdapter$DispatchingInvocationHandler.invoke(ProxyDispatchAdapter.java:93)
	at com.sun.proxy.$Proxy2.processTestClass(Unknown Source)
	at org.gradle.api.internal.tasks.testing.worker.TestWorker.processTestClass(TestWorker.java:106)
	at sun.reflect.GeneratedMethodAccessor107.invoke(Unknown Source)
	at sun.reflect.DelegatingMethodAccessorImpl.invoke(DelegatingMethodAccessorImpl.java:43)
	at java.lang.reflect.Method.invoke(Method.java:606)
	at org.gradle.messaging.dispatch.ReflectionDispatch.dispatch(ReflectionDispatch.java:35)
	at org.gradle.messaging.dispatch.ReflectionDispatch.dispatch(ReflectionDispatch.java:24)
	at org.gradle.messaging.remote.internal.hub.MessageHub$Handler.run(MessageHub.java:360)
	at org.gradle.internal.concurrent.DefaultExecutorFactory$StoppableExecutorImpl$1.run(DefaultExecutorFactory.java:64)
	at java.util.concurrent.ThreadPoolExecutor.runWorker(ThreadPoolExecutor.java:1145)
	at java.util.concurrent.ThreadPoolExecutor$Worker.run(ThreadPoolExecutor.java:615)
	at java.lang.Thread.run(Thread.java:745)
CoreContacts.lastName may not be null
java.lang.SecurityException: CoreContacts.lastName may not be null
	at com.athena.server.pluggable.utils.helper.EntityValidatorHelper.validateEntity(EntityValidatorHelper.java:37)
	at projectthree.app.shared.organization.contactmanagement.CoreContacts.isValid(CoreContacts.java:486)
	at projectthree.app.server.service.organization.contactmanagement.CoreContactsTestCase.validateCoreContacts(CoreContactsTestCase.java:472)
	at projectthree.app.server.service.organization.contactmanagement.CoreContactsTestCase.test5NegativeTesting(CoreContactsTestCase.java:531)
	at sun.reflect.NativeMethodAccessorImpl.invoke0(Native Method)
	at sun.reflect.NativeMethodAccessorImpl.invoke(NativeMethodAccessorImpl.java:57)
	at sun.reflect.DelegatingMethodAccessorImpl.invoke(DelegatingMethodAccessorImpl.java:43)
	at java.lang.reflect.Method.invoke(Method.java:606)
	at org.junit.runners.model.FrameworkMethod$1.runReflectiveCall(FrameworkMethod.java:47)
	at org.junit.internal.runners.model.ReflectiveCallable.run(ReflectiveCallable.java:12)
	at org.junit.runners.model.FrameworkMethod.invokeExplosively(FrameworkMethod.java:44)
	at org.junit.internal.runners.statements.InvokeMethod.evaluate(InvokeMethod.java:17)
	at org.junit.internal.runners.statements.RunBefores.evaluate(RunBefores.java:26)
	at org.springframework.test.context.junit4.statements.RunBeforeTestMethodCallbacks.evaluate(RunBeforeTestMethodCallbacks.java:74)
	at org.junit.internal.runners.statements.RunAfters.evaluate(RunAfters.java:27)
	at org.springframework.test.context.junit4.statements.RunAfterTestMethodCallbacks.evaluate(RunAfterTestMethodCallbacks.java:83)
	at org.springframework.test.context.junit4.statements.SpringRepeat.evaluate(SpringRepeat.java:72)
	at org.springframework.test.context.junit4.SpringJUnit4ClassRunner.runChild(SpringJUnit4ClassRunner.java:233)
	at org.springframework.test.context.junit4.SpringJUnit4ClassRunner.runChild(SpringJUnit4ClassRunner.java:87)
	at org.junit.runners.ParentRunner$3.run(ParentRunner.java:238)
	at org.junit.runners.ParentRunner$1.schedule(ParentRunner.java:63)
	at org.junit.runners.ParentRunner.runChildren(ParentRunner.java:236)
	at org.junit.runners.ParentRunner.access$000(ParentRunner.java:53)
	at org.junit.runners.ParentRunner$2.evaluate(ParentRunner.java:229)
	at org.junit.internal.runners.statements.RunBefores.evaluate(RunBefores.java:26)
	at org.springframework.test.context.junit4.statements.RunBeforeTestClassCallbacks.evaluate(RunBeforeTestClassCallbacks.java:61)
	at org.springframework.test.context.junit4.statements.RunAfterTestClassCallbacks.evaluate(RunAfterTestClassCallbacks.java:71)
	at org.junit.runners.ParentRunner.run(ParentRunner.java:309)
	at org.springframework.test.context.junit4.SpringJUnit4ClassRunner.run(SpringJUnit4ClassRunner.java:176)
	at org.gradle.api.internal.tasks.testing.junit.JUnitTestClassExecuter.runTestClass(JUnitTestClassExecuter.java:86)
	at org.gradle.api.internal.tasks.testing.junit.JUnitTestClassExecuter.execute(JUnitTestClassExecuter.java:49)
	at org.gradle.api.internal.tasks.testing.junit.JUnitTestClassProcessor.processTestClass(JUnitTestClassProcessor.java:64)
	at org.gradle.api.internal.tasks.testing.SuiteTestClassProcessor.processTestClass(SuiteTestClassProcessor.java:50)
	at sun.reflect.GeneratedMethodAccessor108.invoke(Unknown Source)
	at sun.reflect.DelegatingMethodAccessorImpl.invoke(DelegatingMethodAccessorImpl.java:43)
	at java.lang.reflect.Method.invoke(Method.java:606)
	at org.gradle.messaging.dispatch.ReflectionDispatch.dispatch(ReflectionDispatch.java:35)
	at org.gradle.messaging.dispatch.ReflectionDispatch.dispatch(ReflectionDispatch.java:24)
	at org.gradle.messaging.dispatch.ContextClassLoaderDispatch.dispatch(ContextClassLoaderDispatch.java:32)
	at org.gradle.messaging.dispatch.ProxyDispatchAdapter$DispatchingInvocationHandler.invoke(ProxyDispatchAdapter.java:93)
	at com.sun.proxy.$Proxy2.processTestClass(Unknown Source)
	at org.gradle.api.internal.tasks.testing.worker.TestWorker.processTestClass(TestWorker.java:106)
	at sun.reflect.GeneratedMethodAccessor107.invoke(Unknown Source)
	at sun.reflect.DelegatingMethodAccessorImpl.invoke(DelegatingMethodAccessorImpl.java:43)
	at java.lang.reflect.Method.invoke(Method.java:606)
	at org.gradle.messaging.dispatch.ReflectionDispatch.dispatch(ReflectionDispatch.java:35)
	at org.gradle.messaging.dispatch.ReflectionDispatch.dispatch(ReflectionDispatch.java:24)
	at org.gradle.messaging.remote.internal.hub.MessageHub$Handler.run(MessageHub.java:360)
	at org.gradle.internal.concurrent.DefaultExecutorFactory$StoppableExecutorImpl$1.run(DefaultExecutorFactory.java:64)
	at java.util.concurrent.ThreadPoolExecutor.runWorker(ThreadPoolExecutor.java:1145)
	at java.util.concurrent.ThreadPoolExecutor$Worker.run(ThreadPoolExecutor.java:615)
	at java.lang.Thread.run(Thread.java:745)
CoreContacts.lastName size must be between 0 and 256
java.lang.SecurityException: CoreContacts.lastName size must be between 0 and 256
	at com.athena.server.pluggable.utils.helper.EntityValidatorHelper.validateEntity(EntityValidatorHelper.java:37)
	at projectthree.app.shared.organization.contactmanagement.CoreContacts.isValid(CoreContacts.java:486)
	at projectthree.app.server.service.organization.contactmanagement.CoreContactsTestCase.validateCoreContacts(CoreContactsTestCase.java:470)
	at projectthree.app.server.service.organization.contactmanagement.CoreContactsTestCase.test5NegativeTesting(CoreContactsTestCase.java:536)
	at sun.reflect.NativeMethodAccessorImpl.invoke0(Native Method)
	at sun.reflect.NativeMethodAccessorImpl.invoke(NativeMethodAccessorImpl.java:57)
	at sun.reflect.DelegatingMethodAccessorImpl.invoke(DelegatingMethodAccessorImpl.java:43)
	at java.lang.reflect.Method.invoke(Method.java:606)
	at org.junit.runners.model.FrameworkMethod$1.runReflectiveCall(FrameworkMethod.java:47)
	at org.junit.internal.runners.model.ReflectiveCallable.run(ReflectiveCallable.java:12)
	at org.junit.runners.model.FrameworkMethod.invokeExplosively(FrameworkMethod.java:44)
	at org.junit.internal.runners.statements.InvokeMethod.evaluate(InvokeMethod.java:17)
	at org.junit.internal.runners.statements.RunBefores.evaluate(RunBefores.java:26)
	at org.springframework.test.context.junit4.statements.RunBeforeTestMethodCallbacks.evaluate(RunBeforeTestMethodCallbacks.java:74)
	at org.junit.internal.runners.statements.RunAfters.evaluate(RunAfters.java:27)
	at org.springframework.test.context.junit4.statements.RunAfterTestMethodCallbacks.evaluate(RunAfterTestMethodCallbacks.java:83)
	at org.springframework.test.context.junit4.statements.SpringRepeat.evaluate(SpringRepeat.java:72)
	at org.springframework.test.context.junit4.SpringJUnit4ClassRunner.runChild(SpringJUnit4ClassRunner.java:233)
	at org.springframework.test.context.junit4.SpringJUnit4ClassRunner.runChild(SpringJUnit4ClassRunner.java:87)
	at org.junit.runners.ParentRunner$3.run(ParentRunner.java:238)
	at org.junit.runners.ParentRunner$1.schedule(ParentRunner.java:63)
	at org.junit.runners.ParentRunner.runChildren(ParentRunner.java:236)
	at org.junit.runners.ParentRunner.access$000(ParentRunner.java:53)
	at org.junit.runners.ParentRunner$2.evaluate(ParentRunner.java:229)
	at org.junit.internal.runners.statements.RunBefores.evaluate(RunBefores.java:26)
	at org.springframework.test.context.junit4.statements.RunBeforeTestClassCallbacks.evaluate(RunBeforeTestClassCallbacks.java:61)
	at org.springframework.test.context.junit4.statements.RunAfterTestClassCallbacks.evaluate(RunAfterTestClassCallbacks.java:71)
	at org.junit.runners.ParentRunner.run(ParentRunner.java:309)
	at org.springframework.test.context.junit4.SpringJUnit4ClassRunner.run(SpringJUnit4ClassRunner.java:176)
	at org.gradle.api.internal.tasks.testing.junit.JUnitTestClassExecuter.runTestClass(JUnitTestClassExecuter.java:86)
	at org.gradle.api.internal.tasks.testing.junit.JUnitTestClassExecuter.execute(JUnitTestClassExecuter.java:49)
	at org.gradle.api.internal.tasks.testing.junit.JUnitTestClassProcessor.processTestClass(JUnitTestClassProcessor.java:64)
	at org.gradle.api.internal.tasks.testing.SuiteTestClassProcessor.processTestClass(SuiteTestClassProcessor.java:50)
	at sun.reflect.GeneratedMethodAccessor108.invoke(Unknown Source)
	at sun.reflect.DelegatingMethodAccessorImpl.invoke(DelegatingMethodAccessorImpl.java:43)
	at java.lang.reflect.Method.invoke(Method.java:606)
	at org.gradle.messaging.dispatch.ReflectionDispatch.dispatch(ReflectionDispatch.java:35)
	at org.gradle.messaging.dispatch.ReflectionDispatch.dispatch(ReflectionDispatch.java:24)
	at org.gradle.messaging.dispatch.ContextClassLoaderDispatch.dispatch(ContextClassLoaderDispatch.java:32)
	at org.gradle.messaging.dispatch.ProxyDispatchAdapter$DispatchingInvocationHandler.invoke(ProxyDispatchAdapter.java:93)
	at com.sun.proxy.$Proxy2.processTestClass(Unknown Source)
	at org.gradle.api.internal.tasks.testing.worker.TestWorker.processTestClass(TestWorker.java:106)
	at sun.reflect.GeneratedMethodAccessor107.invoke(Unknown Source)
	at sun.reflect.DelegatingMethodAccessorImpl.invoke(DelegatingMethodAccessorImpl.java:43)
	at java.lang.reflect.Method.invoke(Method.java:606)
	at org.gradle.messaging.dispatch.ReflectionDispatch.dispatch(ReflectionDispatch.java:35)
	at org.gradle.messaging.dispatch.ReflectionDispatch.dispatch(ReflectionDispatch.java:24)
	at org.gradle.messaging.remote.internal.hub.MessageHub$Handler.run(MessageHub.java:360)
	at org.gradle.internal.concurrent.DefaultExecutorFactory$StoppableExecutorImpl$1.run(DefaultExecutorFactory.java:64)
	at java.util.concurrent.ThreadPoolExecutor.runWorker(ThreadPoolExecutor.java:1145)
	at java.util.concurrent.ThreadPoolExecutor$Worker.run(ThreadPoolExecutor.java:615)
	at java.lang.Thread.run(Thread.java:745)
CoreContacts.nativeTitle size must be between 0 and 64
java.lang.SecurityException: CoreContacts.nativeTitle size must be between 0 and 64
	at com.athena.server.pluggable.utils.helper.EntityValidatorHelper.validateEntity(EntityValidatorHelper.java:37)
	at projectthree.app.shared.organization.contactmanagement.CoreContacts.isValid(CoreContacts.java:486)
	at projectthree.app.server.service.organization.contactmanagement.CoreContactsTestCase.validateCoreContacts(CoreContactsTestCase.java:470)
	at projectthree.app.server.service.organization.contactmanagement.CoreContactsTestCase.test5NegativeTesting(CoreContactsTestCase.java:541)
	at sun.reflect.NativeMethodAccessorImpl.invoke0(Native Method)
	at sun.reflect.NativeMethodAccessorImpl.invoke(NativeMethodAccessorImpl.java:57)
	at sun.reflect.DelegatingMethodAccessorImpl.invoke(DelegatingMethodAccessorImpl.java:43)
	at java.lang.reflect.Method.invoke(Method.java:606)
	at org.junit.runners.model.FrameworkMethod$1.runReflectiveCall(FrameworkMethod.java:47)
	at org.junit.internal.runners.model.ReflectiveCallable.run(ReflectiveCallable.java:12)
	at org.junit.runners.model.FrameworkMethod.invokeExplosively(FrameworkMethod.java:44)
	at org.junit.internal.runners.statements.InvokeMethod.evaluate(InvokeMethod.java:17)
	at org.junit.internal.runners.statements.RunBefores.evaluate(RunBefores.java:26)
	at org.springframework.test.context.junit4.statements.RunBeforeTestMethodCallbacks.evaluate(RunBeforeTestMethodCallbacks.java:74)
	at org.junit.internal.runners.statements.RunAfters.evaluate(RunAfters.java:27)
	at org.springframework.test.context.junit4.statements.RunAfterTestMethodCallbacks.evaluate(RunAfterTestMethodCallbacks.java:83)
	at org.springframework.test.context.junit4.statements.SpringRepeat.evaluate(SpringRepeat.java:72)
	at org.springframework.test.context.junit4.SpringJUnit4ClassRunner.runChild(SpringJUnit4ClassRunner.java:233)
	at org.springframework.test.context.junit4.SpringJUnit4ClassRunner.runChild(SpringJUnit4ClassRunner.java:87)
	at org.junit.runners.ParentRunner$3.run(ParentRunner.java:238)
	at org.junit.runners.ParentRunner$1.schedule(ParentRunner.java:63)
	at org.junit.runners.ParentRunner.runChildren(ParentRunner.java:236)
	at org.junit.runners.ParentRunner.access$000(ParentRunner.java:53)
	at org.junit.runners.ParentRunner$2.evaluate(ParentRunner.java:229)
	at org.junit.internal.runners.statements.RunBefores.evaluate(RunBefores.java:26)
	at org.springframework.test.context.junit4.statements.RunBeforeTestClassCallbacks.evaluate(RunBeforeTestClassCallbacks.java:61)
	at org.springframework.test.context.junit4.statements.RunAfterTestClassCallbacks.evaluate(RunAfterTestClassCallbacks.java:71)
	at org.junit.runners.ParentRunner.run(ParentRunner.java:309)
	at org.springframework.test.context.junit4.SpringJUnit4ClassRunner.run(SpringJUnit4ClassRunner.java:176)
	at org.gradle.api.internal.tasks.testing.junit.JUnitTestClassExecuter.runTestClass(JUnitTestClassExecuter.java:86)
	at org.gradle.api.internal.tasks.testing.junit.JUnitTestClassExecuter.execute(JUnitTestClassExecuter.java:49)
	at org.gradle.api.internal.tasks.testing.junit.JUnitTestClassProcessor.processTestClass(JUnitTestClassProcessor.java:64)
	at org.gradle.api.internal.tasks.testing.SuiteTestClassProcessor.processTestClass(SuiteTestClassProcessor.java:50)
	at sun.reflect.GeneratedMethodAccessor108.invoke(Unknown Source)
	at sun.reflect.DelegatingMethodAccessorImpl.invoke(DelegatingMethodAccessorImpl.java:43)
	at java.lang.reflect.Method.invoke(Method.java:606)
	at org.gradle.messaging.dispatch.ReflectionDispatch.dispatch(ReflectionDispatch.java:35)
	at org.gradle.messaging.dispatch.ReflectionDispatch.dispatch(ReflectionDispatch.java:24)
	at org.gradle.messaging.dispatch.ContextClassLoaderDispatch.dispatch(ContextClassLoaderDispatch.java:32)
	at org.gradle.messaging.dispatch.ProxyDispatchAdapter$DispatchingInvocationHandler.invoke(ProxyDispatchAdapter.java:93)
	at com.sun.proxy.$Proxy2.processTestClass(Unknown Source)
	at org.gradle.api.internal.tasks.testing.worker.TestWorker.processTestClass(TestWorker.java:106)
	at sun.reflect.GeneratedMethodAccessor107.invoke(Unknown Source)
	at sun.reflect.DelegatingMethodAccessorImpl.invoke(DelegatingMethodAccessorImpl.java:43)
	at java.lang.reflect.Method.invoke(Method.java:606)
	at org.gradle.messaging.dispatch.ReflectionDispatch.dispatch(ReflectionDispatch.java:35)
	at org.gradle.messaging.dispatch.ReflectionDispatch.dispatch(ReflectionDispatch.java:24)
	at org.gradle.messaging.remote.internal.hub.MessageHub$Handler.run(MessageHub.java:360)
	at org.gradle.internal.concurrent.DefaultExecutorFactory$StoppableExecutorImpl$1.run(DefaultExecutorFactory.java:64)
	at java.util.concurrent.ThreadPoolExecutor.runWorker(ThreadPoolExecutor.java:1145)
	at java.util.concurrent.ThreadPoolExecutor$Worker.run(ThreadPoolExecutor.java:615)
	at java.lang.Thread.run(Thread.java:745)
CoreContacts.nativeFirstName size must be between 0 and 256
java.lang.SecurityException: CoreContacts.nativeFirstName size must be between 0 and 256
	at com.athena.server.pluggable.utils.helper.EntityValidatorHelper.validateEntity(EntityValidatorHelper.java:37)
	at projectthree.app.shared.organization.contactmanagement.CoreContacts.isValid(CoreContacts.java:486)
	at projectthree.app.server.service.organization.contactmanagement.CoreContactsTestCase.validateCoreContacts(CoreContactsTestCase.java:470)
	at projectthree.app.server.service.organization.contactmanagement.CoreContactsTestCase.test5NegativeTesting(CoreContactsTestCase.java:546)
	at sun.reflect.NativeMethodAccessorImpl.invoke0(Native Method)
	at sun.reflect.NativeMethodAccessorImpl.invoke(NativeMethodAccessorImpl.java:57)
	at sun.reflect.DelegatingMethodAccessorImpl.invoke(DelegatingMethodAccessorImpl.java:43)
	at java.lang.reflect.Method.invoke(Method.java:606)
	at org.junit.runners.model.FrameworkMethod$1.runReflectiveCall(FrameworkMethod.java:47)
	at org.junit.internal.runners.model.ReflectiveCallable.run(ReflectiveCallable.java:12)
	at org.junit.runners.model.FrameworkMethod.invokeExplosively(FrameworkMethod.java:44)
	at org.junit.internal.runners.statements.InvokeMethod.evaluate(InvokeMethod.java:17)
	at org.junit.internal.runners.statements.RunBefores.evaluate(RunBefores.java:26)
	at org.springframework.test.context.junit4.statements.RunBeforeTestMethodCallbacks.evaluate(RunBeforeTestMethodCallbacks.java:74)
	at org.junit.internal.runners.statements.RunAfters.evaluate(RunAfters.java:27)
	at org.springframework.test.context.junit4.statements.RunAfterTestMethodCallbacks.evaluate(RunAfterTestMethodCallbacks.java:83)
	at org.springframework.test.context.junit4.statements.SpringRepeat.evaluate(SpringRepeat.java:72)
	at org.springframework.test.context.junit4.SpringJUnit4ClassRunner.runChild(SpringJUnit4ClassRunner.java:233)
	at org.springframework.test.context.junit4.SpringJUnit4ClassRunner.runChild(SpringJUnit4ClassRunner.java:87)
	at org.junit.runners.ParentRunner$3.run(ParentRunner.java:238)
	at org.junit.runners.ParentRunner$1.schedule(ParentRunner.java:63)
	at org.junit.runners.ParentRunner.runChildren(ParentRunner.java:236)
	at org.junit.runners.ParentRunner.access$000(ParentRunner.java:53)
	at org.junit.runners.ParentRunner$2.evaluate(ParentRunner.java:229)
	at org.junit.internal.runners.statements.RunBefores.evaluate(RunBefores.java:26)
	at org.springframework.test.context.junit4.statements.RunBeforeTestClassCallbacks.evaluate(RunBeforeTestClassCallbacks.java:61)
	at org.springframework.test.context.junit4.statements.RunAfterTestClassCallbacks.evaluate(RunAfterTestClassCallbacks.java:71)
	at org.junit.runners.ParentRunner.run(ParentRunner.java:309)
	at org.springframework.test.context.junit4.SpringJUnit4ClassRunner.run(SpringJUnit4ClassRunner.java:176)
	at org.gradle.api.internal.tasks.testing.junit.JUnitTestClassExecuter.runTestClass(JUnitTestClassExecuter.java:86)
	at org.gradle.api.internal.tasks.testing.junit.JUnitTestClassExecuter.execute(JUnitTestClassExecuter.java:49)
	at org.gradle.api.internal.tasks.testing.junit.JUnitTestClassProcessor.processTestClass(JUnitTestClassProcessor.java:64)
	at org.gradle.api.internal.tasks.testing.SuiteTestClassProcessor.processTestClass(SuiteTestClassProcessor.java:50)
	at sun.reflect.GeneratedMethodAccessor108.invoke(Unknown Source)
	at sun.reflect.DelegatingMethodAccessorImpl.invoke(DelegatingMethodAccessorImpl.java:43)
	at java.lang.reflect.Method.invoke(Method.java:606)
	at org.gradle.messaging.dispatch.ReflectionDispatch.dispatch(ReflectionDispatch.java:35)
	at org.gradle.messaging.dispatch.ReflectionDispatch.dispatch(ReflectionDispatch.java:24)
	at org.gradle.messaging.dispatch.ContextClassLoaderDispatch.dispatch(ContextClassLoaderDispatch.java:32)
	at org.gradle.messaging.dispatch.ProxyDispatchAdapter$DispatchingInvocationHandler.invoke(ProxyDispatchAdapter.java:93)
	at com.sun.proxy.$Proxy2.processTestClass(Unknown Source)
	at org.gradle.api.internal.tasks.testing.worker.TestWorker.processTestClass(TestWorker.java:106)
	at sun.reflect.GeneratedMethodAccessor107.invoke(Unknown Source)
	at sun.reflect.DelegatingMethodAccessorImpl.invoke(DelegatingMethodAccessorImpl.java:43)
	at java.lang.reflect.Method.invoke(Method.java:606)
	at org.gradle.messaging.dispatch.ReflectionDispatch.dispatch(ReflectionDispatch.java:35)
	at org.gradle.messaging.dispatch.ReflectionDispatch.dispatch(ReflectionDispatch.java:24)
	at org.gradle.messaging.remote.internal.hub.MessageHub$Handler.run(MessageHub.java:360)
	at org.gradle.internal.concurrent.DefaultExecutorFactory$StoppableExecutorImpl$1.run(DefaultExecutorFactory.java:64)
	at java.util.concurrent.ThreadPoolExecutor.runWorker(ThreadPoolExecutor.java:1145)
	at java.util.concurrent.ThreadPoolExecutor$Worker.run(ThreadPoolExecutor.java:615)
	at java.lang.Thread.run(Thread.java:745)
CoreContacts.nativeMiddleName size must be between 0 and 256
java.lang.SecurityException: CoreContacts.nativeMiddleName size must be between 0 and 256
	at com.athena.server.pluggable.utils.helper.EntityValidatorHelper.validateEntity(EntityValidatorHelper.java:37)
	at projectthree.app.shared.organization.contactmanagement.CoreContacts.isValid(CoreContacts.java:486)
	at projectthree.app.server.service.organization.contactmanagement.CoreContactsTestCase.validateCoreContacts(CoreContactsTestCase.java:470)
	at projectthree.app.server.service.organization.contactmanagement.CoreContactsTestCase.test5NegativeTesting(CoreContactsTestCase.java:551)
	at sun.reflect.NativeMethodAccessorImpl.invoke0(Native Method)
	at sun.reflect.NativeMethodAccessorImpl.invoke(NativeMethodAccessorImpl.java:57)
	at sun.reflect.DelegatingMethodAccessorImpl.invoke(DelegatingMethodAccessorImpl.java:43)
	at java.lang.reflect.Method.invoke(Method.java:606)
	at org.junit.runners.model.FrameworkMethod$1.runReflectiveCall(FrameworkMethod.java:47)
	at org.junit.internal.runners.model.ReflectiveCallable.run(ReflectiveCallable.java:12)
	at org.junit.runners.model.FrameworkMethod.invokeExplosively(FrameworkMethod.java:44)
	at org.junit.internal.runners.statements.InvokeMethod.evaluate(InvokeMethod.java:17)
	at org.junit.internal.runners.statements.RunBefores.evaluate(RunBefores.java:26)
	at org.springframework.test.context.junit4.statements.RunBeforeTestMethodCallbacks.evaluate(RunBeforeTestMethodCallbacks.java:74)
	at org.junit.internal.runners.statements.RunAfters.evaluate(RunAfters.java:27)
	at org.springframework.test.context.junit4.statements.RunAfterTestMethodCallbacks.evaluate(RunAfterTestMethodCallbacks.java:83)
	at org.springframework.test.context.junit4.statements.SpringRepeat.evaluate(SpringRepeat.java:72)
	at org.springframework.test.context.junit4.SpringJUnit4ClassRunner.runChild(SpringJUnit4ClassRunner.java:233)
	at org.springframework.test.context.junit4.SpringJUnit4ClassRunner.runChild(SpringJUnit4ClassRunner.java:87)
	at org.junit.runners.ParentRunner$3.run(ParentRunner.java:238)
	at org.junit.runners.ParentRunner$1.schedule(ParentRunner.java:63)
	at org.junit.runners.ParentRunner.runChildren(ParentRunner.java:236)
	at org.junit.runners.ParentRunner.access$000(ParentRunner.java:53)
	at org.junit.runners.ParentRunner$2.evaluate(ParentRunner.java:229)
	at org.junit.internal.runners.statements.RunBefores.evaluate(RunBefores.java:26)
	at org.springframework.test.context.junit4.statements.RunBeforeTestClassCallbacks.evaluate(RunBeforeTestClassCallbacks.java:61)
	at org.springframework.test.context.junit4.statements.RunAfterTestClassCallbacks.evaluate(RunAfterTestClassCallbacks.java:71)
	at org.junit.runners.ParentRunner.run(ParentRunner.java:309)
	at org.springframework.test.context.junit4.SpringJUnit4ClassRunner.run(SpringJUnit4ClassRunner.java:176)
	at org.gradle.api.internal.tasks.testing.junit.JUnitTestClassExecuter.runTestClass(JUnitTestClassExecuter.java:86)
	at org.gradle.api.internal.tasks.testing.junit.JUnitTestClassExecuter.execute(JUnitTestClassExecuter.java:49)
	at org.gradle.api.internal.tasks.testing.junit.JUnitTestClassProcessor.processTestClass(JUnitTestClassProcessor.java:64)
	at org.gradle.api.internal.tasks.testing.SuiteTestClassProcessor.processTestClass(SuiteTestClassProcessor.java:50)
	at sun.reflect.GeneratedMethodAccessor108.invoke(Unknown Source)
	at sun.reflect.DelegatingMethodAccessorImpl.invoke(DelegatingMethodAccessorImpl.java:43)
	at java.lang.reflect.Method.invoke(Method.java:606)
	at org.gradle.messaging.dispatch.ReflectionDispatch.dispatch(ReflectionDispatch.java:35)
	at org.gradle.messaging.dispatch.ReflectionDispatch.dispatch(ReflectionDispatch.java:24)
	at org.gradle.messaging.dispatch.ContextClassLoaderDispatch.dispatch(ContextClassLoaderDispatch.java:32)
	at org.gradle.messaging.dispatch.ProxyDispatchAdapter$DispatchingInvocationHandler.invoke(ProxyDispatchAdapter.java:93)
	at com.sun.proxy.$Proxy2.processTestClass(Unknown Source)
	at org.gradle.api.internal.tasks.testing.worker.TestWorker.processTestClass(TestWorker.java:106)
	at sun.reflect.GeneratedMethodAccessor107.invoke(Unknown Source)
	at sun.reflect.DelegatingMethodAccessorImpl.invoke(DelegatingMethodAccessorImpl.java:43)
	at java.lang.reflect.Method.invoke(Method.java:606)
	at org.gradle.messaging.dispatch.ReflectionDispatch.dispatch(ReflectionDispatch.java:35)
	at org.gradle.messaging.dispatch.ReflectionDispatch.dispatch(ReflectionDispatch.java:24)
	at org.gradle.messaging.remote.internal.hub.MessageHub$Handler.run(MessageHub.java:360)
	at org.gradle.internal.concurrent.DefaultExecutorFactory$StoppableExecutorImpl$1.run(DefaultExecutorFactory.java:64)
	at java.util.concurrent.ThreadPoolExecutor.runWorker(ThreadPoolExecutor.java:1145)
	at java.util.concurrent.ThreadPoolExecutor$Worker.run(ThreadPoolExecutor.java:615)
	at java.lang.Thread.run(Thread.java:745)
CoreContacts.nativeLastName size must be between 0 and 256
java.lang.SecurityException: CoreContacts.nativeLastName size must be between 0 and 256
	at com.athena.server.pluggable.utils.helper.EntityValidatorHelper.validateEntity(EntityValidatorHelper.java:37)
	at projectthree.app.shared.organization.contactmanagement.CoreContacts.isValid(CoreContacts.java:486)
	at projectthree.app.server.service.organization.contactmanagement.CoreContactsTestCase.validateCoreContacts(CoreContactsTestCase.java:470)
	at projectthree.app.server.service.organization.contactmanagement.CoreContactsTestCase.test5NegativeTesting(CoreContactsTestCase.java:556)
	at sun.reflect.NativeMethodAccessorImpl.invoke0(Native Method)
	at sun.reflect.NativeMethodAccessorImpl.invoke(NativeMethodAccessorImpl.java:57)
	at sun.reflect.DelegatingMethodAccessorImpl.invoke(DelegatingMethodAccessorImpl.java:43)
	at java.lang.reflect.Method.invoke(Method.java:606)
	at org.junit.runners.model.FrameworkMethod$1.runReflectiveCall(FrameworkMethod.java:47)
	at org.junit.internal.runners.model.ReflectiveCallable.run(ReflectiveCallable.java:12)
	at org.junit.runners.model.FrameworkMethod.invokeExplosively(FrameworkMethod.java:44)
	at org.junit.internal.runners.statements.InvokeMethod.evaluate(InvokeMethod.java:17)
	at org.junit.internal.runners.statements.RunBefores.evaluate(RunBefores.java:26)
	at org.springframework.test.context.junit4.statements.RunBeforeTestMethodCallbacks.evaluate(RunBeforeTestMethodCallbacks.java:74)
	at org.junit.internal.runners.statements.RunAfters.evaluate(RunAfters.java:27)
	at org.springframework.test.context.junit4.statements.RunAfterTestMethodCallbacks.evaluate(RunAfterTestMethodCallbacks.java:83)
	at org.springframework.test.context.junit4.statements.SpringRepeat.evaluate(SpringRepeat.java:72)
	at org.springframework.test.context.junit4.SpringJUnit4ClassRunner.runChild(SpringJUnit4ClassRunner.java:233)
	at org.springframework.test.context.junit4.SpringJUnit4ClassRunner.runChild(SpringJUnit4ClassRunner.java:87)
	at org.junit.runners.ParentRunner$3.run(ParentRunner.java:238)
	at org.junit.runners.ParentRunner$1.schedule(ParentRunner.java:63)
	at org.junit.runners.ParentRunner.runChildren(ParentRunner.java:236)
	at org.junit.runners.ParentRunner.access$000(ParentRunner.java:53)
	at org.junit.runners.ParentRunner$2.evaluate(ParentRunner.java:229)
	at org.junit.internal.runners.statements.RunBefores.evaluate(RunBefores.java:26)
	at org.springframework.test.context.junit4.statements.RunBeforeTestClassCallbacks.evaluate(RunBeforeTestClassCallbacks.java:61)
	at org.springframework.test.context.junit4.statements.RunAfterTestClassCallbacks.evaluate(RunAfterTestClassCallbacks.java:71)
	at org.junit.runners.ParentRunner.run(ParentRunner.java:309)
	at org.springframework.test.context.junit4.SpringJUnit4ClassRunner.run(SpringJUnit4ClassRunner.java:176)
	at org.gradle.api.internal.tasks.testing.junit.JUnitTestClassExecuter.runTestClass(JUnitTestClassExecuter.java:86)
	at org.gradle.api.internal.tasks.testing.junit.JUnitTestClassExecuter.execute(JUnitTestClassExecuter.java:49)
	at org.gradle.api.internal.tasks.testing.junit.JUnitTestClassProcessor.processTestClass(JUnitTestClassProcessor.java:64)
	at org.gradle.api.internal.tasks.testing.SuiteTestClassProcessor.processTestClass(SuiteTestClassProcessor.java:50)
	at sun.reflect.GeneratedMethodAccessor108.invoke(Unknown Source)
	at sun.reflect.DelegatingMethodAccessorImpl.invoke(DelegatingMethodAccessorImpl.java:43)
	at java.lang.reflect.Method.invoke(Method.java:606)
	at org.gradle.messaging.dispatch.ReflectionDispatch.dispatch(ReflectionDispatch.java:35)
	at org.gradle.messaging.dispatch.ReflectionDispatch.dispatch(ReflectionDispatch.java:24)
	at org.gradle.messaging.dispatch.ContextClassLoaderDispatch.dispatch(ContextClassLoaderDispatch.java:32)
	at org.gradle.messaging.dispatch.ProxyDispatchAdapter$DispatchingInvocationHandler.invoke(ProxyDispatchAdapter.java:93)
	at com.sun.proxy.$Proxy2.processTestClass(Unknown Source)
	at org.gradle.api.internal.tasks.testing.worker.TestWorker.processTestClass(TestWorker.java:106)
	at sun.reflect.GeneratedMethodAccessor107.invoke(Unknown Source)
	at sun.reflect.DelegatingMethodAccessorImpl.invoke(DelegatingMethodAccessorImpl.java:43)
	at java.lang.reflect.Method.invoke(Method.java:606)
	at org.gradle.messaging.dispatch.ReflectionDispatch.dispatch(ReflectionDispatch.java:35)
	at org.gradle.messaging.dispatch.ReflectionDispatch.dispatch(ReflectionDispatch.java:24)
	at org.gradle.messaging.remote.internal.hub.MessageHub$Handler.run(MessageHub.java:360)
	at org.gradle.internal.concurrent.DefaultExecutorFactory$StoppableExecutorImpl$1.run(DefaultExecutorFactory.java:64)
	at java.util.concurrent.ThreadPoolExecutor.runWorker(ThreadPoolExecutor.java:1145)
	at java.util.concurrent.ThreadPoolExecutor$Worker.run(ThreadPoolExecutor.java:615)
	at java.lang.Thread.run(Thread.java:745)
CoreContacts.age must be less than or equal to 125
java.lang.SecurityException: CoreContacts.age must be less than or equal to 125
	at com.athena.server.pluggable.utils.helper.EntityValidatorHelper.validateEntity(EntityValidatorHelper.java:37)
	at projectthree.app.shared.organization.contactmanagement.CoreContacts.isValid(CoreContacts.java:486)
	at projectthree.app.server.service.organization.contactmanagement.CoreContactsTestCase.validateCoreContacts(CoreContactsTestCase.java:470)
	at projectthree.app.server.service.organization.contactmanagement.CoreContactsTestCase.test5NegativeTesting(CoreContactsTestCase.java:561)
	at sun.reflect.NativeMethodAccessorImpl.invoke0(Native Method)
	at sun.reflect.NativeMethodAccessorImpl.invoke(NativeMethodAccessorImpl.java:57)
	at sun.reflect.DelegatingMethodAccessorImpl.invoke(DelegatingMethodAccessorImpl.java:43)
	at java.lang.reflect.Method.invoke(Method.java:606)
	at org.junit.runners.model.FrameworkMethod$1.runReflectiveCall(FrameworkMethod.java:47)
	at org.junit.internal.runners.model.ReflectiveCallable.run(ReflectiveCallable.java:12)
	at org.junit.runners.model.FrameworkMethod.invokeExplosively(FrameworkMethod.java:44)
	at org.junit.internal.runners.statements.InvokeMethod.evaluate(InvokeMethod.java:17)
	at org.junit.internal.runners.statements.RunBefores.evaluate(RunBefores.java:26)
	at org.springframework.test.context.junit4.statements.RunBeforeTestMethodCallbacks.evaluate(RunBeforeTestMethodCallbacks.java:74)
	at org.junit.internal.runners.statements.RunAfters.evaluate(RunAfters.java:27)
	at org.springframework.test.context.junit4.statements.RunAfterTestMethodCallbacks.evaluate(RunAfterTestMethodCallbacks.java:83)
	at org.springframework.test.context.junit4.statements.SpringRepeat.evaluate(SpringRepeat.java:72)
	at org.springframework.test.context.junit4.SpringJUnit4ClassRunner.runChild(SpringJUnit4ClassRunner.java:233)
	at org.springframework.test.context.junit4.SpringJUnit4ClassRunner.runChild(SpringJUnit4ClassRunner.java:87)
	at org.junit.runners.ParentRunner$3.run(ParentRunner.java:238)
	at org.junit.runners.ParentRunner$1.schedule(ParentRunner.java:63)
	at org.junit.runners.ParentRunner.runChildren(ParentRunner.java:236)
	at org.junit.runners.ParentRunner.access$000(ParentRunner.java:53)
	at org.junit.runners.ParentRunner$2.evaluate(ParentRunner.java:229)
	at org.junit.internal.runners.statements.RunBefores.evaluate(RunBefores.java:26)
	at org.springframework.test.context.junit4.statements.RunBeforeTestClassCallbacks.evaluate(RunBeforeTestClassCallbacks.java:61)
	at org.springframework.test.context.junit4.statements.RunAfterTestClassCallbacks.evaluate(RunAfterTestClassCallbacks.java:71)
	at org.junit.runners.ParentRunner.run(ParentRunner.java:309)
	at org.springframework.test.context.junit4.SpringJUnit4ClassRunner.run(SpringJUnit4ClassRunner.java:176)
	at org.gradle.api.internal.tasks.testing.junit.JUnitTestClassExecuter.runTestClass(JUnitTestClassExecuter.java:86)
	at org.gradle.api.internal.tasks.testing.junit.JUnitTestClassExecuter.execute(JUnitTestClassExecuter.java:49)
	at org.gradle.api.internal.tasks.testing.junit.JUnitTestClassProcessor.processTestClass(JUnitTestClassProcessor.java:64)
	at org.gradle.api.internal.tasks.testing.SuiteTestClassProcessor.processTestClass(SuiteTestClassProcessor.java:50)
	at sun.reflect.GeneratedMethodAccessor108.invoke(Unknown Source)
	at sun.reflect.DelegatingMethodAccessorImpl.invoke(DelegatingMethodAccessorImpl.java:43)
	at java.lang.reflect.Method.invoke(Method.java:606)
	at org.gradle.messaging.dispatch.ReflectionDispatch.dispatch(ReflectionDispatch.java:35)
	at org.gradle.messaging.dispatch.ReflectionDispatch.dispatch(ReflectionDispatch.java:24)
	at org.gradle.messaging.dispatch.ContextClassLoaderDispatch.dispatch(ContextClassLoaderDispatch.java:32)
	at org.gradle.messaging.dispatch.ProxyDispatchAdapter$DispatchingInvocationHandler.invoke(ProxyDispatchAdapter.java:93)
	at com.sun.proxy.$Proxy2.processTestClass(Unknown Source)
	at org.gradle.api.internal.tasks.testing.worker.TestWorker.processTestClass(TestWorker.java:106)
	at sun.reflect.GeneratedMethodAccessor107.invoke(Unknown Source)
	at sun.reflect.DelegatingMethodAccessorImpl.invoke(DelegatingMethodAccessorImpl.java:43)
	at java.lang.reflect.Method.invoke(Method.java:606)
	at org.gradle.messaging.dispatch.ReflectionDispatch.dispatch(ReflectionDispatch.java:35)
	at org.gradle.messaging.dispatch.ReflectionDispatch.dispatch(ReflectionDispatch.java:24)
	at org.gradle.messaging.remote.internal.hub.MessageHub$Handler.run(MessageHub.java:360)
	at org.gradle.internal.concurrent.DefaultExecutorFactory$StoppableExecutorImpl$1.run(DefaultExecutorFactory.java:64)
	at java.util.concurrent.ThreadPoolExecutor.runWorker(ThreadPoolExecutor.java:1145)
	at java.util.concurrent.ThreadPoolExecutor$Worker.run(ThreadPoolExecutor.java:615)
	at java.lang.Thread.run(Thread.java:745)
CoreContacts.emailId may not be null
java.lang.SecurityException: CoreContacts.emailId may not be null
	at com.athena.server.pluggable.utils.helper.EntityValidatorHelper.validateEntity(EntityValidatorHelper.java:37)
	at projectthree.app.shared.organization.contactmanagement.CoreContacts.isValid(CoreContacts.java:486)
	at projectthree.app.server.service.organization.contactmanagement.CoreContactsTestCase.validateCoreContacts(CoreContactsTestCase.java:472)
	at projectthree.app.server.service.organization.contactmanagement.CoreContactsTestCase.test5NegativeTesting(CoreContactsTestCase.java:567)
	at sun.reflect.NativeMethodAccessorImpl.invoke0(Native Method)
	at sun.reflect.NativeMethodAccessorImpl.invoke(NativeMethodAccessorImpl.java:57)
	at sun.reflect.DelegatingMethodAccessorImpl.invoke(DelegatingMethodAccessorImpl.java:43)
	at java.lang.reflect.Method.invoke(Method.java:606)
	at org.junit.runners.model.FrameworkMethod$1.runReflectiveCall(FrameworkMethod.java:47)
	at org.junit.internal.runners.model.ReflectiveCallable.run(ReflectiveCallable.java:12)
	at org.junit.runners.model.FrameworkMethod.invokeExplosively(FrameworkMethod.java:44)
	at org.junit.internal.runners.statements.InvokeMethod.evaluate(InvokeMethod.java:17)
	at org.junit.internal.runners.statements.RunBefores.evaluate(RunBefores.java:26)
	at org.springframework.test.context.junit4.statements.RunBeforeTestMethodCallbacks.evaluate(RunBeforeTestMethodCallbacks.java:74)
	at org.junit.internal.runners.statements.RunAfters.evaluate(RunAfters.java:27)
	at org.springframework.test.context.junit4.statements.RunAfterTestMethodCallbacks.evaluate(RunAfterTestMethodCallbacks.java:83)
	at org.springframework.test.context.junit4.statements.SpringRepeat.evaluate(SpringRepeat.java:72)
	at org.springframework.test.context.junit4.SpringJUnit4ClassRunner.runChild(SpringJUnit4ClassRunner.java:233)
	at org.springframework.test.context.junit4.SpringJUnit4ClassRunner.runChild(SpringJUnit4ClassRunner.java:87)
	at org.junit.runners.ParentRunner$3.run(ParentRunner.java:238)
	at org.junit.runners.ParentRunner$1.schedule(ParentRunner.java:63)
	at org.junit.runners.ParentRunner.runChildren(ParentRunner.java:236)
	at org.junit.runners.ParentRunner.access$000(ParentRunner.java:53)
	at org.junit.runners.ParentRunner$2.evaluate(ParentRunner.java:229)
	at org.junit.internal.runners.statements.RunBefores.evaluate(RunBefores.java:26)
	at org.springframework.test.context.junit4.statements.RunBeforeTestClassCallbacks.evaluate(RunBeforeTestClassCallbacks.java:61)
	at org.springframework.test.context.junit4.statements.RunAfterTestClassCallbacks.evaluate(RunAfterTestClassCallbacks.java:71)
	at org.junit.runners.ParentRunner.run(ParentRunner.java:309)
	at org.springframework.test.context.junit4.SpringJUnit4ClassRunner.run(SpringJUnit4ClassRunner.java:176)
	at org.gradle.api.internal.tasks.testing.junit.JUnitTestClassExecuter.runTestClass(JUnitTestClassExecuter.java:86)
	at org.gradle.api.internal.tasks.testing.junit.JUnitTestClassExecuter.execute(JUnitTestClassExecuter.java:49)
	at org.gradle.api.internal.tasks.testing.junit.JUnitTestClassProcessor.processTestClass(JUnitTestClassProcessor.java:64)
	at org.gradle.api.internal.tasks.testing.SuiteTestClassProcessor.processTestClass(SuiteTestClassProcessor.java:50)
	at sun.reflect.GeneratedMethodAccessor108.invoke(Unknown Source)
	at sun.reflect.DelegatingMethodAccessorImpl.invoke(DelegatingMethodAccessorImpl.java:43)
	at java.lang.reflect.Method.invoke(Method.java:606)
	at org.gradle.messaging.dispatch.ReflectionDispatch.dispatch(ReflectionDispatch.java:35)
	at org.gradle.messaging.dispatch.ReflectionDispatch.dispatch(ReflectionDispatch.java:24)
	at org.gradle.messaging.dispatch.ContextClassLoaderDispatch.dispatch(ContextClassLoaderDispatch.java:32)
	at org.gradle.messaging.dispatch.ProxyDispatchAdapter$DispatchingInvocationHandler.invoke(ProxyDispatchAdapter.java:93)
	at com.sun.proxy.$Proxy2.processTestClass(Unknown Source)
	at org.gradle.api.internal.tasks.testing.worker.TestWorker.processTestClass(TestWorker.java:106)
	at sun.reflect.GeneratedMethodAccessor107.invoke(Unknown Source)
	at sun.reflect.DelegatingMethodAccessorImpl.invoke(DelegatingMethodAccessorImpl.java:43)
	at java.lang.reflect.Method.invoke(Method.java:606)
	at org.gradle.messaging.dispatch.ReflectionDispatch.dispatch(ReflectionDispatch.java:35)
	at org.gradle.messaging.dispatch.ReflectionDispatch.dispatch(ReflectionDispatch.java:24)
	at org.gradle.messaging.remote.internal.hub.MessageHub$Handler.run(MessageHub.java:360)
	at org.gradle.internal.concurrent.DefaultExecutorFactory$StoppableExecutorImpl$1.run(DefaultExecutorFactory.java:64)
	at java.util.concurrent.ThreadPoolExecutor.runWorker(ThreadPoolExecutor.java:1145)
	at java.util.concurrent.ThreadPoolExecutor$Worker.run(ThreadPoolExecutor.java:615)
	at java.lang.Thread.run(Thread.java:745)
CoreContacts.emailId size must be between 0 and 256
java.lang.SecurityException: CoreContacts.emailId size must be between 0 and 256
	at com.athena.server.pluggable.utils.helper.EntityValidatorHelper.validateEntity(EntityValidatorHelper.java:37)
	at projectthree.app.shared.organization.contactmanagement.CoreContacts.isValid(CoreContacts.java:486)
	at projectthree.app.server.service.organization.contactmanagement.CoreContactsTestCase.validateCoreContacts(CoreContactsTestCase.java:470)
	at projectthree.app.server.service.organization.contactmanagement.CoreContactsTestCase.test5NegativeTesting(CoreContactsTestCase.java:572)
	at sun.reflect.NativeMethodAccessorImpl.invoke0(Native Method)
	at sun.reflect.NativeMethodAccessorImpl.invoke(NativeMethodAccessorImpl.java:57)
	at sun.reflect.DelegatingMethodAccessorImpl.invoke(DelegatingMethodAccessorImpl.java:43)
	at java.lang.reflect.Method.invoke(Method.java:606)
	at org.junit.runners.model.FrameworkMethod$1.runReflectiveCall(FrameworkMethod.java:47)
	at org.junit.internal.runners.model.ReflectiveCallable.run(ReflectiveCallable.java:12)
	at org.junit.runners.model.FrameworkMethod.invokeExplosively(FrameworkMethod.java:44)
	at org.junit.internal.runners.statements.InvokeMethod.evaluate(InvokeMethod.java:17)
	at org.junit.internal.runners.statements.RunBefores.evaluate(RunBefores.java:26)
	at org.springframework.test.context.junit4.statements.RunBeforeTestMethodCallbacks.evaluate(RunBeforeTestMethodCallbacks.java:74)
	at org.junit.internal.runners.statements.RunAfters.evaluate(RunAfters.java:27)
	at org.springframework.test.context.junit4.statements.RunAfterTestMethodCallbacks.evaluate(RunAfterTestMethodCallbacks.java:83)
	at org.springframework.test.context.junit4.statements.SpringRepeat.evaluate(SpringRepeat.java:72)
	at org.springframework.test.context.junit4.SpringJUnit4ClassRunner.runChild(SpringJUnit4ClassRunner.java:233)
	at org.springframework.test.context.junit4.SpringJUnit4ClassRunner.runChild(SpringJUnit4ClassRunner.java:87)
	at org.junit.runners.ParentRunner$3.run(ParentRunner.java:238)
	at org.junit.runners.ParentRunner$1.schedule(ParentRunner.java:63)
	at org.junit.runners.ParentRunner.runChildren(ParentRunner.java:236)
	at org.junit.runners.ParentRunner.access$000(ParentRunner.java:53)
	at org.junit.runners.ParentRunner$2.evaluate(ParentRunner.java:229)
	at org.junit.internal.runners.statements.RunBefores.evaluate(RunBefores.java:26)
	at org.springframework.test.context.junit4.statements.RunBeforeTestClassCallbacks.evaluate(RunBeforeTestClassCallbacks.java:61)
	at org.springframework.test.context.junit4.statements.RunAfterTestClassCallbacks.evaluate(RunAfterTestClassCallbacks.java:71)
	at org.junit.runners.ParentRunner.run(ParentRunner.java:309)
	at org.springframework.test.context.junit4.SpringJUnit4ClassRunner.run(SpringJUnit4ClassRunner.java:176)
	at org.gradle.api.internal.tasks.testing.junit.JUnitTestClassExecuter.runTestClass(JUnitTestClassExecuter.java:86)
	at org.gradle.api.internal.tasks.testing.junit.JUnitTestClassExecuter.execute(JUnitTestClassExecuter.java:49)
	at org.gradle.api.internal.tasks.testing.junit.JUnitTestClassProcessor.processTestClass(JUnitTestClassProcessor.java:64)
	at org.gradle.api.internal.tasks.testing.SuiteTestClassProcessor.processTestClass(SuiteTestClassProcessor.java:50)
	at sun.reflect.GeneratedMethodAccessor108.invoke(Unknown Source)
	at sun.reflect.DelegatingMethodAccessorImpl.invoke(DelegatingMethodAccessorImpl.java:43)
	at java.lang.reflect.Method.invoke(Method.java:606)
	at org.gradle.messaging.dispatch.ReflectionDispatch.dispatch(ReflectionDispatch.java:35)
	at org.gradle.messaging.dispatch.ReflectionDispatch.dispatch(ReflectionDispatch.java:24)
	at org.gradle.messaging.dispatch.ContextClassLoaderDispatch.dispatch(ContextClassLoaderDispatch.java:32)
	at org.gradle.messaging.dispatch.ProxyDispatchAdapter$DispatchingInvocationHandler.invoke(ProxyDispatchAdapter.java:93)
	at com.sun.proxy.$Proxy2.processTestClass(Unknown Source)
	at org.gradle.api.internal.tasks.testing.worker.TestWorker.processTestClass(TestWorker.java:106)
	at sun.reflect.GeneratedMethodAccessor107.invoke(Unknown Source)
	at sun.reflect.DelegatingMethodAccessorImpl.invoke(DelegatingMethodAccessorImpl.java:43)
	at java.lang.reflect.Method.invoke(Method.java:606)
	at org.gradle.messaging.dispatch.ReflectionDispatch.dispatch(ReflectionDispatch.java:35)
	at org.gradle.messaging.dispatch.ReflectionDispatch.dispatch(ReflectionDispatch.java:24)
	at org.gradle.messaging.remote.internal.hub.MessageHub$Handler.run(MessageHub.java:360)
	at org.gradle.internal.concurrent.DefaultExecutorFactory$StoppableExecutorImpl$1.run(DefaultExecutorFactory.java:64)
	at java.util.concurrent.ThreadPoolExecutor.runWorker(ThreadPoolExecutor.java:1145)
	at java.util.concurrent.ThreadPoolExecutor$Worker.run(ThreadPoolExecutor.java:615)
	at java.lang.Thread.run(Thread.java:745)
CoreContacts.phoneNumber may not be null
java.lang.SecurityException: CoreContacts.phoneNumber may not be null
	at com.athena.server.pluggable.utils.helper.EntityValidatorHelper.validateEntity(EntityValidatorHelper.java:37)
	at projectthree.app.shared.organization.contactmanagement.CoreContacts.isValid(CoreContacts.java:486)
	at projectthree.app.server.service.organization.contactmanagement.CoreContactsTestCase.validateCoreContacts(CoreContactsTestCase.java:472)
	at projectthree.app.server.service.organization.contactmanagement.CoreContactsTestCase.test5NegativeTesting(CoreContactsTestCase.java:578)
	at sun.reflect.NativeMethodAccessorImpl.invoke0(Native Method)
	at sun.reflect.NativeMethodAccessorImpl.invoke(NativeMethodAccessorImpl.java:57)
	at sun.reflect.DelegatingMethodAccessorImpl.invoke(DelegatingMethodAccessorImpl.java:43)
	at java.lang.reflect.Method.invoke(Method.java:606)
	at org.junit.runners.model.FrameworkMethod$1.runReflectiveCall(FrameworkMethod.java:47)
	at org.junit.internal.runners.model.ReflectiveCallable.run(ReflectiveCallable.java:12)
	at org.junit.runners.model.FrameworkMethod.invokeExplosively(FrameworkMethod.java:44)
	at org.junit.internal.runners.statements.InvokeMethod.evaluate(InvokeMethod.java:17)
	at org.junit.internal.runners.statements.RunBefores.evaluate(RunBefores.java:26)
	at org.springframework.test.context.junit4.statements.RunBeforeTestMethodCallbacks.evaluate(RunBeforeTestMethodCallbacks.java:74)
	at org.junit.internal.runners.statements.RunAfters.evaluate(RunAfters.java:27)
	at org.springframework.test.context.junit4.statements.RunAfterTestMethodCallbacks.evaluate(RunAfterTestMethodCallbacks.java:83)
	at org.springframework.test.context.junit4.statements.SpringRepeat.evaluate(SpringRepeat.java:72)
	at org.springframework.test.context.junit4.SpringJUnit4ClassRunner.runChild(SpringJUnit4ClassRunner.java:233)
	at org.springframework.test.context.junit4.SpringJUnit4ClassRunner.runChild(SpringJUnit4ClassRunner.java:87)
	at org.junit.runners.ParentRunner$3.run(ParentRunner.java:238)
	at org.junit.runners.ParentRunner$1.schedule(ParentRunner.java:63)
	at org.junit.runners.ParentRunner.runChildren(ParentRunner.java:236)
	at org.junit.runners.ParentRunner.access$000(ParentRunner.java:53)
	at org.junit.runners.ParentRunner$2.evaluate(ParentRunner.java:229)
	at org.junit.internal.runners.statements.RunBefores.evaluate(RunBefores.java:26)
	at org.springframework.test.context.junit4.statements.RunBeforeTestClassCallbacks.evaluate(RunBeforeTestClassCallbacks.java:61)
	at org.springframework.test.context.junit4.statements.RunAfterTestClassCallbacks.evaluate(RunAfterTestClassCallbacks.java:71)
	at org.junit.runners.ParentRunner.run(ParentRunner.java:309)
	at org.springframework.test.context.junit4.SpringJUnit4ClassRunner.run(SpringJUnit4ClassRunner.java:176)
	at org.gradle.api.internal.tasks.testing.junit.JUnitTestClassExecuter.runTestClass(JUnitTestClassExecuter.java:86)
	at org.gradle.api.internal.tasks.testing.junit.JUnitTestClassExecuter.execute(JUnitTestClassExecuter.java:49)
	at org.gradle.api.internal.tasks.testing.junit.JUnitTestClassProcessor.processTestClass(JUnitTestClassProcessor.java:64)
	at org.gradle.api.internal.tasks.testing.SuiteTestClassProcessor.processTestClass(SuiteTestClassProcessor.java:50)
	at sun.reflect.GeneratedMethodAccessor108.invoke(Unknown Source)
	at sun.reflect.DelegatingMethodAccessorImpl.invoke(DelegatingMethodAccessorImpl.java:43)
	at java.lang.reflect.Method.invoke(Method.java:606)
	at org.gradle.messaging.dispatch.ReflectionDispatch.dispatch(ReflectionDispatch.java:35)
	at org.gradle.messaging.dispatch.ReflectionDispatch.dispatch(ReflectionDispatch.java:24)
	at org.gradle.messaging.dispatch.ContextClassLoaderDispatch.dispatch(ContextClassLoaderDispatch.java:32)
	at org.gradle.messaging.dispatch.ProxyDispatchAdapter$DispatchingInvocationHandler.invoke(ProxyDispatchAdapter.java:93)
	at com.sun.proxy.$Proxy2.processTestClass(Unknown Source)
	at org.gradle.api.internal.tasks.testing.worker.TestWorker.processTestClass(TestWorker.java:106)
	at sun.reflect.GeneratedMethodAccessor107.invoke(Unknown Source)
	at sun.reflect.DelegatingMethodAccessorImpl.invoke(DelegatingMethodAccessorImpl.java:43)
	at java.lang.reflect.Method.invoke(Method.java:606)
	at org.gradle.messaging.dispatch.ReflectionDispatch.dispatch(ReflectionDispatch.java:35)
	at org.gradle.messaging.dispatch.ReflectionDispatch.dispatch(ReflectionDispatch.java:24)
	at org.gradle.messaging.remote.internal.hub.MessageHub$Handler.run(MessageHub.java:360)
	at org.gradle.internal.concurrent.DefaultExecutorFactory$StoppableExecutorImpl$1.run(DefaultExecutorFactory.java:64)
	at java.util.concurrent.ThreadPoolExecutor.runWorker(ThreadPoolExecutor.java:1145)
	at java.util.concurrent.ThreadPoolExecutor$Worker.run(ThreadPoolExecutor.java:615)
	at java.lang.Thread.run(Thread.java:745)
CoreContacts.phoneNumber size must be between 0 and 20
java.lang.SecurityException: CoreContacts.phoneNumber size must be between 0 and 20
	at com.athena.server.pluggable.utils.helper.EntityValidatorHelper.validateEntity(EntityValidatorHelper.java:37)
	at projectthree.app.shared.organization.contactmanagement.CoreContacts.isValid(CoreContacts.java:486)
	at projectthree.app.server.service.organization.contactmanagement.CoreContactsTestCase.validateCoreContacts(CoreContactsTestCase.java:470)
	at projectthree.app.server.service.organization.contactmanagement.CoreContactsTestCase.test5NegativeTesting(CoreContactsTestCase.java:583)
	at sun.reflect.NativeMethodAccessorImpl.invoke0(Native Method)
	at sun.reflect.NativeMethodAccessorImpl.invoke(NativeMethodAccessorImpl.java:57)
	at sun.reflect.DelegatingMethodAccessorImpl.invoke(DelegatingMethodAccessorImpl.java:43)
	at java.lang.reflect.Method.invoke(Method.java:606)
	at org.junit.runners.model.FrameworkMethod$1.runReflectiveCall(FrameworkMethod.java:47)
	at org.junit.internal.runners.model.ReflectiveCallable.run(ReflectiveCallable.java:12)
	at org.junit.runners.model.FrameworkMethod.invokeExplosively(FrameworkMethod.java:44)
	at org.junit.internal.runners.statements.InvokeMethod.evaluate(InvokeMethod.java:17)
	at org.junit.internal.runners.statements.RunBefores.evaluate(RunBefores.java:26)
	at org.springframework.test.context.junit4.statements.RunBeforeTestMethodCallbacks.evaluate(RunBeforeTestMethodCallbacks.java:74)
	at org.junit.internal.runners.statements.RunAfters.evaluate(RunAfters.java:27)
	at org.springframework.test.context.junit4.statements.RunAfterTestMethodCallbacks.evaluate(RunAfterTestMethodCallbacks.java:83)
	at org.springframework.test.context.junit4.statements.SpringRepeat.evaluate(SpringRepeat.java:72)
	at org.springframework.test.context.junit4.SpringJUnit4ClassRunner.runChild(SpringJUnit4ClassRunner.java:233)
	at org.springframework.test.context.junit4.SpringJUnit4ClassRunner.runChild(SpringJUnit4ClassRunner.java:87)
	at org.junit.runners.ParentRunner$3.run(ParentRunner.java:238)
	at org.junit.runners.ParentRunner$1.schedule(ParentRunner.java:63)
	at org.junit.runners.ParentRunner.runChildren(ParentRunner.java:236)
	at org.junit.runners.ParentRunner.access$000(ParentRunner.java:53)
	at org.junit.runners.ParentRunner$2.evaluate(ParentRunner.java:229)
	at org.junit.internal.runners.statements.RunBefores.evaluate(RunBefores.java:26)
	at org.springframework.test.context.junit4.statements.RunBeforeTestClassCallbacks.evaluate(RunBeforeTestClassCallbacks.java:61)
	at org.springframework.test.context.junit4.statements.RunAfterTestClassCallbacks.evaluate(RunAfterTestClassCallbacks.java:71)
	at org.junit.runners.ParentRunner.run(ParentRunner.java:309)
	at org.springframework.test.context.junit4.SpringJUnit4ClassRunner.run(SpringJUnit4ClassRunner.java:176)
	at org.gradle.api.internal.tasks.testing.junit.JUnitTestClassExecuter.runTestClass(JUnitTestClassExecuter.java:86)
	at org.gradle.api.internal.tasks.testing.junit.JUnitTestClassExecuter.execute(JUnitTestClassExecuter.java:49)
	at org.gradle.api.internal.tasks.testing.junit.JUnitTestClassProcessor.processTestClass(JUnitTestClassProcessor.java:64)
	at org.gradle.api.internal.tasks.testing.SuiteTestClassProcessor.processTestClass(SuiteTestClassProcessor.java:50)
	at sun.reflect.GeneratedMethodAccessor108.invoke(Unknown Source)
	at sun.reflect.DelegatingMethodAccessorImpl.invoke(DelegatingMethodAccessorImpl.java:43)
	at java.lang.reflect.Method.invoke(Method.java:606)
	at org.gradle.messaging.dispatch.ReflectionDispatch.dispatch(ReflectionDispatch.java:35)
	at org.gradle.messaging.dispatch.ReflectionDispatch.dispatch(ReflectionDispatch.java:24)
	at org.gradle.messaging.dispatch.ContextClassLoaderDispatch.dispatch(ContextClassLoaderDispatch.java:32)
	at org.gradle.messaging.dispatch.ProxyDispatchAdapter$DispatchingInvocationHandler.invoke(ProxyDispatchAdapter.java:93)
	at com.sun.proxy.$Proxy2.processTestClass(Unknown Source)
	at org.gradle.api.internal.tasks.testing.worker.TestWorker.processTestClass(TestWorker.java:106)
	at sun.reflect.GeneratedMethodAccessor107.invoke(Unknown Source)
	at sun.reflect.DelegatingMethodAccessorImpl.invoke(DelegatingMethodAccessorImpl.java:43)
	at java.lang.reflect.Method.invoke(Method.java:606)
	at org.gradle.messaging.dispatch.ReflectionDispatch.dispatch(ReflectionDispatch.java:35)
	at org.gradle.messaging.dispatch.ReflectionDispatch.dispatch(ReflectionDispatch.java:24)
	at org.gradle.messaging.remote.internal.hub.MessageHub$Handler.run(MessageHub.java:360)
	at org.gradle.internal.concurrent.DefaultExecutorFactory$StoppableExecutorImpl$1.run(DefaultExecutorFactory.java:64)
	at java.util.concurrent.ThreadPoolExecutor.runWorker(ThreadPoolExecutor.java:1145)
	at java.util.concurrent.ThreadPoolExecutor$Worker.run(ThreadPoolExecutor.java:615)
	at java.lang.Thread.run(Thread.java:745)
]]></system-err>
</testsuite>
