<?xml version="1.0" encoding="UTF-8"?>
<testsuite name="projectthree.app.server.service.organization.locationmanagement.TimezoneTestCase" tests="5" skipped="0" failures="0" errors="0" timestamp="2016-08-23T09:49:53" hostname="2182b7675541" time="0.294">
  <properties/>
  <testcase name="test1Save" classname="projectthree.app.server.service.organization.locationmanagement.TimezoneTestCase" time="0.085"/>
  <testcase name="test2Update" classname="projectthree.app.server.service.organization.locationmanagement.TimezoneTestCase" time="0.084"/>
  <testcase name="test3FindById" classname="projectthree.app.server.service.organization.locationmanagement.TimezoneTestCase" time="0.036"/>
  <testcase name="test5NegativeTesting" classname="projectthree.app.server.service.organization.locationmanagement.TimezoneTestCase" time="0.026"/>
  <testcase name="test6Delete" classname="projectthree.app.server.service.organization.locationmanagement.TimezoneTestCase" time="0.063"/>
  <system-out><![CDATA[Tue Aug 23 09:49:53 UTC 2016|Log Manager Factory|Initialization Process started.....
Tue Aug 23 09:49:53 UTC 2016|Log Manager|Initialized with Path = [/home/applifire/workspace/project3/src/main/webapp/WEB-INF/conf]
Tue Aug 23 09:49:53 UTC 2016|Alarm Manager|Initialized with Path = [/home/applifire/workspace/project3/src/main/webapp/WEB-INF/conf]
Tue Aug 23 09:49:53 UTC 2016|Alarm Manager|Loading Alarms ......
Tue Aug 23 09:49:53 UTC 2016|Alarm XML Parser|FWA|XML Parsing Complete........ 
Tue Aug 23 09:49:53 UTC 2016|Alarm File Manager|FWA|Alarm File Status.. [ApplicationFrameworkAlarms.xml]|Version=15|Status=Done 
Tue Aug 23 09:49:53 UTC 2016|Alarm File Manager|FWA|Alarm Stats = ( BC/AL=5/786 SYS=5/11 [786/0]  TPL=0/0 [0/0]  APP= A.Map=[875]  E.Map EC/RC=[391/79] )
Tue Aug 23 09:49:53 UTC 2016|Alarm XML Parser|APP|XML Parsing Complete........ 
Tue Aug 23 09:49:53 UTC 2016|Alarm File Manager|APP|Alarm File Status.. [ApplicationAlarms.xml]|Version=1|Status=Done 
Tue Aug 23 09:49:53 UTC 2016|Alarm File Manager|APP|Alarm Stats = ( BC/AL=6/873 SYS=5/11 [786/0]  TPL=0/0 [0/0]  APP=1/1 [87/0]  A.Map=[962]  E.Map EC/RC=[445/91] )
Tue Aug 23 09:49:53 UTC 2016|ApplicationAlarmContext| <><><><><> Create App Alarms ....  <><><><><> 
Tue Aug 23 09:49:53 UTC 2016|ApplicationAlarmContext|Alarms are generated ONLY in Development Mode.. 
Tue Aug 23 09:49:53 UTC 2016|Alarm Manager|APP|Alarm Stats = ( BC/AL=6/873 SYS=5/11 [786/0]  TPL=0/0 [0/0]  APP=1/1 [87/0]  A.Map=[962]  E.Map EC/RC=[445/91] )
Tue Aug 23 09:49:53 UTC 2016|Alarm Manager|Initialized Exception Lookup...
Tue Aug 23 09:49:53 UTC 2016|Log Manager|Initialize Log Config File ......
Tue Aug 23 09:49:53 UTC 2016|Pluggable Connectors|Adding Connectors : StandardOutputConnector isEnabled=true isDefault=false isFallBack=true
Tue Aug 23 09:49:53 UTC 2016|Pluggable Connectors|Adding Connectors : StandardFileConnector isEnabled=true isDefault=false isFallBack=false
Tue Aug 23 09:49:53 UTC 2016|Pluggable Connectors|Adding Connectors : Sprinkler isEnabled=true isDefault=true isFallBack=false
Tue Aug 23 09:49:53 UTC 2016|Pluggable Connectors|Default Connector Name : com.spartan.logger.core.LogMessenger
Tue Aug 23 09:49:53 UTC 2016|Log Config Parser|Connector Least Log Level =[4]  FallBack Log Level =[3]
Tue Aug 23 09:49:53 UTC 2016|Log Manager|Loading Default Connector for Logging ......
Tue Aug 23 09:49:53 UTC 2016|Log Manager|Loading class .. com.spartan.logger.core.LogMessenger
Tue Aug 23 09:49:53 UTC 2016|Plugggable Connector|Connector class com.spartan.logger.core.LogMessenger Initialized... @ Log Level = 3
Tue Aug 23 09:49:53 UTC 2016|Log Manager|Starting the Default Connector [com.spartan.logger.core.LogMessenger@4b3b5d0f] ....
Tue Aug 23 09:49:53 UTC 2016|Scheduler|Starting the Scheduler ......
Tue Aug 23 09:49:53 UTC 2016|Scheduler|Adding [LMID=[8c3f8e01-14d7-47f5-a89e-5698ac927b51]] Delay=5 Time Unit=MINUTES
Tue Aug 23 09:49:53 UTC 2016|Scheduler|Adding [App Alarm Manager File=[ApplicationAlarms.xml]] Delay=30 Time Unit=MINUTES
Tue Aug 23 09:49:53 UTC 2016|Scheduler|Adding [FW Alarm Manager File=[ApplicationFrameworkAlarms.xml]] Delay=3 Time Unit=MINUTES
Tue Aug 23 09:49:53 UTC 2016|Scheduler|Startup Completed..
Tue Aug 23 09:49:53 UTC 2016|Log Manager|Initialization Process Complete ......
Tue Aug 23 09:49:53 UTC 2016|Log Manager Factory|Log Manager READY! ID = 8c3f8e01-14d7-47f5-a89e-5698ac927b51
[EL Finer]: connection: 2016-08-23 09:49:54.002--ServerSession(312021720)--Thread(Thread[Test worker,5,main])--client acquired: 818432761
[EL Finer]: transaction: 2016-08-23 09:49:54.002--ClientSession(818432761)--Thread(Thread[Test worker,5,main])--acquire unit of work: 766655092
[EL Finest]: connection: 2016-08-23 09:49:54.002--ServerSession(312021720)--Connection(270249244)--Thread(Thread[Test worker,5,main])--Connection acquired from connection pool [default].
[EL Finer]: transaction: 2016-08-23 09:49:54.002--ClientSession(818432761)--Connection(270249244)--Thread(Thread[Test worker,5,main])--begin transaction
[EL Finest]: connection: 2016-08-23 09:49:54.002--ClientSession(818432761)--Thread(Thread[Test worker,5,main])--reconnecting to external connection pool
Tue Aug 23 09:49:54 UTC 2016|Unknown Alarm = ORGLM312100100 Alarm Split = ORG-LM-3-1-2-100-100
[EL Finest]: transaction: 2016-08-23 09:49:54.004--UnitOfWork(766655092)--Thread(Thread[Test worker,5,main])--persist() operation called on: 8,OijtaKglSZtMeJlOfF6PAbHEW3BCEA0QPRV080zKlBeZbhwi7E.
[EL Finest]: sequencing: 2016-08-23 09:49:54.004--UnitOfWork(766655092)--Thread(Thread[Test worker,5,main])--assign sequence to the object (25CB683D-B7FB-4999-A50B-20605D51B752 -> 8,OijtaKglSZtMeJlOfF6PAbHEW3BCEA0QPRV080zKlBeZbhwi7E)
[EL Finer]: transaction: 2016-08-23 09:49:54.004--UnitOfWork(766655092)--Thread(Thread[Test worker,5,main])--begin unit of work commit
[EL Finest]: query: 2016-08-23 09:49:54.004--UnitOfWork(766655092)--Thread(Thread[Test worker,5,main])--Execute query InsertObjectQuery(8,OijtaKglSZtMeJlOfF6PAbHEW3BCEA0QPRV080zKlBeZbhwi7E)
[EL Fine]: sql: 2016-08-23 09:49:54.005--ClientSession(818432761)--Connection(1228406930)--Thread(Thread[Test worker,5,main])--INSERT INTO ast_Timezone_M (timeZoneId, cities, country, gmtLabel, timeZoneLabel, utcdifference, versionId, createdBy, createdDate, updatedBy, updatedDate, activeStatus, txnAccessCode) VALUES (?, ?, ?, ?, ?, ?, ?, ?, ?, ?, ?, ?, ?)
	bind => [25CB683D-B7FB-4999-A50B-20605D51B752, XmwA0We7fke4f9XOtM66KTgehZEZzuLIZEUe85tod0MMLgEk91, OpDdNbLoWMvTDBWZbNO8ai5dRLncTdWV9mR3WXEvTsVQU2YrjC, thPGUfBjFlrTk71VyyF5mPfOuKvfHuE1AjWS7IsjpVAciekdWT, OijtaKglSZtMeJlOfF6PAbHEW3BCEA0QPRV080zKlBeZbhwi7E, 8, 1, AAAAA, 2016-08-23 09:49:53.981, AAAAA, 2016-08-23 09:49:53.981, 1, 51000]
[EL Finer]: transaction: 2016-08-23 09:49:54.006--ClientSession(818432761)--Connection(1228406930)--Thread(Thread[Test worker,5,main])--commit transaction
[EL Finest]: connection: 2016-08-23 09:49:54.033--ServerSession(312021720)--Connection(270249244)--Thread(Thread[Test worker,5,main])--Connection released to connection pool [default].
[EL Finer]: transaction: 2016-08-23 09:49:54.033--UnitOfWork(766655092)--Thread(Thread[Test worker,5,main])--end unit of work commit
[EL Finer]: transaction: 2016-08-23 09:49:54.033--UnitOfWork(766655092)--Thread(Thread[Test worker,5,main])--resume unit of work
[EL Finer]: transaction: 2016-08-23 09:49:54.033--UnitOfWork(766655092)--Thread(Thread[Test worker,5,main])--release unit of work
[EL Finer]: connection: 2016-08-23 09:49:54.033--ClientSession(818432761)--Thread(Thread[Test worker,5,main])--client released
[EL Finer]: connection: 2016-08-23 09:49:54.057--ServerSession(312021720)--Thread(Thread[Test worker,5,main])--client acquired: 1489202487
[EL Finer]: transaction: 2016-08-23 09:49:54.057--ClientSession(1489202487)--Thread(Thread[Test worker,5,main])--acquire unit of work: 104293224
[EL Finest]: connection: 2016-08-23 09:49:54.057--ServerSession(312021720)--Connection(509559816)--Thread(Thread[Test worker,5,main])--Connection acquired from connection pool [default].
[EL Finer]: transaction: 2016-08-23 09:49:54.057--ClientSession(1489202487)--Connection(509559816)--Thread(Thread[Test worker,5,main])--begin transaction
[EL Finest]: connection: 2016-08-23 09:49:54.057--ClientSession(1489202487)--Thread(Thread[Test worker,5,main])--reconnecting to external connection pool
[EL Finer]: transaction: 2016-08-23 09:49:54.059--UnitOfWork(104293224)--Thread(Thread[Test worker,5,main])--begin unit of work flush
[EL Finer]: transaction: 2016-08-23 09:49:54.059--UnitOfWork(104293224)--Thread(Thread[Test worker,5,main])--end unit of work flush
[EL Finest]: query: 2016-08-23 09:49:54.059--UnitOfWork(104293224)--Thread(Thread[Test worker,5,main])--Execute query ReadAllQuery(name="Timezone.findById" referenceClass=Timezone sql="SELECT timeZoneId, cities, country, gmtLabel, timeZoneLabel, utcdifference, versionId, createdBy, createdDate, updatedBy, updatedDate, activeStatus, txnAccessCode FROM ast_Timezone_M WHERE ((activeStatus = ?) AND (timeZoneId = ?))")
[EL Fine]: sql: 2016-08-23 09:49:54.059--ClientSession(1489202487)--Connection(2100957270)--Thread(Thread[Test worker,5,main])--SELECT timeZoneId, cities, country, gmtLabel, timeZoneLabel, utcdifference, versionId, createdBy, createdDate, updatedBy, updatedDate, activeStatus, txnAccessCode FROM ast_Timezone_M WHERE ((activeStatus = ?) AND (timeZoneId = ?))
	bind => [1, 25CB683D-B7FB-4999-A50B-20605D51B752]
[EL Finer]: transaction: 2016-08-23 09:49:54.061--UnitOfWork(104293224)--Thread(Thread[Test worker,5,main])--begin unit of work commit
[EL Finer]: transaction: 2016-08-23 09:49:54.061--ClientSession(1489202487)--Connection(2100957270)--Thread(Thread[Test worker,5,main])--commit transaction
[EL Finest]: connection: 2016-08-23 09:49:54.061--ServerSession(312021720)--Connection(509559816)--Thread(Thread[Test worker,5,main])--Connection released to connection pool [default].
[EL Finer]: transaction: 2016-08-23 09:49:54.062--UnitOfWork(104293224)--Thread(Thread[Test worker,5,main])--end unit of work commit
[EL Finer]: transaction: 2016-08-23 09:49:54.062--UnitOfWork(104293224)--Thread(Thread[Test worker,5,main])--resume unit of work
[EL Finer]: transaction: 2016-08-23 09:49:54.062--UnitOfWork(104293224)--Thread(Thread[Test worker,5,main])--release unit of work
[EL Finer]: connection: 2016-08-23 09:49:54.062--ClientSession(1489202487)--Thread(Thread[Test worker,5,main])--client released
[EL Finer]: connection: 2016-08-23 09:49:54.062--ServerSession(312021720)--Thread(Thread[Test worker,5,main])--client acquired: 2027729832
[EL Finer]: transaction: 2016-08-23 09:49:54.062--ClientSession(2027729832)--Thread(Thread[Test worker,5,main])--acquire unit of work: 1637292181
[EL Finest]: connection: 2016-08-23 09:49:54.062--ServerSession(312021720)--Connection(114233409)--Thread(Thread[Test worker,5,main])--Connection acquired from connection pool [default].
[EL Finer]: transaction: 2016-08-23 09:49:54.063--ClientSession(2027729832)--Connection(114233409)--Thread(Thread[Test worker,5,main])--begin transaction
[EL Finest]: connection: 2016-08-23 09:49:54.063--ClientSession(2027729832)--Thread(Thread[Test worker,5,main])--reconnecting to external connection pool
[EL Finest]: transaction: 2016-08-23 09:49:54.066--UnitOfWork(1637292181)--Thread(Thread[Test worker,5,main])--Merge clone with references 8,du3rE9MwzFcN55ctzWE7w7q1TwMPN0ulvg1cCIOC23mq0vz0ZM
[EL Finest]: query: 2016-08-23 09:49:54.066--UnitOfWork(1637292181)--Thread(Thread[Test worker,5,main])--Execute query ReadObjectQuery(referenceClass=Timezone )
[EL Fine]: sql: 2016-08-23 09:49:54.066--ClientSession(2027729832)--Connection(1871323696)--Thread(Thread[Test worker,5,main])--SELECT timeZoneId, cities, country, gmtLabel, timeZoneLabel, utcdifference, versionId, createdBy, createdDate, updatedBy, updatedDate, activeStatus, txnAccessCode FROM ast_Timezone_M WHERE (timeZoneId = ?)
	bind => [25CB683D-B7FB-4999-A50B-20605D51B752]
[EL Finer]: transaction: 2016-08-23 09:49:54.068--UnitOfWork(1637292181)--Thread(Thread[Test worker,5,main])--begin unit of work commit
[EL Finest]: query: 2016-08-23 09:49:54.068--UnitOfWork(1637292181)--Thread(Thread[Test worker,5,main])--Execute query UpdateObjectQuery(8,du3rE9MwzFcN55ctzWE7w7q1TwMPN0ulvg1cCIOC23mq0vz0ZM)
[EL Fine]: sql: 2016-08-23 09:49:54.068--ClientSession(2027729832)--Connection(1871323696)--Thread(Thread[Test worker,5,main])--UPDATE ast_Timezone_M SET cities = ?, country = ?, gmtLabel = ?, timeZoneLabel = ?, versionId = ? WHERE ((timeZoneId = ?) AND (versionId = ?))
	bind => [vB5NYBOYj7oi2Bg2euqloxc1HhKclZdbxxIF4n7bSu8KTnc42T, pVp8yPJBFAqOOKFykkjucxxoKZmzGx27NHSLZNGXiA48Ciq3qZ, daIYR5OLtpKOk76mC3Slm0lxIjt94eRMv33ychXUOVUewtGqv6, du3rE9MwzFcN55ctzWE7w7q1TwMPN0ulvg1cCIOC23mq0vz0ZM, 2, 25CB683D-B7FB-4999-A50B-20605D51B752, 1]
[EL Finer]: transaction: 2016-08-23 09:49:54.07--ClientSession(2027729832)--Connection(1871323696)--Thread(Thread[Test worker,5,main])--commit transaction
[EL Finest]: connection: 2016-08-23 09:49:54.117--ServerSession(312021720)--Connection(114233409)--Thread(Thread[Test worker,5,main])--Connection released to connection pool [default].
[EL Finer]: transaction: 2016-08-23 09:49:54.117--UnitOfWork(1637292181)--Thread(Thread[Test worker,5,main])--end unit of work commit
[EL Finer]: transaction: 2016-08-23 09:49:54.117--UnitOfWork(1637292181)--Thread(Thread[Test worker,5,main])--resume unit of work
[EL Finer]: transaction: 2016-08-23 09:49:54.117--UnitOfWork(1637292181)--Thread(Thread[Test worker,5,main])--release unit of work
[EL Finer]: connection: 2016-08-23 09:49:54.117--ClientSession(2027729832)--Thread(Thread[Test worker,5,main])--client released
[EL Finer]: connection: 2016-08-23 09:49:54.148--ServerSession(312021720)--Thread(Thread[Test worker,5,main])--client acquired: 586565078
[EL Finer]: transaction: 2016-08-23 09:49:54.149--ClientSession(586565078)--Thread(Thread[Test worker,5,main])--acquire unit of work: 1449326216
[EL Finest]: connection: 2016-08-23 09:49:54.149--ServerSession(312021720)--Connection(2066188038)--Thread(Thread[Test worker,5,main])--Connection acquired from connection pool [default].
[EL Finer]: transaction: 2016-08-23 09:49:54.149--ClientSession(586565078)--Connection(2066188038)--Thread(Thread[Test worker,5,main])--begin transaction
[EL Finest]: connection: 2016-08-23 09:49:54.149--ClientSession(586565078)--Thread(Thread[Test worker,5,main])--reconnecting to external connection pool
[EL Finer]: transaction: 2016-08-23 09:49:54.15--UnitOfWork(1449326216)--Thread(Thread[Test worker,5,main])--begin unit of work flush
[EL Finer]: transaction: 2016-08-23 09:49:54.15--UnitOfWork(1449326216)--Thread(Thread[Test worker,5,main])--end unit of work flush
[EL Finest]: query: 2016-08-23 09:49:54.15--UnitOfWork(1449326216)--Thread(Thread[Test worker,5,main])--Execute query ReadAllQuery(name="Timezone.findById" referenceClass=Timezone sql="SELECT timeZoneId, cities, country, gmtLabel, timeZoneLabel, utcdifference, versionId, createdBy, createdDate, updatedBy, updatedDate, activeStatus, txnAccessCode FROM ast_Timezone_M WHERE ((activeStatus = ?) AND (timeZoneId = ?))")
[EL Fine]: sql: 2016-08-23 09:49:54.151--ClientSession(586565078)--Connection(872712274)--Thread(Thread[Test worker,5,main])--SELECT timeZoneId, cities, country, gmtLabel, timeZoneLabel, utcdifference, versionId, createdBy, createdDate, updatedBy, updatedDate, activeStatus, txnAccessCode FROM ast_Timezone_M WHERE ((activeStatus = ?) AND (timeZoneId = ?))
	bind => [1, 25CB683D-B7FB-4999-A50B-20605D51B752]
[EL Finer]: transaction: 2016-08-23 09:49:54.153--UnitOfWork(1449326216)--Thread(Thread[Test worker,5,main])--begin unit of work commit
[EL Finer]: transaction: 2016-08-23 09:49:54.153--ClientSession(586565078)--Connection(872712274)--Thread(Thread[Test worker,5,main])--commit transaction
[EL Finest]: connection: 2016-08-23 09:49:54.153--ServerSession(312021720)--Connection(2066188038)--Thread(Thread[Test worker,5,main])--Connection released to connection pool [default].
[EL Finer]: transaction: 2016-08-23 09:49:54.154--UnitOfWork(1449326216)--Thread(Thread[Test worker,5,main])--end unit of work commit
[EL Finer]: transaction: 2016-08-23 09:49:54.154--UnitOfWork(1449326216)--Thread(Thread[Test worker,5,main])--resume unit of work
[EL Finer]: transaction: 2016-08-23 09:49:54.154--UnitOfWork(1449326216)--Thread(Thread[Test worker,5,main])--release unit of work
[EL Finer]: connection: 2016-08-23 09:49:54.154--ClientSession(586565078)--Thread(Thread[Test worker,5,main])--client released
[EL Finer]: connection: 2016-08-23 09:49:54.205--ServerSession(312021720)--Thread(Thread[Test worker,5,main])--client acquired: 934334029
[EL Finer]: transaction: 2016-08-23 09:49:54.205--ClientSession(934334029)--Thread(Thread[Test worker,5,main])--acquire unit of work: 951598539
[EL Finest]: connection: 2016-08-23 09:49:54.205--ServerSession(312021720)--Connection(1205925764)--Thread(Thread[Test worker,5,main])--Connection acquired from connection pool [default].
[EL Finer]: transaction: 2016-08-23 09:49:54.205--ClientSession(934334029)--Connection(1205925764)--Thread(Thread[Test worker,5,main])--begin transaction
[EL Finest]: connection: 2016-08-23 09:49:54.206--ClientSession(934334029)--Thread(Thread[Test worker,5,main])--reconnecting to external connection pool
[EL Finest]: query: 2016-08-23 09:49:54.207--UnitOfWork(951598539)--Thread(Thread[Test worker,5,main])--Execute query ReadObjectQuery(name="readTimezone" referenceClass=Timezone sql="SELECT timeZoneId, cities, country, gmtLabel, timeZoneLabel, utcdifference, versionId, createdBy, createdDate, updatedBy, updatedDate, activeStatus, txnAccessCode FROM ast_Timezone_M WHERE (timeZoneId = ?)")
[EL Fine]: sql: 2016-08-23 09:49:54.207--ClientSession(934334029)--Connection(1420384107)--Thread(Thread[Test worker,5,main])--SELECT timeZoneId, cities, country, gmtLabel, timeZoneLabel, utcdifference, versionId, createdBy, createdDate, updatedBy, updatedDate, activeStatus, txnAccessCode FROM ast_Timezone_M WHERE (timeZoneId = ?)
	bind => [25CB683D-B7FB-4999-A50B-20605D51B752]
[EL Finest]: transaction: 2016-08-23 09:49:54.208--UnitOfWork(951598539)--Thread(Thread[Test worker,5,main])--remove() operation called on: 8,du3rE9MwzFcN55ctzWE7w7q1TwMPN0ulvg1cCIOC23mq0vz0ZM
[EL Finer]: transaction: 2016-08-23 09:49:54.209--UnitOfWork(951598539)--Thread(Thread[Test worker,5,main])--begin unit of work commit
[EL Finest]: query: 2016-08-23 09:49:54.209--UnitOfWork(951598539)--Thread(Thread[Test worker,5,main])--Execute query DoesExistQuery(referenceClass=Timezone )
[EL Finest]: query: 2016-08-23 09:49:54.209--UnitOfWork(951598539)--Thread(Thread[Test worker,5,main])--Execute query DeleteObjectQuery(8,du3rE9MwzFcN55ctzWE7w7q1TwMPN0ulvg1cCIOC23mq0vz0ZM)
[EL Fine]: sql: 2016-08-23 09:49:54.209--ClientSession(934334029)--Connection(1420384107)--Thread(Thread[Test worker,5,main])--DELETE FROM ast_Timezone_M WHERE ((timeZoneId = ?) AND (versionId = ?))
	bind => [25CB683D-B7FB-4999-A50B-20605D51B752, 2]
[EL Finer]: transaction: 2016-08-23 09:49:54.211--ClientSession(934334029)--Connection(1420384107)--Thread(Thread[Test worker,5,main])--commit transaction
[EL Finest]: connection: 2016-08-23 09:49:54.242--ServerSession(312021720)--Connection(1205925764)--Thread(Thread[Test worker,5,main])--Connection released to connection pool [default].
[EL Finer]: transaction: 2016-08-23 09:49:54.242--UnitOfWork(951598539)--Thread(Thread[Test worker,5,main])--end unit of work commit
[EL Finer]: transaction: 2016-08-23 09:49:54.242--UnitOfWork(951598539)--Thread(Thread[Test worker,5,main])--resume unit of work
[EL Finer]: transaction: 2016-08-23 09:49:54.242--UnitOfWork(951598539)--Thread(Thread[Test worker,5,main])--release unit of work
[EL Finer]: connection: 2016-08-23 09:49:54.242--ClientSession(934334029)--Thread(Thread[Test worker,5,main])--client released
]]></system-out>
  <system-err><![CDATA[Timezone.utcdifference may not be null
java.lang.SecurityException: Timezone.utcdifference may not be null
	at com.athena.server.pluggable.utils.helper.EntityValidatorHelper.validateEntity(EntityValidatorHelper.java:37)
	at projectthree.app.shared.organization.locationmanagement.Timezone.isValid(Timezone.java:204)
	at projectthree.app.server.service.organization.locationmanagement.TimezoneTestCase.validateTimezone(TimezoneTestCase.java:212)
	at projectthree.app.server.service.organization.locationmanagement.TimezoneTestCase.test5NegativeTesting(TimezoneTestCase.java:247)
	at sun.reflect.NativeMethodAccessorImpl.invoke0(Native Method)
	at sun.reflect.NativeMethodAccessorImpl.invoke(NativeMethodAccessorImpl.java:57)
	at sun.reflect.DelegatingMethodAccessorImpl.invoke(DelegatingMethodAccessorImpl.java:43)
	at java.lang.reflect.Method.invoke(Method.java:606)
	at org.junit.runners.model.FrameworkMethod$1.runReflectiveCall(FrameworkMethod.java:47)
	at org.junit.internal.runners.model.ReflectiveCallable.run(ReflectiveCallable.java:12)
	at org.junit.runners.model.FrameworkMethod.invokeExplosively(FrameworkMethod.java:44)
	at org.junit.internal.runners.statements.InvokeMethod.evaluate(InvokeMethod.java:17)
	at org.junit.internal.runners.statements.RunBefores.evaluate(RunBefores.java:26)
	at org.springframework.test.context.junit4.statements.RunBeforeTestMethodCallbacks.evaluate(RunBeforeTestMethodCallbacks.java:74)
	at org.junit.internal.runners.statements.RunAfters.evaluate(RunAfters.java:27)
	at org.springframework.test.context.junit4.statements.RunAfterTestMethodCallbacks.evaluate(RunAfterTestMethodCallbacks.java:83)
	at org.springframework.test.context.junit4.statements.SpringRepeat.evaluate(SpringRepeat.java:72)
	at org.springframework.test.context.junit4.SpringJUnit4ClassRunner.runChild(SpringJUnit4ClassRunner.java:233)
	at org.springframework.test.context.junit4.SpringJUnit4ClassRunner.runChild(SpringJUnit4ClassRunner.java:87)
	at org.junit.runners.ParentRunner$3.run(ParentRunner.java:238)
	at org.junit.runners.ParentRunner$1.schedule(ParentRunner.java:63)
	at org.junit.runners.ParentRunner.runChildren(ParentRunner.java:236)
	at org.junit.runners.ParentRunner.access$000(ParentRunner.java:53)
	at org.junit.runners.ParentRunner$2.evaluate(ParentRunner.java:229)
	at org.junit.internal.runners.statements.RunBefores.evaluate(RunBefores.java:26)
	at org.springframework.test.context.junit4.statements.RunBeforeTestClassCallbacks.evaluate(RunBeforeTestClassCallbacks.java:61)
	at org.springframework.test.context.junit4.statements.RunAfterTestClassCallbacks.evaluate(RunAfterTestClassCallbacks.java:71)
	at org.junit.runners.ParentRunner.run(ParentRunner.java:309)
	at org.springframework.test.context.junit4.SpringJUnit4ClassRunner.run(SpringJUnit4ClassRunner.java:176)
	at org.gradle.api.internal.tasks.testing.junit.JUnitTestClassExecuter.runTestClass(JUnitTestClassExecuter.java:86)
	at org.gradle.api.internal.tasks.testing.junit.JUnitTestClassExecuter.execute(JUnitTestClassExecuter.java:49)
	at org.gradle.api.internal.tasks.testing.junit.JUnitTestClassProcessor.processTestClass(JUnitTestClassProcessor.java:64)
	at org.gradle.api.internal.tasks.testing.SuiteTestClassProcessor.processTestClass(SuiteTestClassProcessor.java:50)
	at sun.reflect.GeneratedMethodAccessor108.invoke(Unknown Source)
	at sun.reflect.DelegatingMethodAccessorImpl.invoke(DelegatingMethodAccessorImpl.java:43)
	at java.lang.reflect.Method.invoke(Method.java:606)
	at org.gradle.messaging.dispatch.ReflectionDispatch.dispatch(ReflectionDispatch.java:35)
	at org.gradle.messaging.dispatch.ReflectionDispatch.dispatch(ReflectionDispatch.java:24)
	at org.gradle.messaging.dispatch.ContextClassLoaderDispatch.dispatch(ContextClassLoaderDispatch.java:32)
	at org.gradle.messaging.dispatch.ProxyDispatchAdapter$DispatchingInvocationHandler.invoke(ProxyDispatchAdapter.java:93)
	at com.sun.proxy.$Proxy2.processTestClass(Unknown Source)
	at org.gradle.api.internal.tasks.testing.worker.TestWorker.processTestClass(TestWorker.java:106)
	at sun.reflect.GeneratedMethodAccessor107.invoke(Unknown Source)
	at sun.reflect.DelegatingMethodAccessorImpl.invoke(DelegatingMethodAccessorImpl.java:43)
	at java.lang.reflect.Method.invoke(Method.java:606)
	at org.gradle.messaging.dispatch.ReflectionDispatch.dispatch(ReflectionDispatch.java:35)
	at org.gradle.messaging.dispatch.ReflectionDispatch.dispatch(ReflectionDispatch.java:24)
	at org.gradle.messaging.remote.internal.hub.MessageHub$Handler.run(MessageHub.java:360)
	at org.gradle.internal.concurrent.DefaultExecutorFactory$StoppableExecutorImpl$1.run(DefaultExecutorFactory.java:64)
	at java.util.concurrent.ThreadPoolExecutor.runWorker(ThreadPoolExecutor.java:1145)
	at java.util.concurrent.ThreadPoolExecutor$Worker.run(ThreadPoolExecutor.java:615)
	at java.lang.Thread.run(Thread.java:745)
Timezone.utcdifference must be less than or equal to 11
java.lang.SecurityException: Timezone.utcdifference must be less than or equal to 11
	at com.athena.server.pluggable.utils.helper.EntityValidatorHelper.validateEntity(EntityValidatorHelper.java:37)
	at projectthree.app.shared.organization.locationmanagement.Timezone.isValid(Timezone.java:204)
	at projectthree.app.server.service.organization.locationmanagement.TimezoneTestCase.validateTimezone(TimezoneTestCase.java:210)
	at projectthree.app.server.service.organization.locationmanagement.TimezoneTestCase.test5NegativeTesting(TimezoneTestCase.java:252)
	at sun.reflect.NativeMethodAccessorImpl.invoke0(Native Method)
	at sun.reflect.NativeMethodAccessorImpl.invoke(NativeMethodAccessorImpl.java:57)
	at sun.reflect.DelegatingMethodAccessorImpl.invoke(DelegatingMethodAccessorImpl.java:43)
	at java.lang.reflect.Method.invoke(Method.java:606)
	at org.junit.runners.model.FrameworkMethod$1.runReflectiveCall(FrameworkMethod.java:47)
	at org.junit.internal.runners.model.ReflectiveCallable.run(ReflectiveCallable.java:12)
	at org.junit.runners.model.FrameworkMethod.invokeExplosively(FrameworkMethod.java:44)
	at org.junit.internal.runners.statements.InvokeMethod.evaluate(InvokeMethod.java:17)
	at org.junit.internal.runners.statements.RunBefores.evaluate(RunBefores.java:26)
	at org.springframework.test.context.junit4.statements.RunBeforeTestMethodCallbacks.evaluate(RunBeforeTestMethodCallbacks.java:74)
	at org.junit.internal.runners.statements.RunAfters.evaluate(RunAfters.java:27)
	at org.springframework.test.context.junit4.statements.RunAfterTestMethodCallbacks.evaluate(RunAfterTestMethodCallbacks.java:83)
	at org.springframework.test.context.junit4.statements.SpringRepeat.evaluate(SpringRepeat.java:72)
	at org.springframework.test.context.junit4.SpringJUnit4ClassRunner.runChild(SpringJUnit4ClassRunner.java:233)
	at org.springframework.test.context.junit4.SpringJUnit4ClassRunner.runChild(SpringJUnit4ClassRunner.java:87)
	at org.junit.runners.ParentRunner$3.run(ParentRunner.java:238)
	at org.junit.runners.ParentRunner$1.schedule(ParentRunner.java:63)
	at org.junit.runners.ParentRunner.runChildren(ParentRunner.java:236)
	at org.junit.runners.ParentRunner.access$000(ParentRunner.java:53)
	at org.junit.runners.ParentRunner$2.evaluate(ParentRunner.java:229)
	at org.junit.internal.runners.statements.RunBefores.evaluate(RunBefores.java:26)
	at org.springframework.test.context.junit4.statements.RunBeforeTestClassCallbacks.evaluate(RunBeforeTestClassCallbacks.java:61)
	at org.springframework.test.context.junit4.statements.RunAfterTestClassCallbacks.evaluate(RunAfterTestClassCallbacks.java:71)
	at org.junit.runners.ParentRunner.run(ParentRunner.java:309)
	at org.springframework.test.context.junit4.SpringJUnit4ClassRunner.run(SpringJUnit4ClassRunner.java:176)
	at org.gradle.api.internal.tasks.testing.junit.JUnitTestClassExecuter.runTestClass(JUnitTestClassExecuter.java:86)
	at org.gradle.api.internal.tasks.testing.junit.JUnitTestClassExecuter.execute(JUnitTestClassExecuter.java:49)
	at org.gradle.api.internal.tasks.testing.junit.JUnitTestClassProcessor.processTestClass(JUnitTestClassProcessor.java:64)
	at org.gradle.api.internal.tasks.testing.SuiteTestClassProcessor.processTestClass(SuiteTestClassProcessor.java:50)
	at sun.reflect.GeneratedMethodAccessor108.invoke(Unknown Source)
	at sun.reflect.DelegatingMethodAccessorImpl.invoke(DelegatingMethodAccessorImpl.java:43)
	at java.lang.reflect.Method.invoke(Method.java:606)
	at org.gradle.messaging.dispatch.ReflectionDispatch.dispatch(ReflectionDispatch.java:35)
	at org.gradle.messaging.dispatch.ReflectionDispatch.dispatch(ReflectionDispatch.java:24)
	at org.gradle.messaging.dispatch.ContextClassLoaderDispatch.dispatch(ContextClassLoaderDispatch.java:32)
	at org.gradle.messaging.dispatch.ProxyDispatchAdapter$DispatchingInvocationHandler.invoke(ProxyDispatchAdapter.java:93)
	at com.sun.proxy.$Proxy2.processTestClass(Unknown Source)
	at org.gradle.api.internal.tasks.testing.worker.TestWorker.processTestClass(TestWorker.java:106)
	at sun.reflect.GeneratedMethodAccessor107.invoke(Unknown Source)
	at sun.reflect.DelegatingMethodAccessorImpl.invoke(DelegatingMethodAccessorImpl.java:43)
	at java.lang.reflect.Method.invoke(Method.java:606)
	at org.gradle.messaging.dispatch.ReflectionDispatch.dispatch(ReflectionDispatch.java:35)
	at org.gradle.messaging.dispatch.ReflectionDispatch.dispatch(ReflectionDispatch.java:24)
	at org.gradle.messaging.remote.internal.hub.MessageHub$Handler.run(MessageHub.java:360)
	at org.gradle.internal.concurrent.DefaultExecutorFactory$StoppableExecutorImpl$1.run(DefaultExecutorFactory.java:64)
	at java.util.concurrent.ThreadPoolExecutor.runWorker(ThreadPoolExecutor.java:1145)
	at java.util.concurrent.ThreadPoolExecutor$Worker.run(ThreadPoolExecutor.java:615)
	at java.lang.Thread.run(Thread.java:745)
Timezone.gmtLabel size must be between 0 and 256
java.lang.SecurityException: Timezone.gmtLabel size must be between 0 and 256
	at com.athena.server.pluggable.utils.helper.EntityValidatorHelper.validateEntity(EntityValidatorHelper.java:37)
	at projectthree.app.shared.organization.locationmanagement.Timezone.isValid(Timezone.java:204)
	at projectthree.app.server.service.organization.locationmanagement.TimezoneTestCase.validateTimezone(TimezoneTestCase.java:210)
	at projectthree.app.server.service.organization.locationmanagement.TimezoneTestCase.test5NegativeTesting(TimezoneTestCase.java:257)
	at sun.reflect.NativeMethodAccessorImpl.invoke0(Native Method)
	at sun.reflect.NativeMethodAccessorImpl.invoke(NativeMethodAccessorImpl.java:57)
	at sun.reflect.DelegatingMethodAccessorImpl.invoke(DelegatingMethodAccessorImpl.java:43)
	at java.lang.reflect.Method.invoke(Method.java:606)
	at org.junit.runners.model.FrameworkMethod$1.runReflectiveCall(FrameworkMethod.java:47)
	at org.junit.internal.runners.model.ReflectiveCallable.run(ReflectiveCallable.java:12)
	at org.junit.runners.model.FrameworkMethod.invokeExplosively(FrameworkMethod.java:44)
	at org.junit.internal.runners.statements.InvokeMethod.evaluate(InvokeMethod.java:17)
	at org.junit.internal.runners.statements.RunBefores.evaluate(RunBefores.java:26)
	at org.springframework.test.context.junit4.statements.RunBeforeTestMethodCallbacks.evaluate(RunBeforeTestMethodCallbacks.java:74)
	at org.junit.internal.runners.statements.RunAfters.evaluate(RunAfters.java:27)
	at org.springframework.test.context.junit4.statements.RunAfterTestMethodCallbacks.evaluate(RunAfterTestMethodCallbacks.java:83)
	at org.springframework.test.context.junit4.statements.SpringRepeat.evaluate(SpringRepeat.java:72)
	at org.springframework.test.context.junit4.SpringJUnit4ClassRunner.runChild(SpringJUnit4ClassRunner.java:233)
	at org.springframework.test.context.junit4.SpringJUnit4ClassRunner.runChild(SpringJUnit4ClassRunner.java:87)
	at org.junit.runners.ParentRunner$3.run(ParentRunner.java:238)
	at org.junit.runners.ParentRunner$1.schedule(ParentRunner.java:63)
	at org.junit.runners.ParentRunner.runChildren(ParentRunner.java:236)
	at org.junit.runners.ParentRunner.access$000(ParentRunner.java:53)
	at org.junit.runners.ParentRunner$2.evaluate(ParentRunner.java:229)
	at org.junit.internal.runners.statements.RunBefores.evaluate(RunBefores.java:26)
	at org.springframework.test.context.junit4.statements.RunBeforeTestClassCallbacks.evaluate(RunBeforeTestClassCallbacks.java:61)
	at org.springframework.test.context.junit4.statements.RunAfterTestClassCallbacks.evaluate(RunAfterTestClassCallbacks.java:71)
	at org.junit.runners.ParentRunner.run(ParentRunner.java:309)
	at org.springframework.test.context.junit4.SpringJUnit4ClassRunner.run(SpringJUnit4ClassRunner.java:176)
	at org.gradle.api.internal.tasks.testing.junit.JUnitTestClassExecuter.runTestClass(JUnitTestClassExecuter.java:86)
	at org.gradle.api.internal.tasks.testing.junit.JUnitTestClassExecuter.execute(JUnitTestClassExecuter.java:49)
	at org.gradle.api.internal.tasks.testing.junit.JUnitTestClassProcessor.processTestClass(JUnitTestClassProcessor.java:64)
	at org.gradle.api.internal.tasks.testing.SuiteTestClassProcessor.processTestClass(SuiteTestClassProcessor.java:50)
	at sun.reflect.GeneratedMethodAccessor108.invoke(Unknown Source)
	at sun.reflect.DelegatingMethodAccessorImpl.invoke(DelegatingMethodAccessorImpl.java:43)
	at java.lang.reflect.Method.invoke(Method.java:606)
	at org.gradle.messaging.dispatch.ReflectionDispatch.dispatch(ReflectionDispatch.java:35)
	at org.gradle.messaging.dispatch.ReflectionDispatch.dispatch(ReflectionDispatch.java:24)
	at org.gradle.messaging.dispatch.ContextClassLoaderDispatch.dispatch(ContextClassLoaderDispatch.java:32)
	at org.gradle.messaging.dispatch.ProxyDispatchAdapter$DispatchingInvocationHandler.invoke(ProxyDispatchAdapter.java:93)
	at com.sun.proxy.$Proxy2.processTestClass(Unknown Source)
	at org.gradle.api.internal.tasks.testing.worker.TestWorker.processTestClass(TestWorker.java:106)
	at sun.reflect.GeneratedMethodAccessor107.invoke(Unknown Source)
	at sun.reflect.DelegatingMethodAccessorImpl.invoke(DelegatingMethodAccessorImpl.java:43)
	at java.lang.reflect.Method.invoke(Method.java:606)
	at org.gradle.messaging.dispatch.ReflectionDispatch.dispatch(ReflectionDispatch.java:35)
	at org.gradle.messaging.dispatch.ReflectionDispatch.dispatch(ReflectionDispatch.java:24)
	at org.gradle.messaging.remote.internal.hub.MessageHub$Handler.run(MessageHub.java:360)
	at org.gradle.internal.concurrent.DefaultExecutorFactory$StoppableExecutorImpl$1.run(DefaultExecutorFactory.java:64)
	at java.util.concurrent.ThreadPoolExecutor.runWorker(ThreadPoolExecutor.java:1145)
	at java.util.concurrent.ThreadPoolExecutor$Worker.run(ThreadPoolExecutor.java:615)
	at java.lang.Thread.run(Thread.java:745)
Timezone.timeZoneLabel size must be between 0 and 256
java.lang.SecurityException: Timezone.timeZoneLabel size must be between 0 and 256
	at com.athena.server.pluggable.utils.helper.EntityValidatorHelper.validateEntity(EntityValidatorHelper.java:37)
	at projectthree.app.shared.organization.locationmanagement.Timezone.isValid(Timezone.java:204)
	at projectthree.app.server.service.organization.locationmanagement.TimezoneTestCase.validateTimezone(TimezoneTestCase.java:210)
	at projectthree.app.server.service.organization.locationmanagement.TimezoneTestCase.test5NegativeTesting(TimezoneTestCase.java:262)
	at sun.reflect.NativeMethodAccessorImpl.invoke0(Native Method)
	at sun.reflect.NativeMethodAccessorImpl.invoke(NativeMethodAccessorImpl.java:57)
	at sun.reflect.DelegatingMethodAccessorImpl.invoke(DelegatingMethodAccessorImpl.java:43)
	at java.lang.reflect.Method.invoke(Method.java:606)
	at org.junit.runners.model.FrameworkMethod$1.runReflectiveCall(FrameworkMethod.java:47)
	at org.junit.internal.runners.model.ReflectiveCallable.run(ReflectiveCallable.java:12)
	at org.junit.runners.model.FrameworkMethod.invokeExplosively(FrameworkMethod.java:44)
	at org.junit.internal.runners.statements.InvokeMethod.evaluate(InvokeMethod.java:17)
	at org.junit.internal.runners.statements.RunBefores.evaluate(RunBefores.java:26)
	at org.springframework.test.context.junit4.statements.RunBeforeTestMethodCallbacks.evaluate(RunBeforeTestMethodCallbacks.java:74)
	at org.junit.internal.runners.statements.RunAfters.evaluate(RunAfters.java:27)
	at org.springframework.test.context.junit4.statements.RunAfterTestMethodCallbacks.evaluate(RunAfterTestMethodCallbacks.java:83)
	at org.springframework.test.context.junit4.statements.SpringRepeat.evaluate(SpringRepeat.java:72)
	at org.springframework.test.context.junit4.SpringJUnit4ClassRunner.runChild(SpringJUnit4ClassRunner.java:233)
	at org.springframework.test.context.junit4.SpringJUnit4ClassRunner.runChild(SpringJUnit4ClassRunner.java:87)
	at org.junit.runners.ParentRunner$3.run(ParentRunner.java:238)
	at org.junit.runners.ParentRunner$1.schedule(ParentRunner.java:63)
	at org.junit.runners.ParentRunner.runChildren(ParentRunner.java:236)
	at org.junit.runners.ParentRunner.access$000(ParentRunner.java:53)
	at org.junit.runners.ParentRunner$2.evaluate(ParentRunner.java:229)
	at org.junit.internal.runners.statements.RunBefores.evaluate(RunBefores.java:26)
	at org.springframework.test.context.junit4.statements.RunBeforeTestClassCallbacks.evaluate(RunBeforeTestClassCallbacks.java:61)
	at org.springframework.test.context.junit4.statements.RunAfterTestClassCallbacks.evaluate(RunAfterTestClassCallbacks.java:71)
	at org.junit.runners.ParentRunner.run(ParentRunner.java:309)
	at org.springframework.test.context.junit4.SpringJUnit4ClassRunner.run(SpringJUnit4ClassRunner.java:176)
	at org.gradle.api.internal.tasks.testing.junit.JUnitTestClassExecuter.runTestClass(JUnitTestClassExecuter.java:86)
	at org.gradle.api.internal.tasks.testing.junit.JUnitTestClassExecuter.execute(JUnitTestClassExecuter.java:49)
	at org.gradle.api.internal.tasks.testing.junit.JUnitTestClassProcessor.processTestClass(JUnitTestClassProcessor.java:64)
	at org.gradle.api.internal.tasks.testing.SuiteTestClassProcessor.processTestClass(SuiteTestClassProcessor.java:50)
	at sun.reflect.GeneratedMethodAccessor108.invoke(Unknown Source)
	at sun.reflect.DelegatingMethodAccessorImpl.invoke(DelegatingMethodAccessorImpl.java:43)
	at java.lang.reflect.Method.invoke(Method.java:606)
	at org.gradle.messaging.dispatch.ReflectionDispatch.dispatch(ReflectionDispatch.java:35)
	at org.gradle.messaging.dispatch.ReflectionDispatch.dispatch(ReflectionDispatch.java:24)
	at org.gradle.messaging.dispatch.ContextClassLoaderDispatch.dispatch(ContextClassLoaderDispatch.java:32)
	at org.gradle.messaging.dispatch.ProxyDispatchAdapter$DispatchingInvocationHandler.invoke(ProxyDispatchAdapter.java:93)
	at com.sun.proxy.$Proxy2.processTestClass(Unknown Source)
	at org.gradle.api.internal.tasks.testing.worker.TestWorker.processTestClass(TestWorker.java:106)
	at sun.reflect.GeneratedMethodAccessor107.invoke(Unknown Source)
	at sun.reflect.DelegatingMethodAccessorImpl.invoke(DelegatingMethodAccessorImpl.java:43)
	at java.lang.reflect.Method.invoke(Method.java:606)
	at org.gradle.messaging.dispatch.ReflectionDispatch.dispatch(ReflectionDispatch.java:35)
	at org.gradle.messaging.dispatch.ReflectionDispatch.dispatch(ReflectionDispatch.java:24)
	at org.gradle.messaging.remote.internal.hub.MessageHub$Handler.run(MessageHub.java:360)
	at org.gradle.internal.concurrent.DefaultExecutorFactory$StoppableExecutorImpl$1.run(DefaultExecutorFactory.java:64)
	at java.util.concurrent.ThreadPoolExecutor.runWorker(ThreadPoolExecutor.java:1145)
	at java.util.concurrent.ThreadPoolExecutor$Worker.run(ThreadPoolExecutor.java:615)
	at java.lang.Thread.run(Thread.java:745)
Timezone.country size must be between 0 and 256
java.lang.SecurityException: Timezone.country size must be between 0 and 256
	at com.athena.server.pluggable.utils.helper.EntityValidatorHelper.validateEntity(EntityValidatorHelper.java:37)
	at projectthree.app.shared.organization.locationmanagement.Timezone.isValid(Timezone.java:204)
	at projectthree.app.server.service.organization.locationmanagement.TimezoneTestCase.validateTimezone(TimezoneTestCase.java:210)
	at projectthree.app.server.service.organization.locationmanagement.TimezoneTestCase.test5NegativeTesting(TimezoneTestCase.java:267)
	at sun.reflect.NativeMethodAccessorImpl.invoke0(Native Method)
	at sun.reflect.NativeMethodAccessorImpl.invoke(NativeMethodAccessorImpl.java:57)
	at sun.reflect.DelegatingMethodAccessorImpl.invoke(DelegatingMethodAccessorImpl.java:43)
	at java.lang.reflect.Method.invoke(Method.java:606)
	at org.junit.runners.model.FrameworkMethod$1.runReflectiveCall(FrameworkMethod.java:47)
	at org.junit.internal.runners.model.ReflectiveCallable.run(ReflectiveCallable.java:12)
	at org.junit.runners.model.FrameworkMethod.invokeExplosively(FrameworkMethod.java:44)
	at org.junit.internal.runners.statements.InvokeMethod.evaluate(InvokeMethod.java:17)
	at org.junit.internal.runners.statements.RunBefores.evaluate(RunBefores.java:26)
	at org.springframework.test.context.junit4.statements.RunBeforeTestMethodCallbacks.evaluate(RunBeforeTestMethodCallbacks.java:74)
	at org.junit.internal.runners.statements.RunAfters.evaluate(RunAfters.java:27)
	at org.springframework.test.context.junit4.statements.RunAfterTestMethodCallbacks.evaluate(RunAfterTestMethodCallbacks.java:83)
	at org.springframework.test.context.junit4.statements.SpringRepeat.evaluate(SpringRepeat.java:72)
	at org.springframework.test.context.junit4.SpringJUnit4ClassRunner.runChild(SpringJUnit4ClassRunner.java:233)
	at org.springframework.test.context.junit4.SpringJUnit4ClassRunner.runChild(SpringJUnit4ClassRunner.java:87)
	at org.junit.runners.ParentRunner$3.run(ParentRunner.java:238)
	at org.junit.runners.ParentRunner$1.schedule(ParentRunner.java:63)
	at org.junit.runners.ParentRunner.runChildren(ParentRunner.java:236)
	at org.junit.runners.ParentRunner.access$000(ParentRunner.java:53)
	at org.junit.runners.ParentRunner$2.evaluate(ParentRunner.java:229)
	at org.junit.internal.runners.statements.RunBefores.evaluate(RunBefores.java:26)
	at org.springframework.test.context.junit4.statements.RunBeforeTestClassCallbacks.evaluate(RunBeforeTestClassCallbacks.java:61)
	at org.springframework.test.context.junit4.statements.RunAfterTestClassCallbacks.evaluate(RunAfterTestClassCallbacks.java:71)
	at org.junit.runners.ParentRunner.run(ParentRunner.java:309)
	at org.springframework.test.context.junit4.SpringJUnit4ClassRunner.run(SpringJUnit4ClassRunner.java:176)
	at org.gradle.api.internal.tasks.testing.junit.JUnitTestClassExecuter.runTestClass(JUnitTestClassExecuter.java:86)
	at org.gradle.api.internal.tasks.testing.junit.JUnitTestClassExecuter.execute(JUnitTestClassExecuter.java:49)
	at org.gradle.api.internal.tasks.testing.junit.JUnitTestClassProcessor.processTestClass(JUnitTestClassProcessor.java:64)
	at org.gradle.api.internal.tasks.testing.SuiteTestClassProcessor.processTestClass(SuiteTestClassProcessor.java:50)
	at sun.reflect.GeneratedMethodAccessor108.invoke(Unknown Source)
	at sun.reflect.DelegatingMethodAccessorImpl.invoke(DelegatingMethodAccessorImpl.java:43)
	at java.lang.reflect.Method.invoke(Method.java:606)
	at org.gradle.messaging.dispatch.ReflectionDispatch.dispatch(ReflectionDispatch.java:35)
	at org.gradle.messaging.dispatch.ReflectionDispatch.dispatch(ReflectionDispatch.java:24)
	at org.gradle.messaging.dispatch.ContextClassLoaderDispatch.dispatch(ContextClassLoaderDispatch.java:32)
	at org.gradle.messaging.dispatch.ProxyDispatchAdapter$DispatchingInvocationHandler.invoke(ProxyDispatchAdapter.java:93)
	at com.sun.proxy.$Proxy2.processTestClass(Unknown Source)
	at org.gradle.api.internal.tasks.testing.worker.TestWorker.processTestClass(TestWorker.java:106)
	at sun.reflect.GeneratedMethodAccessor107.invoke(Unknown Source)
	at sun.reflect.DelegatingMethodAccessorImpl.invoke(DelegatingMethodAccessorImpl.java:43)
	at java.lang.reflect.Method.invoke(Method.java:606)
	at org.gradle.messaging.dispatch.ReflectionDispatch.dispatch(ReflectionDispatch.java:35)
	at org.gradle.messaging.dispatch.ReflectionDispatch.dispatch(ReflectionDispatch.java:24)
	at org.gradle.messaging.remote.internal.hub.MessageHub$Handler.run(MessageHub.java:360)
	at org.gradle.internal.concurrent.DefaultExecutorFactory$StoppableExecutorImpl$1.run(DefaultExecutorFactory.java:64)
	at java.util.concurrent.ThreadPoolExecutor.runWorker(ThreadPoolExecutor.java:1145)
	at java.util.concurrent.ThreadPoolExecutor$Worker.run(ThreadPoolExecutor.java:615)
	at java.lang.Thread.run(Thread.java:745)
Timezone.cities size must be between 0 and 256
java.lang.SecurityException: Timezone.cities size must be between 0 and 256
	at com.athena.server.pluggable.utils.helper.EntityValidatorHelper.validateEntity(EntityValidatorHelper.java:37)
	at projectthree.app.shared.organization.locationmanagement.Timezone.isValid(Timezone.java:204)
	at projectthree.app.server.service.organization.locationmanagement.TimezoneTestCase.validateTimezone(TimezoneTestCase.java:210)
	at projectthree.app.server.service.organization.locationmanagement.TimezoneTestCase.test5NegativeTesting(TimezoneTestCase.java:272)
	at sun.reflect.NativeMethodAccessorImpl.invoke0(Native Method)
	at sun.reflect.NativeMethodAccessorImpl.invoke(NativeMethodAccessorImpl.java:57)
	at sun.reflect.DelegatingMethodAccessorImpl.invoke(DelegatingMethodAccessorImpl.java:43)
	at java.lang.reflect.Method.invoke(Method.java:606)
	at org.junit.runners.model.FrameworkMethod$1.runReflectiveCall(FrameworkMethod.java:47)
	at org.junit.internal.runners.model.ReflectiveCallable.run(ReflectiveCallable.java:12)
	at org.junit.runners.model.FrameworkMethod.invokeExplosively(FrameworkMethod.java:44)
	at org.junit.internal.runners.statements.InvokeMethod.evaluate(InvokeMethod.java:17)
	at org.junit.internal.runners.statements.RunBefores.evaluate(RunBefores.java:26)
	at org.springframework.test.context.junit4.statements.RunBeforeTestMethodCallbacks.evaluate(RunBeforeTestMethodCallbacks.java:74)
	at org.junit.internal.runners.statements.RunAfters.evaluate(RunAfters.java:27)
	at org.springframework.test.context.junit4.statements.RunAfterTestMethodCallbacks.evaluate(RunAfterTestMethodCallbacks.java:83)
	at org.springframework.test.context.junit4.statements.SpringRepeat.evaluate(SpringRepeat.java:72)
	at org.springframework.test.context.junit4.SpringJUnit4ClassRunner.runChild(SpringJUnit4ClassRunner.java:233)
	at org.springframework.test.context.junit4.SpringJUnit4ClassRunner.runChild(SpringJUnit4ClassRunner.java:87)
	at org.junit.runners.ParentRunner$3.run(ParentRunner.java:238)
	at org.junit.runners.ParentRunner$1.schedule(ParentRunner.java:63)
	at org.junit.runners.ParentRunner.runChildren(ParentRunner.java:236)
	at org.junit.runners.ParentRunner.access$000(ParentRunner.java:53)
	at org.junit.runners.ParentRunner$2.evaluate(ParentRunner.java:229)
	at org.junit.internal.runners.statements.RunBefores.evaluate(RunBefores.java:26)
	at org.springframework.test.context.junit4.statements.RunBeforeTestClassCallbacks.evaluate(RunBeforeTestClassCallbacks.java:61)
	at org.springframework.test.context.junit4.statements.RunAfterTestClassCallbacks.evaluate(RunAfterTestClassCallbacks.java:71)
	at org.junit.runners.ParentRunner.run(ParentRunner.java:309)
	at org.springframework.test.context.junit4.SpringJUnit4ClassRunner.run(SpringJUnit4ClassRunner.java:176)
	at org.gradle.api.internal.tasks.testing.junit.JUnitTestClassExecuter.runTestClass(JUnitTestClassExecuter.java:86)
	at org.gradle.api.internal.tasks.testing.junit.JUnitTestClassExecuter.execute(JUnitTestClassExecuter.java:49)
	at org.gradle.api.internal.tasks.testing.junit.JUnitTestClassProcessor.processTestClass(JUnitTestClassProcessor.java:64)
	at org.gradle.api.internal.tasks.testing.SuiteTestClassProcessor.processTestClass(SuiteTestClassProcessor.java:50)
	at sun.reflect.GeneratedMethodAccessor108.invoke(Unknown Source)
	at sun.reflect.DelegatingMethodAccessorImpl.invoke(DelegatingMethodAccessorImpl.java:43)
	at java.lang.reflect.Method.invoke(Method.java:606)
	at org.gradle.messaging.dispatch.ReflectionDispatch.dispatch(ReflectionDispatch.java:35)
	at org.gradle.messaging.dispatch.ReflectionDispatch.dispatch(ReflectionDispatch.java:24)
	at org.gradle.messaging.dispatch.ContextClassLoaderDispatch.dispatch(ContextClassLoaderDispatch.java:32)
	at org.gradle.messaging.dispatch.ProxyDispatchAdapter$DispatchingInvocationHandler.invoke(ProxyDispatchAdapter.java:93)
	at com.sun.proxy.$Proxy2.processTestClass(Unknown Source)
	at org.gradle.api.internal.tasks.testing.worker.TestWorker.processTestClass(TestWorker.java:106)
	at sun.reflect.GeneratedMethodAccessor107.invoke(Unknown Source)
	at sun.reflect.DelegatingMethodAccessorImpl.invoke(DelegatingMethodAccessorImpl.java:43)
	at java.lang.reflect.Method.invoke(Method.java:606)
	at org.gradle.messaging.dispatch.ReflectionDispatch.dispatch(ReflectionDispatch.java:35)
	at org.gradle.messaging.dispatch.ReflectionDispatch.dispatch(ReflectionDispatch.java:24)
	at org.gradle.messaging.remote.internal.hub.MessageHub$Handler.run(MessageHub.java:360)
	at org.gradle.internal.concurrent.DefaultExecutorFactory$StoppableExecutorImpl$1.run(DefaultExecutorFactory.java:64)
	at java.util.concurrent.ThreadPoolExecutor.runWorker(ThreadPoolExecutor.java:1145)
	at java.util.concurrent.ThreadPoolExecutor$Worker.run(ThreadPoolExecutor.java:615)
	at java.lang.Thread.run(Thread.java:745)
]]></system-err>
</testsuite>
