<?xml version="1.0" encoding="UTF-8"?>
<testsuite name="projectthree.app.server.service.organization.locationmanagement.AddressTypeTestCase" tests="5" skipped="0" failures="0" errors="0" timestamp="2016-08-23T09:49:56" hostname="2182b7675541" time="0.37">
  <properties/>
  <testcase name="test1Save" classname="projectthree.app.server.service.organization.locationmanagement.AddressTypeTestCase" time="0.108"/>
  <testcase name="test2Update" classname="projectthree.app.server.service.organization.locationmanagement.AddressTypeTestCase" time="0.088"/>
  <testcase name="test3FindById" classname="projectthree.app.server.service.organization.locationmanagement.AddressTypeTestCase" time="0.024"/>
  <testcase name="test5NegativeTesting" classname="projectthree.app.server.service.organization.locationmanagement.AddressTypeTestCase" time="0.012"/>
  <testcase name="test6Delete" classname="projectthree.app.server.service.organization.locationmanagement.AddressTypeTestCase" time="0.138"/>
  <system-out><![CDATA[Tue Aug 23 09:49:56 UTC 2016|Log Manager Factory|Initialization Process started.....
Tue Aug 23 09:49:56 UTC 2016|Log Manager|Initialized with Path = [/home/applifire/workspace/project3/src/main/webapp/WEB-INF/conf]
Tue Aug 23 09:49:56 UTC 2016|Alarm Manager|Initialized with Path = [/home/applifire/workspace/project3/src/main/webapp/WEB-INF/conf]
Tue Aug 23 09:49:56 UTC 2016|Alarm Manager|Loading Alarms ......
Tue Aug 23 09:49:56 UTC 2016|Alarm XML Parser|FWA|XML Parsing Complete........ 
Tue Aug 23 09:49:56 UTC 2016|Alarm File Manager|FWA|Alarm File Status.. [ApplicationFrameworkAlarms.xml]|Version=15|Status=Done 
Tue Aug 23 09:49:56 UTC 2016|Alarm File Manager|FWA|Alarm Stats = ( BC/AL=5/786 SYS=5/11 [786/0]  TPL=0/0 [0/0]  APP= A.Map=[875]  E.Map EC/RC=[391/79] )
Tue Aug 23 09:49:56 UTC 2016|Alarm XML Parser|APP|XML Parsing Complete........ 
Tue Aug 23 09:49:56 UTC 2016|Alarm File Manager|APP|Alarm File Status.. [ApplicationAlarms.xml]|Version=1|Status=Done 
Tue Aug 23 09:49:56 UTC 2016|Alarm File Manager|APP|Alarm Stats = ( BC/AL=6/873 SYS=5/11 [786/0]  TPL=0/0 [0/0]  APP=1/1 [87/0]  A.Map=[962]  E.Map EC/RC=[445/91] )
Tue Aug 23 09:49:56 UTC 2016|ApplicationAlarmContext| <><><><><> Create App Alarms ....  <><><><><> 
Tue Aug 23 09:49:56 UTC 2016|ApplicationAlarmContext|Alarms are generated ONLY in Development Mode.. 
Tue Aug 23 09:49:56 UTC 2016|Alarm Manager|APP|Alarm Stats = ( BC/AL=6/873 SYS=5/11 [786/0]  TPL=0/0 [0/0]  APP=1/1 [87/0]  A.Map=[962]  E.Map EC/RC=[445/91] )
Tue Aug 23 09:49:56 UTC 2016|Alarm Manager|Initialized Exception Lookup...
Tue Aug 23 09:49:56 UTC 2016|Log Manager|Initialize Log Config File ......
Tue Aug 23 09:49:56 UTC 2016|Pluggable Connectors|Adding Connectors : StandardOutputConnector isEnabled=true isDefault=false isFallBack=true
Tue Aug 23 09:49:56 UTC 2016|Pluggable Connectors|Adding Connectors : StandardFileConnector isEnabled=true isDefault=false isFallBack=false
Tue Aug 23 09:49:56 UTC 2016|Pluggable Connectors|Adding Connectors : Sprinkler isEnabled=true isDefault=true isFallBack=false
Tue Aug 23 09:49:56 UTC 2016|Pluggable Connectors|Default Connector Name : com.spartan.logger.core.LogMessenger
Tue Aug 23 09:49:56 UTC 2016|Log Config Parser|Connector Least Log Level =[4]  FallBack Log Level =[3]
Tue Aug 23 09:49:56 UTC 2016|Log Manager|Loading Default Connector for Logging ......
Tue Aug 23 09:49:56 UTC 2016|Log Manager|Loading class .. com.spartan.logger.core.LogMessenger
Tue Aug 23 09:49:56 UTC 2016|Plugggable Connector|Connector class com.spartan.logger.core.LogMessenger Initialized... @ Log Level = 3
Tue Aug 23 09:49:56 UTC 2016|Log Manager|Starting the Default Connector [com.spartan.logger.core.LogMessenger@1ffbb0ba] ....
Tue Aug 23 09:49:56 UTC 2016|Scheduler|Starting the Scheduler ......
Tue Aug 23 09:49:56 UTC 2016|Scheduler|Adding [LMID=[8c3f8e01-14d7-47f5-a89e-5698ac927b51]] Delay=5 Time Unit=MINUTES
Tue Aug 23 09:49:56 UTC 2016|Scheduler|Adding [App Alarm Manager File=[ApplicationAlarms.xml]] Delay=30 Time Unit=MINUTES
Tue Aug 23 09:49:56 UTC 2016|Scheduler|Adding [FW Alarm Manager File=[ApplicationFrameworkAlarms.xml]] Delay=3 Time Unit=MINUTES
Tue Aug 23 09:49:56 UTC 2016|Scheduler|Startup Completed..
Tue Aug 23 09:49:56 UTC 2016|Log Manager|Initialization Process Complete ......
Tue Aug 23 09:49:56 UTC 2016|Log Manager Factory|Log Manager READY! ID = 8c3f8e01-14d7-47f5-a89e-5698ac927b51
[EL Finer]: connection: 2016-08-23 09:49:56.529--ServerSession(312021720)--Thread(Thread[Test worker,5,main])--client acquired: 844337826
[EL Finer]: transaction: 2016-08-23 09:49:56.53--ClientSession(844337826)--Thread(Thread[Test worker,5,main])--acquire unit of work: 213902206
[EL Finest]: connection: 2016-08-23 09:49:56.53--ServerSession(312021720)--Connection(166751164)--Thread(Thread[Test worker,5,main])--Connection acquired from connection pool [default].
[EL Finer]: transaction: 2016-08-23 09:49:56.53--ClientSession(844337826)--Connection(166751164)--Thread(Thread[Test worker,5,main])--begin transaction
[EL Finest]: connection: 2016-08-23 09:49:56.53--ClientSession(844337826)--Thread(Thread[Test worker,5,main])--reconnecting to external connection pool
Tue Aug 23 09:49:56 UTC 2016|Unknown Alarm = ORGLM312100100 Alarm Split = ORG-LM-3-1-2-100-100
[EL Finest]: transaction: 2016-08-23 09:49:56.531--UnitOfWork(213902206)--Thread(Thread[Test worker,5,main])--persist() operation called on: J79UkrHAUOHHGYokahvMh3fA5OBwZbB79Z8kASCvKMWRL0ofWl.
[EL Finest]: sequencing: 2016-08-23 09:49:56.531--UnitOfWork(213902206)--Thread(Thread[Test worker,5,main])--assign sequence to the object (40A58A38-4387-4E08-B4B6-562A43D69B80 -> J79UkrHAUOHHGYokahvMh3fA5OBwZbB79Z8kASCvKMWRL0ofWl)
[EL Finer]: transaction: 2016-08-23 09:49:56.531--UnitOfWork(213902206)--Thread(Thread[Test worker,5,main])--begin unit of work commit
[EL Finest]: query: 2016-08-23 09:49:56.531--UnitOfWork(213902206)--Thread(Thread[Test worker,5,main])--Execute query InsertObjectQuery(J79UkrHAUOHHGYokahvMh3fA5OBwZbB79Z8kASCvKMWRL0ofWl)
[EL Fine]: sql: 2016-08-23 09:49:56.532--ClientSession(844337826)--Connection(405234355)--Thread(Thread[Test worker,5,main])--INSERT INTO ast_AddressType_M (addressTypeId, addressType, addressTypeDesc, addressTypeIcon, versionId, createdBy, createdDate, updatedBy, updatedDate, activeStatus, txnAccessCode) VALUES (?, ?, ?, ?, ?, ?, ?, ?, ?, ?, ?)
	bind => [40A58A38-4387-4E08-B4B6-562A43D69B80, J79UkrHAUOHHGYokahvMh3fA5OBwZbB79Z8kASCvKMWRL0ofWl, 3HfrPjyvAwM80QyTuv6aNt07427oasY52vbUQqI6tT2PbJyAFC, 7WdwgfQoZvq6QxLltQIYZQCT8hZXL9SHOUaE7IuxeXe5NLw1SY, 1, AAAAA, 2016-08-23 09:49:56.513, AAAAA, 2016-08-23 09:49:56.513, 1, 51000]
[EL Finer]: transaction: 2016-08-23 09:49:56.533--ClientSession(844337826)--Connection(405234355)--Thread(Thread[Test worker,5,main])--commit transaction
[EL Finest]: connection: 2016-08-23 09:49:56.597--ServerSession(312021720)--Connection(166751164)--Thread(Thread[Test worker,5,main])--Connection released to connection pool [default].
[EL Finer]: transaction: 2016-08-23 09:49:56.597--UnitOfWork(213902206)--Thread(Thread[Test worker,5,main])--end unit of work commit
[EL Finer]: transaction: 2016-08-23 09:49:56.597--UnitOfWork(213902206)--Thread(Thread[Test worker,5,main])--resume unit of work
[EL Finer]: transaction: 2016-08-23 09:49:56.597--UnitOfWork(213902206)--Thread(Thread[Test worker,5,main])--release unit of work
[EL Finer]: connection: 2016-08-23 09:49:56.597--ClientSession(844337826)--Thread(Thread[Test worker,5,main])--client released
[EL Finer]: connection: 2016-08-23 09:49:56.617--ServerSession(312021720)--Thread(Thread[Test worker,5,main])--client acquired: 209588382
[EL Finer]: transaction: 2016-08-23 09:49:56.618--ClientSession(209588382)--Thread(Thread[Test worker,5,main])--acquire unit of work: 678755194
[EL Finest]: connection: 2016-08-23 09:49:56.618--ServerSession(312021720)--Connection(405412694)--Thread(Thread[Test worker,5,main])--Connection acquired from connection pool [default].
[EL Finer]: transaction: 2016-08-23 09:49:56.618--ClientSession(209588382)--Connection(405412694)--Thread(Thread[Test worker,5,main])--begin transaction
[EL Finest]: connection: 2016-08-23 09:49:56.618--ClientSession(209588382)--Thread(Thread[Test worker,5,main])--reconnecting to external connection pool
[EL Finer]: transaction: 2016-08-23 09:49:56.619--UnitOfWork(678755194)--Thread(Thread[Test worker,5,main])--begin unit of work flush
[EL Finer]: transaction: 2016-08-23 09:49:56.619--UnitOfWork(678755194)--Thread(Thread[Test worker,5,main])--end unit of work flush
[EL Finest]: query: 2016-08-23 09:49:56.619--UnitOfWork(678755194)--Thread(Thread[Test worker,5,main])--Execute query ReadAllQuery(name="AddressType.findById" referenceClass=AddressType sql="SELECT addressTypeId, addressType, addressTypeDesc, addressTypeIcon, versionId, createdBy, createdDate, updatedBy, updatedDate, activeStatus, txnAccessCode FROM ast_AddressType_M WHERE ((activeStatus = ?) AND (addressTypeId = ?))")
[EL Fine]: sql: 2016-08-23 09:49:56.62--ClientSession(209588382)--Connection(1519936980)--Thread(Thread[Test worker,5,main])--SELECT addressTypeId, addressType, addressTypeDesc, addressTypeIcon, versionId, createdBy, createdDate, updatedBy, updatedDate, activeStatus, txnAccessCode FROM ast_AddressType_M WHERE ((activeStatus = ?) AND (addressTypeId = ?))
	bind => [1, 40A58A38-4387-4E08-B4B6-562A43D69B80]
[EL Finer]: transaction: 2016-08-23 09:49:56.622--UnitOfWork(678755194)--Thread(Thread[Test worker,5,main])--begin unit of work commit
[EL Finer]: transaction: 2016-08-23 09:49:56.622--ClientSession(209588382)--Connection(1519936980)--Thread(Thread[Test worker,5,main])--commit transaction
[EL Finest]: connection: 2016-08-23 09:49:56.622--ServerSession(312021720)--Connection(405412694)--Thread(Thread[Test worker,5,main])--Connection released to connection pool [default].
[EL Finer]: transaction: 2016-08-23 09:49:56.622--UnitOfWork(678755194)--Thread(Thread[Test worker,5,main])--end unit of work commit
[EL Finer]: transaction: 2016-08-23 09:49:56.622--UnitOfWork(678755194)--Thread(Thread[Test worker,5,main])--resume unit of work
[EL Finer]: transaction: 2016-08-23 09:49:56.623--UnitOfWork(678755194)--Thread(Thread[Test worker,5,main])--release unit of work
[EL Finer]: connection: 2016-08-23 09:49:56.623--ClientSession(209588382)--Thread(Thread[Test worker,5,main])--client released
[EL Finer]: connection: 2016-08-23 09:49:56.623--ServerSession(312021720)--Thread(Thread[Test worker,5,main])--client acquired: 1983251003
[EL Finer]: transaction: 2016-08-23 09:49:56.623--ClientSession(1983251003)--Thread(Thread[Test worker,5,main])--acquire unit of work: 1405922334
[EL Finest]: connection: 2016-08-23 09:49:56.623--ServerSession(312021720)--Connection(574099597)--Thread(Thread[Test worker,5,main])--Connection acquired from connection pool [default].
[EL Finer]: transaction: 2016-08-23 09:49:56.623--ClientSession(1983251003)--Connection(574099597)--Thread(Thread[Test worker,5,main])--begin transaction
[EL Finest]: connection: 2016-08-23 09:49:56.623--ClientSession(1983251003)--Thread(Thread[Test worker,5,main])--reconnecting to external connection pool
[EL Finest]: transaction: 2016-08-23 09:49:56.625--UnitOfWork(1405922334)--Thread(Thread[Test worker,5,main])--Merge clone with references DAnNOGcz0nNmMDV8HOYVvH1yOyNWOs873mxHizSTjI1Fa8CO8O
[EL Finest]: query: 2016-08-23 09:49:56.625--UnitOfWork(1405922334)--Thread(Thread[Test worker,5,main])--Execute query ReadObjectQuery(referenceClass=AddressType )
[EL Fine]: sql: 2016-08-23 09:49:56.626--ClientSession(1983251003)--Connection(450447903)--Thread(Thread[Test worker,5,main])--SELECT addressTypeId, addressType, addressTypeDesc, addressTypeIcon, versionId, createdBy, createdDate, updatedBy, updatedDate, activeStatus, txnAccessCode FROM ast_AddressType_M WHERE (addressTypeId = ?)
	bind => [40A58A38-4387-4E08-B4B6-562A43D69B80]
[EL Finer]: transaction: 2016-08-23 09:49:56.627--UnitOfWork(1405922334)--Thread(Thread[Test worker,5,main])--begin unit of work commit
[EL Finest]: query: 2016-08-23 09:49:56.627--UnitOfWork(1405922334)--Thread(Thread[Test worker,5,main])--Execute query UpdateObjectQuery(DAnNOGcz0nNmMDV8HOYVvH1yOyNWOs873mxHizSTjI1Fa8CO8O)
[EL Fine]: sql: 2016-08-23 09:49:56.628--ClientSession(1983251003)--Connection(450447903)--Thread(Thread[Test worker,5,main])--UPDATE ast_AddressType_M SET addressType = ?, addressTypeDesc = ?, addressTypeIcon = ?, versionId = ? WHERE ((addressTypeId = ?) AND (versionId = ?))
	bind => [DAnNOGcz0nNmMDV8HOYVvH1yOyNWOs873mxHizSTjI1Fa8CO8O, XayN8XmmKGJBoGBuUIsHRmXTnEF4fy397eBnlBOFsn8hswpH3W, gHUhz6Tp4RSYReC5pTVnZtGxpA0lqSoo1NUIbylVfUIJzA2VKF, 2, 40A58A38-4387-4E08-B4B6-562A43D69B80, 1]
[EL Finer]: transaction: 2016-08-23 09:49:56.629--ClientSession(1983251003)--Connection(450447903)--Thread(Thread[Test worker,5,main])--commit transaction
[EL Finest]: connection: 2016-08-23 09:49:56.686--ServerSession(312021720)--Connection(574099597)--Thread(Thread[Test worker,5,main])--Connection released to connection pool [default].
[EL Finer]: transaction: 2016-08-23 09:49:56.686--UnitOfWork(1405922334)--Thread(Thread[Test worker,5,main])--end unit of work commit
[EL Finer]: transaction: 2016-08-23 09:49:56.686--UnitOfWork(1405922334)--Thread(Thread[Test worker,5,main])--resume unit of work
[EL Finer]: transaction: 2016-08-23 09:49:56.686--UnitOfWork(1405922334)--Thread(Thread[Test worker,5,main])--release unit of work
[EL Finer]: connection: 2016-08-23 09:49:56.686--ClientSession(1983251003)--Thread(Thread[Test worker,5,main])--client released
[EL Finer]: connection: 2016-08-23 09:49:56.706--ServerSession(312021720)--Thread(Thread[Test worker,5,main])--client acquired: 1794684030
[EL Finer]: transaction: 2016-08-23 09:49:56.706--ClientSession(1794684030)--Thread(Thread[Test worker,5,main])--acquire unit of work: 1846670095
[EL Finest]: connection: 2016-08-23 09:49:56.706--ServerSession(312021720)--Connection(1550620221)--Thread(Thread[Test worker,5,main])--Connection acquired from connection pool [default].
[EL Finer]: transaction: 2016-08-23 09:49:56.706--ClientSession(1794684030)--Connection(1550620221)--Thread(Thread[Test worker,5,main])--begin transaction
[EL Finest]: connection: 2016-08-23 09:49:56.706--ClientSession(1794684030)--Thread(Thread[Test worker,5,main])--reconnecting to external connection pool
[EL Finer]: transaction: 2016-08-23 09:49:56.707--UnitOfWork(1846670095)--Thread(Thread[Test worker,5,main])--begin unit of work flush
[EL Finer]: transaction: 2016-08-23 09:49:56.707--UnitOfWork(1846670095)--Thread(Thread[Test worker,5,main])--end unit of work flush
[EL Finest]: query: 2016-08-23 09:49:56.708--UnitOfWork(1846670095)--Thread(Thread[Test worker,5,main])--Execute query ReadAllQuery(name="AddressType.findById" referenceClass=AddressType sql="SELECT addressTypeId, addressType, addressTypeDesc, addressTypeIcon, versionId, createdBy, createdDate, updatedBy, updatedDate, activeStatus, txnAccessCode FROM ast_AddressType_M WHERE ((activeStatus = ?) AND (addressTypeId = ?))")
[EL Fine]: sql: 2016-08-23 09:49:56.708--ClientSession(1794684030)--Connection(258573391)--Thread(Thread[Test worker,5,main])--SELECT addressTypeId, addressType, addressTypeDesc, addressTypeIcon, versionId, createdBy, createdDate, updatedBy, updatedDate, activeStatus, txnAccessCode FROM ast_AddressType_M WHERE ((activeStatus = ?) AND (addressTypeId = ?))
	bind => [1, 40A58A38-4387-4E08-B4B6-562A43D69B80]
[EL Finer]: transaction: 2016-08-23 09:49:56.709--UnitOfWork(1846670095)--Thread(Thread[Test worker,5,main])--begin unit of work commit
[EL Finer]: transaction: 2016-08-23 09:49:56.709--ClientSession(1794684030)--Connection(258573391)--Thread(Thread[Test worker,5,main])--commit transaction
[EL Finest]: connection: 2016-08-23 09:49:56.71--ServerSession(312021720)--Connection(1550620221)--Thread(Thread[Test worker,5,main])--Connection released to connection pool [default].
[EL Finer]: transaction: 2016-08-23 09:49:56.71--UnitOfWork(1846670095)--Thread(Thread[Test worker,5,main])--end unit of work commit
[EL Finer]: transaction: 2016-08-23 09:49:56.71--UnitOfWork(1846670095)--Thread(Thread[Test worker,5,main])--resume unit of work
[EL Finer]: transaction: 2016-08-23 09:49:56.71--UnitOfWork(1846670095)--Thread(Thread[Test worker,5,main])--release unit of work
[EL Finer]: connection: 2016-08-23 09:49:56.71--ClientSession(1794684030)--Thread(Thread[Test worker,5,main])--client released
[EL Finer]: connection: 2016-08-23 09:49:56.742--ServerSession(312021720)--Thread(Thread[Test worker,5,main])--client acquired: 372616186
[EL Finer]: transaction: 2016-08-23 09:49:56.742--ClientSession(372616186)--Thread(Thread[Test worker,5,main])--acquire unit of work: 497923450
[EL Finest]: connection: 2016-08-23 09:49:56.742--ServerSession(312021720)--Connection(2003135438)--Thread(Thread[Test worker,5,main])--Connection acquired from connection pool [default].
[EL Finer]: transaction: 2016-08-23 09:49:56.742--ClientSession(372616186)--Connection(2003135438)--Thread(Thread[Test worker,5,main])--begin transaction
[EL Finest]: connection: 2016-08-23 09:49:56.742--ClientSession(372616186)--Thread(Thread[Test worker,5,main])--reconnecting to external connection pool
[EL Finest]: query: 2016-08-23 09:49:56.743--UnitOfWork(497923450)--Thread(Thread[Test worker,5,main])--Execute query ReadObjectQuery(name="readAddressType" referenceClass=AddressType sql="SELECT addressTypeId, addressType, addressTypeDesc, addressTypeIcon, versionId, createdBy, createdDate, updatedBy, updatedDate, activeStatus, txnAccessCode FROM ast_AddressType_M WHERE (addressTypeId = ?)")
[EL Fine]: sql: 2016-08-23 09:49:56.743--ClientSession(372616186)--Connection(1859103474)--Thread(Thread[Test worker,5,main])--SELECT addressTypeId, addressType, addressTypeDesc, addressTypeIcon, versionId, createdBy, createdDate, updatedBy, updatedDate, activeStatus, txnAccessCode FROM ast_AddressType_M WHERE (addressTypeId = ?)
	bind => [40A58A38-4387-4E08-B4B6-562A43D69B80]
[EL Finest]: transaction: 2016-08-23 09:49:56.744--UnitOfWork(497923450)--Thread(Thread[Test worker,5,main])--remove() operation called on: DAnNOGcz0nNmMDV8HOYVvH1yOyNWOs873mxHizSTjI1Fa8CO8O
[EL Finer]: transaction: 2016-08-23 09:49:56.745--UnitOfWork(497923450)--Thread(Thread[Test worker,5,main])--begin unit of work commit
[EL Finest]: query: 2016-08-23 09:49:56.745--UnitOfWork(497923450)--Thread(Thread[Test worker,5,main])--Execute query DoesExistQuery(referenceClass=AddressType )
[EL Finest]: query: 2016-08-23 09:49:56.745--UnitOfWork(497923450)--Thread(Thread[Test worker,5,main])--Execute query DeleteObjectQuery(DAnNOGcz0nNmMDV8HOYVvH1yOyNWOs873mxHizSTjI1Fa8CO8O)
[EL Fine]: sql: 2016-08-23 09:49:56.745--ClientSession(372616186)--Connection(1859103474)--Thread(Thread[Test worker,5,main])--DELETE FROM ast_AddressType_M WHERE ((addressTypeId = ?) AND (versionId = ?))
	bind => [40A58A38-4387-4E08-B4B6-562A43D69B80, 2]
[EL Finer]: transaction: 2016-08-23 09:49:56.746--ClientSession(372616186)--Connection(1859103474)--Thread(Thread[Test worker,5,main])--commit transaction
[EL Finest]: connection: 2016-08-23 09:49:56.859--ServerSession(312021720)--Connection(2003135438)--Thread(Thread[Test worker,5,main])--Connection released to connection pool [default].
[EL Finer]: transaction: 2016-08-23 09:49:56.859--UnitOfWork(497923450)--Thread(Thread[Test worker,5,main])--end unit of work commit
[EL Finer]: transaction: 2016-08-23 09:49:56.859--UnitOfWork(497923450)--Thread(Thread[Test worker,5,main])--resume unit of work
[EL Finer]: transaction: 2016-08-23 09:49:56.86--UnitOfWork(497923450)--Thread(Thread[Test worker,5,main])--release unit of work
[EL Finer]: connection: 2016-08-23 09:49:56.86--ClientSession(372616186)--Thread(Thread[Test worker,5,main])--client released
]]></system-out>
  <system-err><![CDATA[AddressType.addressType may not be null
java.lang.SecurityException: AddressType.addressType may not be null
	at com.athena.server.pluggable.utils.helper.EntityValidatorHelper.validateEntity(EntityValidatorHelper.java:37)
	at projectthree.app.shared.organization.locationmanagement.AddressType.isValid(AddressType.java:174)
	at projectthree.app.server.service.organization.locationmanagement.AddressTypeTestCase.validateAddressType(AddressTypeTestCase.java:208)
	at projectthree.app.server.service.organization.locationmanagement.AddressTypeTestCase.test5NegativeTesting(AddressTypeTestCase.java:241)
	at sun.reflect.NativeMethodAccessorImpl.invoke0(Native Method)
	at sun.reflect.NativeMethodAccessorImpl.invoke(NativeMethodAccessorImpl.java:57)
	at sun.reflect.DelegatingMethodAccessorImpl.invoke(DelegatingMethodAccessorImpl.java:43)
	at java.lang.reflect.Method.invoke(Method.java:606)
	at org.junit.runners.model.FrameworkMethod$1.runReflectiveCall(FrameworkMethod.java:47)
	at org.junit.internal.runners.model.ReflectiveCallable.run(ReflectiveCallable.java:12)
	at org.junit.runners.model.FrameworkMethod.invokeExplosively(FrameworkMethod.java:44)
	at org.junit.internal.runners.statements.InvokeMethod.evaluate(InvokeMethod.java:17)
	at org.junit.internal.runners.statements.RunBefores.evaluate(RunBefores.java:26)
	at org.springframework.test.context.junit4.statements.RunBeforeTestMethodCallbacks.evaluate(RunBeforeTestMethodCallbacks.java:74)
	at org.junit.internal.runners.statements.RunAfters.evaluate(RunAfters.java:27)
	at org.springframework.test.context.junit4.statements.RunAfterTestMethodCallbacks.evaluate(RunAfterTestMethodCallbacks.java:83)
	at org.springframework.test.context.junit4.statements.SpringRepeat.evaluate(SpringRepeat.java:72)
	at org.springframework.test.context.junit4.SpringJUnit4ClassRunner.runChild(SpringJUnit4ClassRunner.java:233)
	at org.springframework.test.context.junit4.SpringJUnit4ClassRunner.runChild(SpringJUnit4ClassRunner.java:87)
	at org.junit.runners.ParentRunner$3.run(ParentRunner.java:238)
	at org.junit.runners.ParentRunner$1.schedule(ParentRunner.java:63)
	at org.junit.runners.ParentRunner.runChildren(ParentRunner.java:236)
	at org.junit.runners.ParentRunner.access$000(ParentRunner.java:53)
	at org.junit.runners.ParentRunner$2.evaluate(ParentRunner.java:229)
	at org.junit.internal.runners.statements.RunBefores.evaluate(RunBefores.java:26)
	at org.springframework.test.context.junit4.statements.RunBeforeTestClassCallbacks.evaluate(RunBeforeTestClassCallbacks.java:61)
	at org.springframework.test.context.junit4.statements.RunAfterTestClassCallbacks.evaluate(RunAfterTestClassCallbacks.java:71)
	at org.junit.runners.ParentRunner.run(ParentRunner.java:309)
	at org.springframework.test.context.junit4.SpringJUnit4ClassRunner.run(SpringJUnit4ClassRunner.java:176)
	at org.gradle.api.internal.tasks.testing.junit.JUnitTestClassExecuter.runTestClass(JUnitTestClassExecuter.java:86)
	at org.gradle.api.internal.tasks.testing.junit.JUnitTestClassExecuter.execute(JUnitTestClassExecuter.java:49)
	at org.gradle.api.internal.tasks.testing.junit.JUnitTestClassProcessor.processTestClass(JUnitTestClassProcessor.java:64)
	at org.gradle.api.internal.tasks.testing.SuiteTestClassProcessor.processTestClass(SuiteTestClassProcessor.java:50)
	at sun.reflect.GeneratedMethodAccessor108.invoke(Unknown Source)
	at sun.reflect.DelegatingMethodAccessorImpl.invoke(DelegatingMethodAccessorImpl.java:43)
	at java.lang.reflect.Method.invoke(Method.java:606)
	at org.gradle.messaging.dispatch.ReflectionDispatch.dispatch(ReflectionDispatch.java:35)
	at org.gradle.messaging.dispatch.ReflectionDispatch.dispatch(ReflectionDispatch.java:24)
	at org.gradle.messaging.dispatch.ContextClassLoaderDispatch.dispatch(ContextClassLoaderDispatch.java:32)
	at org.gradle.messaging.dispatch.ProxyDispatchAdapter$DispatchingInvocationHandler.invoke(ProxyDispatchAdapter.java:93)
	at com.sun.proxy.$Proxy2.processTestClass(Unknown Source)
	at org.gradle.api.internal.tasks.testing.worker.TestWorker.processTestClass(TestWorker.java:106)
	at sun.reflect.GeneratedMethodAccessor107.invoke(Unknown Source)
	at sun.reflect.DelegatingMethodAccessorImpl.invoke(DelegatingMethodAccessorImpl.java:43)
	at java.lang.reflect.Method.invoke(Method.java:606)
	at org.gradle.messaging.dispatch.ReflectionDispatch.dispatch(ReflectionDispatch.java:35)
	at org.gradle.messaging.dispatch.ReflectionDispatch.dispatch(ReflectionDispatch.java:24)
	at org.gradle.messaging.remote.internal.hub.MessageHub$Handler.run(MessageHub.java:360)
	at org.gradle.internal.concurrent.DefaultExecutorFactory$StoppableExecutorImpl$1.run(DefaultExecutorFactory.java:64)
	at java.util.concurrent.ThreadPoolExecutor.runWorker(ThreadPoolExecutor.java:1145)
	at java.util.concurrent.ThreadPoolExecutor$Worker.run(ThreadPoolExecutor.java:615)
	at java.lang.Thread.run(Thread.java:745)
AddressType.addressType size must be between 0 and 128
java.lang.SecurityException: AddressType.addressType size must be between 0 and 128
	at com.athena.server.pluggable.utils.helper.EntityValidatorHelper.validateEntity(EntityValidatorHelper.java:37)
	at projectthree.app.shared.organization.locationmanagement.AddressType.isValid(AddressType.java:174)
	at projectthree.app.server.service.organization.locationmanagement.AddressTypeTestCase.validateAddressType(AddressTypeTestCase.java:206)
	at projectthree.app.server.service.organization.locationmanagement.AddressTypeTestCase.test5NegativeTesting(AddressTypeTestCase.java:246)
	at sun.reflect.NativeMethodAccessorImpl.invoke0(Native Method)
	at sun.reflect.NativeMethodAccessorImpl.invoke(NativeMethodAccessorImpl.java:57)
	at sun.reflect.DelegatingMethodAccessorImpl.invoke(DelegatingMethodAccessorImpl.java:43)
	at java.lang.reflect.Method.invoke(Method.java:606)
	at org.junit.runners.model.FrameworkMethod$1.runReflectiveCall(FrameworkMethod.java:47)
	at org.junit.internal.runners.model.ReflectiveCallable.run(ReflectiveCallable.java:12)
	at org.junit.runners.model.FrameworkMethod.invokeExplosively(FrameworkMethod.java:44)
	at org.junit.internal.runners.statements.InvokeMethod.evaluate(InvokeMethod.java:17)
	at org.junit.internal.runners.statements.RunBefores.evaluate(RunBefores.java:26)
	at org.springframework.test.context.junit4.statements.RunBeforeTestMethodCallbacks.evaluate(RunBeforeTestMethodCallbacks.java:74)
	at org.junit.internal.runners.statements.RunAfters.evaluate(RunAfters.java:27)
	at org.springframework.test.context.junit4.statements.RunAfterTestMethodCallbacks.evaluate(RunAfterTestMethodCallbacks.java:83)
	at org.springframework.test.context.junit4.statements.SpringRepeat.evaluate(SpringRepeat.java:72)
	at org.springframework.test.context.junit4.SpringJUnit4ClassRunner.runChild(SpringJUnit4ClassRunner.java:233)
	at org.springframework.test.context.junit4.SpringJUnit4ClassRunner.runChild(SpringJUnit4ClassRunner.java:87)
	at org.junit.runners.ParentRunner$3.run(ParentRunner.java:238)
	at org.junit.runners.ParentRunner$1.schedule(ParentRunner.java:63)
	at org.junit.runners.ParentRunner.runChildren(ParentRunner.java:236)
	at org.junit.runners.ParentRunner.access$000(ParentRunner.java:53)
	at org.junit.runners.ParentRunner$2.evaluate(ParentRunner.java:229)
	at org.junit.internal.runners.statements.RunBefores.evaluate(RunBefores.java:26)
	at org.springframework.test.context.junit4.statements.RunBeforeTestClassCallbacks.evaluate(RunBeforeTestClassCallbacks.java:61)
	at org.springframework.test.context.junit4.statements.RunAfterTestClassCallbacks.evaluate(RunAfterTestClassCallbacks.java:71)
	at org.junit.runners.ParentRunner.run(ParentRunner.java:309)
	at org.springframework.test.context.junit4.SpringJUnit4ClassRunner.run(SpringJUnit4ClassRunner.java:176)
	at org.gradle.api.internal.tasks.testing.junit.JUnitTestClassExecuter.runTestClass(JUnitTestClassExecuter.java:86)
	at org.gradle.api.internal.tasks.testing.junit.JUnitTestClassExecuter.execute(JUnitTestClassExecuter.java:49)
	at org.gradle.api.internal.tasks.testing.junit.JUnitTestClassProcessor.processTestClass(JUnitTestClassProcessor.java:64)
	at org.gradle.api.internal.tasks.testing.SuiteTestClassProcessor.processTestClass(SuiteTestClassProcessor.java:50)
	at sun.reflect.GeneratedMethodAccessor108.invoke(Unknown Source)
	at sun.reflect.DelegatingMethodAccessorImpl.invoke(DelegatingMethodAccessorImpl.java:43)
	at java.lang.reflect.Method.invoke(Method.java:606)
	at org.gradle.messaging.dispatch.ReflectionDispatch.dispatch(ReflectionDispatch.java:35)
	at org.gradle.messaging.dispatch.ReflectionDispatch.dispatch(ReflectionDispatch.java:24)
	at org.gradle.messaging.dispatch.ContextClassLoaderDispatch.dispatch(ContextClassLoaderDispatch.java:32)
	at org.gradle.messaging.dispatch.ProxyDispatchAdapter$DispatchingInvocationHandler.invoke(ProxyDispatchAdapter.java:93)
	at com.sun.proxy.$Proxy2.processTestClass(Unknown Source)
	at org.gradle.api.internal.tasks.testing.worker.TestWorker.processTestClass(TestWorker.java:106)
	at sun.reflect.GeneratedMethodAccessor107.invoke(Unknown Source)
	at sun.reflect.DelegatingMethodAccessorImpl.invoke(DelegatingMethodAccessorImpl.java:43)
	at java.lang.reflect.Method.invoke(Method.java:606)
	at org.gradle.messaging.dispatch.ReflectionDispatch.dispatch(ReflectionDispatch.java:35)
	at org.gradle.messaging.dispatch.ReflectionDispatch.dispatch(ReflectionDispatch.java:24)
	at org.gradle.messaging.remote.internal.hub.MessageHub$Handler.run(MessageHub.java:360)
	at org.gradle.internal.concurrent.DefaultExecutorFactory$StoppableExecutorImpl$1.run(DefaultExecutorFactory.java:64)
	at java.util.concurrent.ThreadPoolExecutor.runWorker(ThreadPoolExecutor.java:1145)
	at java.util.concurrent.ThreadPoolExecutor$Worker.run(ThreadPoolExecutor.java:615)
	at java.lang.Thread.run(Thread.java:745)
AddressType.addressTypeDesc size must be between 0 and 256
java.lang.SecurityException: AddressType.addressTypeDesc size must be between 0 and 256
	at com.athena.server.pluggable.utils.helper.EntityValidatorHelper.validateEntity(EntityValidatorHelper.java:37)
	at projectthree.app.shared.organization.locationmanagement.AddressType.isValid(AddressType.java:174)
	at projectthree.app.server.service.organization.locationmanagement.AddressTypeTestCase.validateAddressType(AddressTypeTestCase.java:206)
	at projectthree.app.server.service.organization.locationmanagement.AddressTypeTestCase.test5NegativeTesting(AddressTypeTestCase.java:251)
	at sun.reflect.NativeMethodAccessorImpl.invoke0(Native Method)
	at sun.reflect.NativeMethodAccessorImpl.invoke(NativeMethodAccessorImpl.java:57)
	at sun.reflect.DelegatingMethodAccessorImpl.invoke(DelegatingMethodAccessorImpl.java:43)
	at java.lang.reflect.Method.invoke(Method.java:606)
	at org.junit.runners.model.FrameworkMethod$1.runReflectiveCall(FrameworkMethod.java:47)
	at org.junit.internal.runners.model.ReflectiveCallable.run(ReflectiveCallable.java:12)
	at org.junit.runners.model.FrameworkMethod.invokeExplosively(FrameworkMethod.java:44)
	at org.junit.internal.runners.statements.InvokeMethod.evaluate(InvokeMethod.java:17)
	at org.junit.internal.runners.statements.RunBefores.evaluate(RunBefores.java:26)
	at org.springframework.test.context.junit4.statements.RunBeforeTestMethodCallbacks.evaluate(RunBeforeTestMethodCallbacks.java:74)
	at org.junit.internal.runners.statements.RunAfters.evaluate(RunAfters.java:27)
	at org.springframework.test.context.junit4.statements.RunAfterTestMethodCallbacks.evaluate(RunAfterTestMethodCallbacks.java:83)
	at org.springframework.test.context.junit4.statements.SpringRepeat.evaluate(SpringRepeat.java:72)
	at org.springframework.test.context.junit4.SpringJUnit4ClassRunner.runChild(SpringJUnit4ClassRunner.java:233)
	at org.springframework.test.context.junit4.SpringJUnit4ClassRunner.runChild(SpringJUnit4ClassRunner.java:87)
	at org.junit.runners.ParentRunner$3.run(ParentRunner.java:238)
	at org.junit.runners.ParentRunner$1.schedule(ParentRunner.java:63)
	at org.junit.runners.ParentRunner.runChildren(ParentRunner.java:236)
	at org.junit.runners.ParentRunner.access$000(ParentRunner.java:53)
	at org.junit.runners.ParentRunner$2.evaluate(ParentRunner.java:229)
	at org.junit.internal.runners.statements.RunBefores.evaluate(RunBefores.java:26)
	at org.springframework.test.context.junit4.statements.RunBeforeTestClassCallbacks.evaluate(RunBeforeTestClassCallbacks.java:61)
	at org.springframework.test.context.junit4.statements.RunAfterTestClassCallbacks.evaluate(RunAfterTestClassCallbacks.java:71)
	at org.junit.runners.ParentRunner.run(ParentRunner.java:309)
	at org.springframework.test.context.junit4.SpringJUnit4ClassRunner.run(SpringJUnit4ClassRunner.java:176)
	at org.gradle.api.internal.tasks.testing.junit.JUnitTestClassExecuter.runTestClass(JUnitTestClassExecuter.java:86)
	at org.gradle.api.internal.tasks.testing.junit.JUnitTestClassExecuter.execute(JUnitTestClassExecuter.java:49)
	at org.gradle.api.internal.tasks.testing.junit.JUnitTestClassProcessor.processTestClass(JUnitTestClassProcessor.java:64)
	at org.gradle.api.internal.tasks.testing.SuiteTestClassProcessor.processTestClass(SuiteTestClassProcessor.java:50)
	at sun.reflect.GeneratedMethodAccessor108.invoke(Unknown Source)
	at sun.reflect.DelegatingMethodAccessorImpl.invoke(DelegatingMethodAccessorImpl.java:43)
	at java.lang.reflect.Method.invoke(Method.java:606)
	at org.gradle.messaging.dispatch.ReflectionDispatch.dispatch(ReflectionDispatch.java:35)
	at org.gradle.messaging.dispatch.ReflectionDispatch.dispatch(ReflectionDispatch.java:24)
	at org.gradle.messaging.dispatch.ContextClassLoaderDispatch.dispatch(ContextClassLoaderDispatch.java:32)
	at org.gradle.messaging.dispatch.ProxyDispatchAdapter$DispatchingInvocationHandler.invoke(ProxyDispatchAdapter.java:93)
	at com.sun.proxy.$Proxy2.processTestClass(Unknown Source)
	at org.gradle.api.internal.tasks.testing.worker.TestWorker.processTestClass(TestWorker.java:106)
	at sun.reflect.GeneratedMethodAccessor107.invoke(Unknown Source)
	at sun.reflect.DelegatingMethodAccessorImpl.invoke(DelegatingMethodAccessorImpl.java:43)
	at java.lang.reflect.Method.invoke(Method.java:606)
	at org.gradle.messaging.dispatch.ReflectionDispatch.dispatch(ReflectionDispatch.java:35)
	at org.gradle.messaging.dispatch.ReflectionDispatch.dispatch(ReflectionDispatch.java:24)
	at org.gradle.messaging.remote.internal.hub.MessageHub$Handler.run(MessageHub.java:360)
	at org.gradle.internal.concurrent.DefaultExecutorFactory$StoppableExecutorImpl$1.run(DefaultExecutorFactory.java:64)
	at java.util.concurrent.ThreadPoolExecutor.runWorker(ThreadPoolExecutor.java:1145)
	at java.util.concurrent.ThreadPoolExecutor$Worker.run(ThreadPoolExecutor.java:615)
	at java.lang.Thread.run(Thread.java:745)
AddressType.addressTypeIcon size must be between 0 and 128
java.lang.SecurityException: AddressType.addressTypeIcon size must be between 0 and 128
	at com.athena.server.pluggable.utils.helper.EntityValidatorHelper.validateEntity(EntityValidatorHelper.java:37)
	at projectthree.app.shared.organization.locationmanagement.AddressType.isValid(AddressType.java:174)
	at projectthree.app.server.service.organization.locationmanagement.AddressTypeTestCase.validateAddressType(AddressTypeTestCase.java:206)
	at projectthree.app.server.service.organization.locationmanagement.AddressTypeTestCase.test5NegativeTesting(AddressTypeTestCase.java:256)
	at sun.reflect.NativeMethodAccessorImpl.invoke0(Native Method)
	at sun.reflect.NativeMethodAccessorImpl.invoke(NativeMethodAccessorImpl.java:57)
	at sun.reflect.DelegatingMethodAccessorImpl.invoke(DelegatingMethodAccessorImpl.java:43)
	at java.lang.reflect.Method.invoke(Method.java:606)
	at org.junit.runners.model.FrameworkMethod$1.runReflectiveCall(FrameworkMethod.java:47)
	at org.junit.internal.runners.model.ReflectiveCallable.run(ReflectiveCallable.java:12)
	at org.junit.runners.model.FrameworkMethod.invokeExplosively(FrameworkMethod.java:44)
	at org.junit.internal.runners.statements.InvokeMethod.evaluate(InvokeMethod.java:17)
	at org.junit.internal.runners.statements.RunBefores.evaluate(RunBefores.java:26)
	at org.springframework.test.context.junit4.statements.RunBeforeTestMethodCallbacks.evaluate(RunBeforeTestMethodCallbacks.java:74)
	at org.junit.internal.runners.statements.RunAfters.evaluate(RunAfters.java:27)
	at org.springframework.test.context.junit4.statements.RunAfterTestMethodCallbacks.evaluate(RunAfterTestMethodCallbacks.java:83)
	at org.springframework.test.context.junit4.statements.SpringRepeat.evaluate(SpringRepeat.java:72)
	at org.springframework.test.context.junit4.SpringJUnit4ClassRunner.runChild(SpringJUnit4ClassRunner.java:233)
	at org.springframework.test.context.junit4.SpringJUnit4ClassRunner.runChild(SpringJUnit4ClassRunner.java:87)
	at org.junit.runners.ParentRunner$3.run(ParentRunner.java:238)
	at org.junit.runners.ParentRunner$1.schedule(ParentRunner.java:63)
	at org.junit.runners.ParentRunner.runChildren(ParentRunner.java:236)
	at org.junit.runners.ParentRunner.access$000(ParentRunner.java:53)
	at org.junit.runners.ParentRunner$2.evaluate(ParentRunner.java:229)
	at org.junit.internal.runners.statements.RunBefores.evaluate(RunBefores.java:26)
	at org.springframework.test.context.junit4.statements.RunBeforeTestClassCallbacks.evaluate(RunBeforeTestClassCallbacks.java:61)
	at org.springframework.test.context.junit4.statements.RunAfterTestClassCallbacks.evaluate(RunAfterTestClassCallbacks.java:71)
	at org.junit.runners.ParentRunner.run(ParentRunner.java:309)
	at org.springframework.test.context.junit4.SpringJUnit4ClassRunner.run(SpringJUnit4ClassRunner.java:176)
	at org.gradle.api.internal.tasks.testing.junit.JUnitTestClassExecuter.runTestClass(JUnitTestClassExecuter.java:86)
	at org.gradle.api.internal.tasks.testing.junit.JUnitTestClassExecuter.execute(JUnitTestClassExecuter.java:49)
	at org.gradle.api.internal.tasks.testing.junit.JUnitTestClassProcessor.processTestClass(JUnitTestClassProcessor.java:64)
	at org.gradle.api.internal.tasks.testing.SuiteTestClassProcessor.processTestClass(SuiteTestClassProcessor.java:50)
	at sun.reflect.GeneratedMethodAccessor108.invoke(Unknown Source)
	at sun.reflect.DelegatingMethodAccessorImpl.invoke(DelegatingMethodAccessorImpl.java:43)
	at java.lang.reflect.Method.invoke(Method.java:606)
	at org.gradle.messaging.dispatch.ReflectionDispatch.dispatch(ReflectionDispatch.java:35)
	at org.gradle.messaging.dispatch.ReflectionDispatch.dispatch(ReflectionDispatch.java:24)
	at org.gradle.messaging.dispatch.ContextClassLoaderDispatch.dispatch(ContextClassLoaderDispatch.java:32)
	at org.gradle.messaging.dispatch.ProxyDispatchAdapter$DispatchingInvocationHandler.invoke(ProxyDispatchAdapter.java:93)
	at com.sun.proxy.$Proxy2.processTestClass(Unknown Source)
	at org.gradle.api.internal.tasks.testing.worker.TestWorker.processTestClass(TestWorker.java:106)
	at sun.reflect.GeneratedMethodAccessor107.invoke(Unknown Source)
	at sun.reflect.DelegatingMethodAccessorImpl.invoke(DelegatingMethodAccessorImpl.java:43)
	at java.lang.reflect.Method.invoke(Method.java:606)
	at org.gradle.messaging.dispatch.ReflectionDispatch.dispatch(ReflectionDispatch.java:35)
	at org.gradle.messaging.dispatch.ReflectionDispatch.dispatch(ReflectionDispatch.java:24)
	at org.gradle.messaging.remote.internal.hub.MessageHub$Handler.run(MessageHub.java:360)
	at org.gradle.internal.concurrent.DefaultExecutorFactory$StoppableExecutorImpl$1.run(DefaultExecutorFactory.java:64)
	at java.util.concurrent.ThreadPoolExecutor.runWorker(ThreadPoolExecutor.java:1145)
	at java.util.concurrent.ThreadPoolExecutor$Worker.run(ThreadPoolExecutor.java:615)
	at java.lang.Thread.run(Thread.java:745)
]]></system-err>
</testsuite>
