<?xml version="1.0" encoding="UTF-8"?>
<testsuite name="projectthree.app.server.service.appbasicsetup.aaa.PublicApiTestCase" tests="5" skipped="0" failures="0" errors="0" timestamp="2016-08-23T09:49:37" hostname="2182b7675541" time="0.915">
  <properties/>
  <testcase name="test1Save" classname="projectthree.app.server.service.appbasicsetup.aaa.PublicApiTestCase" time="0.188"/>
  <testcase name="test2Update" classname="projectthree.app.server.service.appbasicsetup.aaa.PublicApiTestCase" time="0.536"/>
  <testcase name="test3FindById" classname="projectthree.app.server.service.appbasicsetup.aaa.PublicApiTestCase" time="0.041"/>
  <testcase name="test5NegativeTesting" classname="projectthree.app.server.service.appbasicsetup.aaa.PublicApiTestCase" time="0.022"/>
  <testcase name="test6Delete" classname="projectthree.app.server.service.appbasicsetup.aaa.PublicApiTestCase" time="0.128"/>
  <system-out><![CDATA[Tue Aug 23 09:49:37 UTC 2016|Log Manager Factory|Initialization Process started.....
Tue Aug 23 09:49:37 UTC 2016|Log Manager|Initialized with Path = [/home/applifire/workspace/project3/src/main/webapp/WEB-INF/conf]
Tue Aug 23 09:49:37 UTC 2016|Alarm Manager|Initialized with Path = [/home/applifire/workspace/project3/src/main/webapp/WEB-INF/conf]
Tue Aug 23 09:49:37 UTC 2016|Alarm Manager|Loading Alarms ......
Tue Aug 23 09:49:37 UTC 2016|Alarm XML Parser|FWA|XML Parsing Complete........ 
Tue Aug 23 09:49:37 UTC 2016|Alarm File Manager|FWA|Alarm File Status.. [ApplicationFrameworkAlarms.xml]|Version=15|Status=Done 
Tue Aug 23 09:49:37 UTC 2016|Alarm File Manager|FWA|Alarm Stats = ( BC/AL=5/786 SYS=5/11 [786/0]  TPL=0/0 [0/0]  APP= A.Map=[875]  E.Map EC/RC=[391/79] )
Tue Aug 23 09:49:37 UTC 2016|Alarm XML Parser|APP|XML Parsing Complete........ 
Tue Aug 23 09:49:37 UTC 2016|Alarm File Manager|APP|Alarm File Status.. [ApplicationAlarms.xml]|Version=1|Status=Done 
Tue Aug 23 09:49:37 UTC 2016|Alarm File Manager|APP|Alarm Stats = ( BC/AL=6/873 SYS=5/11 [786/0]  TPL=0/0 [0/0]  APP=1/1 [87/0]  A.Map=[962]  E.Map EC/RC=[445/91] )
Tue Aug 23 09:49:37 UTC 2016|ApplicationAlarmContext| <><><><><> Create App Alarms ....  <><><><><> 
Tue Aug 23 09:49:37 UTC 2016|ApplicationAlarmContext|Alarms are generated ONLY in Development Mode.. 
Tue Aug 23 09:49:37 UTC 2016|Alarm Manager|APP|Alarm Stats = ( BC/AL=6/873 SYS=5/11 [786/0]  TPL=0/0 [0/0]  APP=1/1 [87/0]  A.Map=[962]  E.Map EC/RC=[445/91] )
Tue Aug 23 09:49:37 UTC 2016|Alarm Manager|Initialized Exception Lookup...
Tue Aug 23 09:49:37 UTC 2016|Log Manager|Initialize Log Config File ......
Tue Aug 23 09:49:37 UTC 2016|Pluggable Connectors|Adding Connectors : StandardOutputConnector isEnabled=true isDefault=false isFallBack=true
Tue Aug 23 09:49:37 UTC 2016|Pluggable Connectors|Adding Connectors : StandardFileConnector isEnabled=true isDefault=false isFallBack=false
Tue Aug 23 09:49:37 UTC 2016|Pluggable Connectors|Adding Connectors : Sprinkler isEnabled=true isDefault=true isFallBack=false
Tue Aug 23 09:49:37 UTC 2016|Pluggable Connectors|Default Connector Name : com.spartan.logger.core.LogMessenger
Tue Aug 23 09:49:37 UTC 2016|Log Config Parser|Connector Least Log Level =[4]  FallBack Log Level =[3]
Tue Aug 23 09:49:37 UTC 2016|Log Manager|Loading Default Connector for Logging ......
Tue Aug 23 09:49:37 UTC 2016|Log Manager|Loading class .. com.spartan.logger.core.LogMessenger
Tue Aug 23 09:49:37 UTC 2016|Plugggable Connector|Connector class com.spartan.logger.core.LogMessenger Initialized... @ Log Level = 3
Tue Aug 23 09:49:37 UTC 2016|Log Manager|Starting the Default Connector [com.spartan.logger.core.LogMessenger@16639631] ....
Tue Aug 23 09:49:37 UTC 2016|Scheduler|Starting the Scheduler ......
Tue Aug 23 09:49:37 UTC 2016|Scheduler|Adding [LMID=[8c3f8e01-14d7-47f5-a89e-5698ac927b51]] Delay=5 Time Unit=MINUTES
Tue Aug 23 09:49:37 UTC 2016|Scheduler|Adding [App Alarm Manager File=[ApplicationAlarms.xml]] Delay=30 Time Unit=MINUTES
Tue Aug 23 09:49:37 UTC 2016|Scheduler|Adding [FW Alarm Manager File=[ApplicationFrameworkAlarms.xml]] Delay=3 Time Unit=MINUTES
Tue Aug 23 09:49:37 UTC 2016|Scheduler|Startup Completed..
Tue Aug 23 09:49:37 UTC 2016|Log Manager|Initialization Process Complete ......
Tue Aug 23 09:49:37 UTC 2016|Log Manager Factory|Log Manager READY! ID = 8c3f8e01-14d7-47f5-a89e-5698ac927b51
[EL Finer]: connection: 2016-08-23 09:49:37.533--ServerSession(312021720)--Thread(Thread[Test worker,5,main])--client acquired: 1215762475
[EL Finer]: transaction: 2016-08-23 09:49:37.533--ClientSession(1215762475)--Thread(Thread[Test worker,5,main])--acquire unit of work: 13016120
[EL Finest]: connection: 2016-08-23 09:49:37.533--ServerSession(312021720)--Connection(1866080493)--Thread(Thread[Test worker,5,main])--Connection acquired from connection pool [default].
[EL Finer]: transaction: 2016-08-23 09:49:37.533--ClientSession(1215762475)--Connection(1866080493)--Thread(Thread[Test worker,5,main])--begin transaction
[EL Finest]: connection: 2016-08-23 09:49:37.533--ClientSession(1215762475)--Thread(Thread[Test worker,5,main])--reconnecting to external connection pool
[EL Finest]: transaction: 2016-08-23 09:49:37.539--UnitOfWork(13016120)--Thread(Thread[Test worker,5,main])--persist() operation called on: .
[EL Finest]: sequencing: 2016-08-23 09:49:37.539--UnitOfWork(13016120)--Thread(Thread[Test worker,5,main])--assign sequence to the object (3428BD48-2C2B-42AB-93E0-4F789460D09C -> )
Tue Aug 23 09:49:37 UTC 2016|Unknown Alarm = ABSAA322100200 Alarm Split = ABS-AA-3-2-2-100-200
[EL Finer]: transaction: 2016-08-23 09:49:37.539--UnitOfWork(13016120)--Thread(Thread[Test worker,5,main])--begin unit of work commit
[EL Finest]: query: 2016-08-23 09:49:37.54--UnitOfWork(13016120)--Thread(Thread[Test worker,5,main])--Execute query InsertObjectQuery()
[EL Fine]: sql: 2016-08-23 09:49:37.54--ClientSession(1215762475)--Connection(130690077)--Thread(Thread[Test worker,5,main])--INSERT INTO ast_PublicApi_M (apiId, apiData, schedulerDetails, versionId, createdBy, createdDate, updatedBy, updatedDate, activeStatus, txnAccessCode) VALUES (?, ?, ?, ?, ?, ?, ?, ?, ?, ?)
	bind => [3428BD48-2C2B-42AB-93E0-4F789460D09C, RqkU6ZIIWhSFs1CZ22SJnd7YsbffUIda6s9WGb3JDsxKAbz6UA, wcpXrG9uKajdvBrxyGRVRJ8QWfDXYROi9C0Cli6ipMe7UXAR62, 1, AAAAA, 2016-08-23 09:49:37.458, AAAAA, 2016-08-23 09:49:37.458, 1, 51000]
[EL Finer]: transaction: 2016-08-23 09:49:37.542--ClientSession(1215762475)--Connection(130690077)--Thread(Thread[Test worker,5,main])--commit transaction
[EL Finest]: connection: 2016-08-23 09:49:37.61--ServerSession(312021720)--Connection(1866080493)--Thread(Thread[Test worker,5,main])--Connection released to connection pool [default].
[EL Finer]: transaction: 2016-08-23 09:49:37.611--UnitOfWork(13016120)--Thread(Thread[Test worker,5,main])--end unit of work commit
[EL Finer]: transaction: 2016-08-23 09:49:37.611--UnitOfWork(13016120)--Thread(Thread[Test worker,5,main])--resume unit of work
[EL Finer]: transaction: 2016-08-23 09:49:37.611--UnitOfWork(13016120)--Thread(Thread[Test worker,5,main])--release unit of work
[EL Finer]: connection: 2016-08-23 09:49:37.611--ClientSession(1215762475)--Thread(Thread[Test worker,5,main])--client released
[EL Finer]: connection: 2016-08-23 09:49:37.646--ServerSession(312021720)--Thread(Thread[Test worker,5,main])--client acquired: 1417107447
[EL Finer]: transaction: 2016-08-23 09:49:37.646--ClientSession(1417107447)--Thread(Thread[Test worker,5,main])--acquire unit of work: 1731216499
[EL Finest]: connection: 2016-08-23 09:49:37.646--ServerSession(312021720)--Connection(299765490)--Thread(Thread[Test worker,5,main])--Connection acquired from connection pool [default].
[EL Finer]: transaction: 2016-08-23 09:49:37.646--ClientSession(1417107447)--Connection(299765490)--Thread(Thread[Test worker,5,main])--begin transaction
[EL Finest]: connection: 2016-08-23 09:49:37.647--ClientSession(1417107447)--Thread(Thread[Test worker,5,main])--reconnecting to external connection pool
[EL Finer]: transaction: 2016-08-23 09:49:37.649--UnitOfWork(1731216499)--Thread(Thread[Test worker,5,main])--begin unit of work flush
[EL Finer]: transaction: 2016-08-23 09:49:37.649--UnitOfWork(1731216499)--Thread(Thread[Test worker,5,main])--end unit of work flush
[EL Finest]: query: 2016-08-23 09:49:37.649--UnitOfWork(1731216499)--Thread(Thread[Test worker,5,main])--Execute query ReadAllQuery(name="PublicApi.findById" referenceClass=PublicApi sql="SELECT apiId, apiData, schedulerDetails, versionId, createdBy, createdDate, updatedBy, updatedDate, activeStatus, txnAccessCode FROM ast_PublicApi_M WHERE ((activeStatus = ?) AND (apiId = ?))")
[EL Fine]: sql: 2016-08-23 09:49:37.649--ClientSession(1417107447)--Connection(616269209)--Thread(Thread[Test worker,5,main])--SELECT apiId, apiData, schedulerDetails, versionId, createdBy, createdDate, updatedBy, updatedDate, activeStatus, txnAccessCode FROM ast_PublicApi_M WHERE ((activeStatus = ?) AND (apiId = ?))
	bind => [1, 3428BD48-2C2B-42AB-93E0-4F789460D09C]
Tue Aug 23 09:49:37 UTC 2016|Unknown Alarm = ABSAA324100200 Alarm Split = ABS-AA-3-2-4-100-200
[EL Finer]: transaction: 2016-08-23 09:49:37.652--UnitOfWork(1731216499)--Thread(Thread[Test worker,5,main])--begin unit of work commit
[EL Finer]: transaction: 2016-08-23 09:49:37.652--ClientSession(1417107447)--Connection(616269209)--Thread(Thread[Test worker,5,main])--commit transaction
[EL Finest]: connection: 2016-08-23 09:49:37.653--ServerSession(312021720)--Connection(299765490)--Thread(Thread[Test worker,5,main])--Connection released to connection pool [default].
[EL Finer]: transaction: 2016-08-23 09:49:37.653--UnitOfWork(1731216499)--Thread(Thread[Test worker,5,main])--end unit of work commit
[EL Finer]: transaction: 2016-08-23 09:49:37.653--UnitOfWork(1731216499)--Thread(Thread[Test worker,5,main])--resume unit of work
[EL Finer]: transaction: 2016-08-23 09:49:37.653--UnitOfWork(1731216499)--Thread(Thread[Test worker,5,main])--release unit of work
[EL Finer]: connection: 2016-08-23 09:49:37.653--ClientSession(1417107447)--Thread(Thread[Test worker,5,main])--client released
[EL Finer]: connection: 2016-08-23 09:49:37.654--ServerSession(312021720)--Thread(Thread[Test worker,5,main])--client acquired: 1373043384
[EL Finer]: transaction: 2016-08-23 09:49:37.654--ClientSession(1373043384)--Thread(Thread[Test worker,5,main])--acquire unit of work: 2028367873
[EL Finest]: connection: 2016-08-23 09:49:37.654--ServerSession(312021720)--Connection(1623429033)--Thread(Thread[Test worker,5,main])--Connection acquired from connection pool [default].
[EL Finer]: transaction: 2016-08-23 09:49:37.654--ClientSession(1373043384)--Connection(1623429033)--Thread(Thread[Test worker,5,main])--begin transaction
[EL Finest]: connection: 2016-08-23 09:49:37.655--ClientSession(1373043384)--Thread(Thread[Test worker,5,main])--reconnecting to external connection pool
[EL Finest]: transaction: 2016-08-23 09:49:37.66--UnitOfWork(2028367873)--Thread(Thread[Test worker,5,main])--Merge clone with references 
[EL Finest]: query: 2016-08-23 09:49:37.66--UnitOfWork(2028367873)--Thread(Thread[Test worker,5,main])--Execute query ReadObjectQuery(referenceClass=PublicApi )
[EL Fine]: sql: 2016-08-23 09:49:37.66--ClientSession(1373043384)--Connection(449226549)--Thread(Thread[Test worker,5,main])--SELECT apiId, apiData, schedulerDetails, versionId, createdBy, createdDate, updatedBy, updatedDate, activeStatus, txnAccessCode FROM ast_PublicApi_M WHERE (apiId = ?)
	bind => [3428BD48-2C2B-42AB-93E0-4F789460D09C]
Tue Aug 23 09:49:37 UTC 2016|Unknown Alarm = ABSAA321100200 Alarm Split = ABS-AA-3-2-1-100-200
[EL Finer]: transaction: 2016-08-23 09:49:37.663--UnitOfWork(2028367873)--Thread(Thread[Test worker,5,main])--begin unit of work commit
[EL Finest]: query: 2016-08-23 09:49:37.663--UnitOfWork(2028367873)--Thread(Thread[Test worker,5,main])--Execute query UpdateObjectQuery()
[EL Fine]: sql: 2016-08-23 09:49:37.664--ClientSession(1373043384)--Connection(449226549)--Thread(Thread[Test worker,5,main])--UPDATE ast_PublicApi_M SET apiData = ?, schedulerDetails = ?, versionId = ? WHERE ((apiId = ?) AND (versionId = ?))
	bind => [PiQS4adOWkb4qGRED7YDHSBeq6cvgkiq1R3A3fV2ABRtJP4jCg, 1b7YBTMJaB6A3XJo147PsKFUfAi9fRjigHIaqNR1x6MswHIIrg, 2, 3428BD48-2C2B-42AB-93E0-4F789460D09C, 1]
[EL Finer]: transaction: 2016-08-23 09:49:37.665--ClientSession(1373043384)--Connection(449226549)--Thread(Thread[Test worker,5,main])--commit transaction
[EL Finest]: connection: 2016-08-23 09:49:38.146--ServerSession(312021720)--Connection(1623429033)--Thread(Thread[Test worker,5,main])--Connection released to connection pool [default].
[EL Finer]: transaction: 2016-08-23 09:49:38.147--UnitOfWork(2028367873)--Thread(Thread[Test worker,5,main])--end unit of work commit
[EL Finer]: transaction: 2016-08-23 09:49:38.147--UnitOfWork(2028367873)--Thread(Thread[Test worker,5,main])--resume unit of work
[EL Finer]: transaction: 2016-08-23 09:49:38.147--UnitOfWork(2028367873)--Thread(Thread[Test worker,5,main])--release unit of work
[EL Finer]: connection: 2016-08-23 09:49:38.148--ClientSession(1373043384)--Thread(Thread[Test worker,5,main])--client released
[EL Finer]: connection: 2016-08-23 09:49:38.182--ServerSession(312021720)--Thread(Thread[Test worker,5,main])--client acquired: 1205989746
[EL Finer]: transaction: 2016-08-23 09:49:38.182--ClientSession(1205989746)--Thread(Thread[Test worker,5,main])--acquire unit of work: 1119000636
[EL Finest]: connection: 2016-08-23 09:49:38.182--ServerSession(312021720)--Connection(1529392473)--Thread(Thread[Test worker,5,main])--Connection acquired from connection pool [default].
[EL Finer]: transaction: 2016-08-23 09:49:38.182--ClientSession(1205989746)--Connection(1529392473)--Thread(Thread[Test worker,5,main])--begin transaction
[EL Finest]: connection: 2016-08-23 09:49:38.182--ClientSession(1205989746)--Thread(Thread[Test worker,5,main])--reconnecting to external connection pool
[EL Finer]: transaction: 2016-08-23 09:49:38.184--UnitOfWork(1119000636)--Thread(Thread[Test worker,5,main])--begin unit of work flush
[EL Finer]: transaction: 2016-08-23 09:49:38.184--UnitOfWork(1119000636)--Thread(Thread[Test worker,5,main])--end unit of work flush
[EL Finest]: query: 2016-08-23 09:49:38.184--UnitOfWork(1119000636)--Thread(Thread[Test worker,5,main])--Execute query ReadAllQuery(name="PublicApi.findById" referenceClass=PublicApi sql="SELECT apiId, apiData, schedulerDetails, versionId, createdBy, createdDate, updatedBy, updatedDate, activeStatus, txnAccessCode FROM ast_PublicApi_M WHERE ((activeStatus = ?) AND (apiId = ?))")
[EL Fine]: sql: 2016-08-23 09:49:38.185--ClientSession(1205989746)--Connection(217383536)--Thread(Thread[Test worker,5,main])--SELECT apiId, apiData, schedulerDetails, versionId, createdBy, createdDate, updatedBy, updatedDate, activeStatus, txnAccessCode FROM ast_PublicApi_M WHERE ((activeStatus = ?) AND (apiId = ?))
	bind => [1, 3428BD48-2C2B-42AB-93E0-4F789460D09C]
Tue Aug 23 09:49:38 UTC 2016|Unknown Alarm = ABSAA324100200 Alarm Split = ABS-AA-3-2-4-100-200
[EL Finer]: transaction: 2016-08-23 09:49:38.187--UnitOfWork(1119000636)--Thread(Thread[Test worker,5,main])--begin unit of work commit
[EL Finer]: transaction: 2016-08-23 09:49:38.187--ClientSession(1205989746)--Connection(217383536)--Thread(Thread[Test worker,5,main])--commit transaction
[EL Finest]: connection: 2016-08-23 09:49:38.188--ServerSession(312021720)--Connection(1529392473)--Thread(Thread[Test worker,5,main])--Connection released to connection pool [default].
[EL Finer]: transaction: 2016-08-23 09:49:38.188--UnitOfWork(1119000636)--Thread(Thread[Test worker,5,main])--end unit of work commit
[EL Finer]: transaction: 2016-08-23 09:49:38.188--UnitOfWork(1119000636)--Thread(Thread[Test worker,5,main])--resume unit of work
[EL Finer]: transaction: 2016-08-23 09:49:38.188--UnitOfWork(1119000636)--Thread(Thread[Test worker,5,main])--release unit of work
[EL Finer]: connection: 2016-08-23 09:49:38.188--ClientSession(1205989746)--Thread(Thread[Test worker,5,main])--client released
[EL Finer]: connection: 2016-08-23 09:49:38.237--ServerSession(312021720)--Thread(Thread[Test worker,5,main])--client acquired: 1710476959
[EL Finer]: transaction: 2016-08-23 09:49:38.238--ClientSession(1710476959)--Thread(Thread[Test worker,5,main])--acquire unit of work: 1770151171
[EL Finest]: connection: 2016-08-23 09:49:38.238--ServerSession(312021720)--Connection(1839769106)--Thread(Thread[Test worker,5,main])--Connection acquired from connection pool [default].
[EL Finer]: transaction: 2016-08-23 09:49:38.238--ClientSession(1710476959)--Connection(1839769106)--Thread(Thread[Test worker,5,main])--begin transaction
[EL Finest]: connection: 2016-08-23 09:49:38.238--ClientSession(1710476959)--Thread(Thread[Test worker,5,main])--reconnecting to external connection pool
[EL Finest]: query: 2016-08-23 09:49:38.239--UnitOfWork(1770151171)--Thread(Thread[Test worker,5,main])--Execute query ReadObjectQuery(name="readPublicApi" referenceClass=PublicApi sql="SELECT apiId, apiData, schedulerDetails, versionId, createdBy, createdDate, updatedBy, updatedDate, activeStatus, txnAccessCode FROM ast_PublicApi_M WHERE (apiId = ?)")
[EL Fine]: sql: 2016-08-23 09:49:38.239--ClientSession(1710476959)--Connection(1927088168)--Thread(Thread[Test worker,5,main])--SELECT apiId, apiData, schedulerDetails, versionId, createdBy, createdDate, updatedBy, updatedDate, activeStatus, txnAccessCode FROM ast_PublicApi_M WHERE (apiId = ?)
	bind => [3428BD48-2C2B-42AB-93E0-4F789460D09C]
[EL Finest]: transaction: 2016-08-23 09:49:38.241--UnitOfWork(1770151171)--Thread(Thread[Test worker,5,main])--remove() operation called on: 
Tue Aug 23 09:49:38 UTC 2016|Unknown Alarm = ABSAA328100200 Alarm Split = ABS-AA-3-2-8-100-200
[EL Finer]: transaction: 2016-08-23 09:49:38.242--UnitOfWork(1770151171)--Thread(Thread[Test worker,5,main])--begin unit of work commit
[EL Finest]: query: 2016-08-23 09:49:38.242--UnitOfWork(1770151171)--Thread(Thread[Test worker,5,main])--Execute query DoesExistQuery(referenceClass=PublicApi )
[EL Finest]: query: 2016-08-23 09:49:38.242--UnitOfWork(1770151171)--Thread(Thread[Test worker,5,main])--Execute query DeleteObjectQuery()
[EL Fine]: sql: 2016-08-23 09:49:38.243--ClientSession(1710476959)--Connection(1927088168)--Thread(Thread[Test worker,5,main])--DELETE FROM ast_PublicApi_M WHERE ((apiId = ?) AND (versionId = ?))
	bind => [3428BD48-2C2B-42AB-93E0-4F789460D09C, 2]
[EL Finer]: transaction: 2016-08-23 09:49:38.244--ClientSession(1710476959)--Connection(1927088168)--Thread(Thread[Test worker,5,main])--commit transaction
[EL Finest]: connection: 2016-08-23 09:49:38.338--ServerSession(312021720)--Connection(1839769106)--Thread(Thread[Test worker,5,main])--Connection released to connection pool [default].
[EL Finer]: transaction: 2016-08-23 09:49:38.339--UnitOfWork(1770151171)--Thread(Thread[Test worker,5,main])--end unit of work commit
[EL Finer]: transaction: 2016-08-23 09:49:38.339--UnitOfWork(1770151171)--Thread(Thread[Test worker,5,main])--resume unit of work
[EL Finer]: transaction: 2016-08-23 09:49:38.339--UnitOfWork(1770151171)--Thread(Thread[Test worker,5,main])--release unit of work
[EL Finer]: connection: 2016-08-23 09:49:38.339--ClientSession(1710476959)--Thread(Thread[Test worker,5,main])--client released
]]></system-out>
  <system-err><![CDATA[PublicApi.apiData may not be null
java.lang.SecurityException: PublicApi.apiData may not be null
	at com.athena.server.pluggable.utils.helper.EntityValidatorHelper.validateEntity(EntityValidatorHelper.java:37)
	at projectthree.app.shared.appbasicsetup.aaa.PublicApi.isValid(PublicApi.java:159)
	at projectthree.app.server.service.appbasicsetup.aaa.PublicApiTestCase.validatePublicApi(PublicApiTestCase.java:206)
	at projectthree.app.server.service.appbasicsetup.aaa.PublicApiTestCase.test5NegativeTesting(PublicApiTestCase.java:238)
	at sun.reflect.NativeMethodAccessorImpl.invoke0(Native Method)
	at sun.reflect.NativeMethodAccessorImpl.invoke(NativeMethodAccessorImpl.java:57)
	at sun.reflect.DelegatingMethodAccessorImpl.invoke(DelegatingMethodAccessorImpl.java:43)
	at java.lang.reflect.Method.invoke(Method.java:606)
	at org.junit.runners.model.FrameworkMethod$1.runReflectiveCall(FrameworkMethod.java:47)
	at org.junit.internal.runners.model.ReflectiveCallable.run(ReflectiveCallable.java:12)
	at org.junit.runners.model.FrameworkMethod.invokeExplosively(FrameworkMethod.java:44)
	at org.junit.internal.runners.statements.InvokeMethod.evaluate(InvokeMethod.java:17)
	at org.junit.internal.runners.statements.RunBefores.evaluate(RunBefores.java:26)
	at org.springframework.test.context.junit4.statements.RunBeforeTestMethodCallbacks.evaluate(RunBeforeTestMethodCallbacks.java:74)
	at org.junit.internal.runners.statements.RunAfters.evaluate(RunAfters.java:27)
	at org.springframework.test.context.junit4.statements.RunAfterTestMethodCallbacks.evaluate(RunAfterTestMethodCallbacks.java:83)
	at org.springframework.test.context.junit4.statements.SpringRepeat.evaluate(SpringRepeat.java:72)
	at org.springframework.test.context.junit4.SpringJUnit4ClassRunner.runChild(SpringJUnit4ClassRunner.java:233)
	at org.springframework.test.context.junit4.SpringJUnit4ClassRunner.runChild(SpringJUnit4ClassRunner.java:87)
	at org.junit.runners.ParentRunner$3.run(ParentRunner.java:238)
	at org.junit.runners.ParentRunner$1.schedule(ParentRunner.java:63)
	at org.junit.runners.ParentRunner.runChildren(ParentRunner.java:236)
	at org.junit.runners.ParentRunner.access$000(ParentRunner.java:53)
	at org.junit.runners.ParentRunner$2.evaluate(ParentRunner.java:229)
	at org.junit.internal.runners.statements.RunBefores.evaluate(RunBefores.java:26)
	at org.springframework.test.context.junit4.statements.RunBeforeTestClassCallbacks.evaluate(RunBeforeTestClassCallbacks.java:61)
	at org.springframework.test.context.junit4.statements.RunAfterTestClassCallbacks.evaluate(RunAfterTestClassCallbacks.java:71)
	at org.junit.runners.ParentRunner.run(ParentRunner.java:309)
	at org.springframework.test.context.junit4.SpringJUnit4ClassRunner.run(SpringJUnit4ClassRunner.java:176)
	at org.gradle.api.internal.tasks.testing.junit.JUnitTestClassExecuter.runTestClass(JUnitTestClassExecuter.java:86)
	at org.gradle.api.internal.tasks.testing.junit.JUnitTestClassExecuter.execute(JUnitTestClassExecuter.java:49)
	at org.gradle.api.internal.tasks.testing.junit.JUnitTestClassProcessor.processTestClass(JUnitTestClassProcessor.java:64)
	at org.gradle.api.internal.tasks.testing.SuiteTestClassProcessor.processTestClass(SuiteTestClassProcessor.java:50)
	at sun.reflect.NativeMethodAccessorImpl.invoke0(Native Method)
	at sun.reflect.NativeMethodAccessorImpl.invoke(NativeMethodAccessorImpl.java:57)
	at sun.reflect.DelegatingMethodAccessorImpl.invoke(DelegatingMethodAccessorImpl.java:43)
	at java.lang.reflect.Method.invoke(Method.java:606)
	at org.gradle.messaging.dispatch.ReflectionDispatch.dispatch(ReflectionDispatch.java:35)
	at org.gradle.messaging.dispatch.ReflectionDispatch.dispatch(ReflectionDispatch.java:24)
	at org.gradle.messaging.dispatch.ContextClassLoaderDispatch.dispatch(ContextClassLoaderDispatch.java:32)
	at org.gradle.messaging.dispatch.ProxyDispatchAdapter$DispatchingInvocationHandler.invoke(ProxyDispatchAdapter.java:93)
	at com.sun.proxy.$Proxy2.processTestClass(Unknown Source)
	at org.gradle.api.internal.tasks.testing.worker.TestWorker.processTestClass(TestWorker.java:106)
	at sun.reflect.NativeMethodAccessorImpl.invoke0(Native Method)
	at sun.reflect.NativeMethodAccessorImpl.invoke(NativeMethodAccessorImpl.java:57)
	at sun.reflect.DelegatingMethodAccessorImpl.invoke(DelegatingMethodAccessorImpl.java:43)
	at java.lang.reflect.Method.invoke(Method.java:606)
	at org.gradle.messaging.dispatch.ReflectionDispatch.dispatch(ReflectionDispatch.java:35)
	at org.gradle.messaging.dispatch.ReflectionDispatch.dispatch(ReflectionDispatch.java:24)
	at org.gradle.messaging.remote.internal.hub.MessageHub$Handler.run(MessageHub.java:360)
	at org.gradle.internal.concurrent.DefaultExecutorFactory$StoppableExecutorImpl$1.run(DefaultExecutorFactory.java:64)
	at java.util.concurrent.ThreadPoolExecutor.runWorker(ThreadPoolExecutor.java:1145)
	at java.util.concurrent.ThreadPoolExecutor$Worker.run(ThreadPoolExecutor.java:615)
	at java.lang.Thread.run(Thread.java:745)
PublicApi.apiData size must be between 1 and 256
java.lang.SecurityException: PublicApi.apiData size must be between 1 and 256
	at com.athena.server.pluggable.utils.helper.EntityValidatorHelper.validateEntity(EntityValidatorHelper.java:37)
	at projectthree.app.shared.appbasicsetup.aaa.PublicApi.isValid(PublicApi.java:159)
	at projectthree.app.server.service.appbasicsetup.aaa.PublicApiTestCase.validatePublicApi(PublicApiTestCase.java:204)
	at projectthree.app.server.service.appbasicsetup.aaa.PublicApiTestCase.test5NegativeTesting(PublicApiTestCase.java:243)
	at sun.reflect.NativeMethodAccessorImpl.invoke0(Native Method)
	at sun.reflect.NativeMethodAccessorImpl.invoke(NativeMethodAccessorImpl.java:57)
	at sun.reflect.DelegatingMethodAccessorImpl.invoke(DelegatingMethodAccessorImpl.java:43)
	at java.lang.reflect.Method.invoke(Method.java:606)
	at org.junit.runners.model.FrameworkMethod$1.runReflectiveCall(FrameworkMethod.java:47)
	at org.junit.internal.runners.model.ReflectiveCallable.run(ReflectiveCallable.java:12)
	at org.junit.runners.model.FrameworkMethod.invokeExplosively(FrameworkMethod.java:44)
	at org.junit.internal.runners.statements.InvokeMethod.evaluate(InvokeMethod.java:17)
	at org.junit.internal.runners.statements.RunBefores.evaluate(RunBefores.java:26)
	at org.springframework.test.context.junit4.statements.RunBeforeTestMethodCallbacks.evaluate(RunBeforeTestMethodCallbacks.java:74)
	at org.junit.internal.runners.statements.RunAfters.evaluate(RunAfters.java:27)
	at org.springframework.test.context.junit4.statements.RunAfterTestMethodCallbacks.evaluate(RunAfterTestMethodCallbacks.java:83)
	at org.springframework.test.context.junit4.statements.SpringRepeat.evaluate(SpringRepeat.java:72)
	at org.springframework.test.context.junit4.SpringJUnit4ClassRunner.runChild(SpringJUnit4ClassRunner.java:233)
	at org.springframework.test.context.junit4.SpringJUnit4ClassRunner.runChild(SpringJUnit4ClassRunner.java:87)
	at org.junit.runners.ParentRunner$3.run(ParentRunner.java:238)
	at org.junit.runners.ParentRunner$1.schedule(ParentRunner.java:63)
	at org.junit.runners.ParentRunner.runChildren(ParentRunner.java:236)
	at org.junit.runners.ParentRunner.access$000(ParentRunner.java:53)
	at org.junit.runners.ParentRunner$2.evaluate(ParentRunner.java:229)
	at org.junit.internal.runners.statements.RunBefores.evaluate(RunBefores.java:26)
	at org.springframework.test.context.junit4.statements.RunBeforeTestClassCallbacks.evaluate(RunBeforeTestClassCallbacks.java:61)
	at org.springframework.test.context.junit4.statements.RunAfterTestClassCallbacks.evaluate(RunAfterTestClassCallbacks.java:71)
	at org.junit.runners.ParentRunner.run(ParentRunner.java:309)
	at org.springframework.test.context.junit4.SpringJUnit4ClassRunner.run(SpringJUnit4ClassRunner.java:176)
	at org.gradle.api.internal.tasks.testing.junit.JUnitTestClassExecuter.runTestClass(JUnitTestClassExecuter.java:86)
	at org.gradle.api.internal.tasks.testing.junit.JUnitTestClassExecuter.execute(JUnitTestClassExecuter.java:49)
	at org.gradle.api.internal.tasks.testing.junit.JUnitTestClassProcessor.processTestClass(JUnitTestClassProcessor.java:64)
	at org.gradle.api.internal.tasks.testing.SuiteTestClassProcessor.processTestClass(SuiteTestClassProcessor.java:50)
	at sun.reflect.NativeMethodAccessorImpl.invoke0(Native Method)
	at sun.reflect.NativeMethodAccessorImpl.invoke(NativeMethodAccessorImpl.java:57)
	at sun.reflect.DelegatingMethodAccessorImpl.invoke(DelegatingMethodAccessorImpl.java:43)
	at java.lang.reflect.Method.invoke(Method.java:606)
	at org.gradle.messaging.dispatch.ReflectionDispatch.dispatch(ReflectionDispatch.java:35)
	at org.gradle.messaging.dispatch.ReflectionDispatch.dispatch(ReflectionDispatch.java:24)
	at org.gradle.messaging.dispatch.ContextClassLoaderDispatch.dispatch(ContextClassLoaderDispatch.java:32)
	at org.gradle.messaging.dispatch.ProxyDispatchAdapter$DispatchingInvocationHandler.invoke(ProxyDispatchAdapter.java:93)
	at com.sun.proxy.$Proxy2.processTestClass(Unknown Source)
	at org.gradle.api.internal.tasks.testing.worker.TestWorker.processTestClass(TestWorker.java:106)
	at sun.reflect.NativeMethodAccessorImpl.invoke0(Native Method)
	at sun.reflect.NativeMethodAccessorImpl.invoke(NativeMethodAccessorImpl.java:57)
	at sun.reflect.DelegatingMethodAccessorImpl.invoke(DelegatingMethodAccessorImpl.java:43)
	at java.lang.reflect.Method.invoke(Method.java:606)
	at org.gradle.messaging.dispatch.ReflectionDispatch.dispatch(ReflectionDispatch.java:35)
	at org.gradle.messaging.dispatch.ReflectionDispatch.dispatch(ReflectionDispatch.java:24)
	at org.gradle.messaging.remote.internal.hub.MessageHub$Handler.run(MessageHub.java:360)
	at org.gradle.internal.concurrent.DefaultExecutorFactory$StoppableExecutorImpl$1.run(DefaultExecutorFactory.java:64)
	at java.util.concurrent.ThreadPoolExecutor.runWorker(ThreadPoolExecutor.java:1145)
	at java.util.concurrent.ThreadPoolExecutor$Worker.run(ThreadPoolExecutor.java:615)
	at java.lang.Thread.run(Thread.java:745)
PublicApi.schedulerDetails size must be between 1 and 256
java.lang.SecurityException: PublicApi.schedulerDetails size must be between 1 and 256
	at com.athena.server.pluggable.utils.helper.EntityValidatorHelper.validateEntity(EntityValidatorHelper.java:37)
	at projectthree.app.shared.appbasicsetup.aaa.PublicApi.isValid(PublicApi.java:159)
	at projectthree.app.server.service.appbasicsetup.aaa.PublicApiTestCase.validatePublicApi(PublicApiTestCase.java:204)
	at projectthree.app.server.service.appbasicsetup.aaa.PublicApiTestCase.test5NegativeTesting(PublicApiTestCase.java:248)
	at sun.reflect.NativeMethodAccessorImpl.invoke0(Native Method)
	at sun.reflect.NativeMethodAccessorImpl.invoke(NativeMethodAccessorImpl.java:57)
	at sun.reflect.DelegatingMethodAccessorImpl.invoke(DelegatingMethodAccessorImpl.java:43)
	at java.lang.reflect.Method.invoke(Method.java:606)
	at org.junit.runners.model.FrameworkMethod$1.runReflectiveCall(FrameworkMethod.java:47)
	at org.junit.internal.runners.model.ReflectiveCallable.run(ReflectiveCallable.java:12)
	at org.junit.runners.model.FrameworkMethod.invokeExplosively(FrameworkMethod.java:44)
	at org.junit.internal.runners.statements.InvokeMethod.evaluate(InvokeMethod.java:17)
	at org.junit.internal.runners.statements.RunBefores.evaluate(RunBefores.java:26)
	at org.springframework.test.context.junit4.statements.RunBeforeTestMethodCallbacks.evaluate(RunBeforeTestMethodCallbacks.java:74)
	at org.junit.internal.runners.statements.RunAfters.evaluate(RunAfters.java:27)
	at org.springframework.test.context.junit4.statements.RunAfterTestMethodCallbacks.evaluate(RunAfterTestMethodCallbacks.java:83)
	at org.springframework.test.context.junit4.statements.SpringRepeat.evaluate(SpringRepeat.java:72)
	at org.springframework.test.context.junit4.SpringJUnit4ClassRunner.runChild(SpringJUnit4ClassRunner.java:233)
	at org.springframework.test.context.junit4.SpringJUnit4ClassRunner.runChild(SpringJUnit4ClassRunner.java:87)
	at org.junit.runners.ParentRunner$3.run(ParentRunner.java:238)
	at org.junit.runners.ParentRunner$1.schedule(ParentRunner.java:63)
	at org.junit.runners.ParentRunner.runChildren(ParentRunner.java:236)
	at org.junit.runners.ParentRunner.access$000(ParentRunner.java:53)
	at org.junit.runners.ParentRunner$2.evaluate(ParentRunner.java:229)
	at org.junit.internal.runners.statements.RunBefores.evaluate(RunBefores.java:26)
	at org.springframework.test.context.junit4.statements.RunBeforeTestClassCallbacks.evaluate(RunBeforeTestClassCallbacks.java:61)
	at org.springframework.test.context.junit4.statements.RunAfterTestClassCallbacks.evaluate(RunAfterTestClassCallbacks.java:71)
	at org.junit.runners.ParentRunner.run(ParentRunner.java:309)
	at org.springframework.test.context.junit4.SpringJUnit4ClassRunner.run(SpringJUnit4ClassRunner.java:176)
	at org.gradle.api.internal.tasks.testing.junit.JUnitTestClassExecuter.runTestClass(JUnitTestClassExecuter.java:86)
	at org.gradle.api.internal.tasks.testing.junit.JUnitTestClassExecuter.execute(JUnitTestClassExecuter.java:49)
	at org.gradle.api.internal.tasks.testing.junit.JUnitTestClassProcessor.processTestClass(JUnitTestClassProcessor.java:64)
	at org.gradle.api.internal.tasks.testing.SuiteTestClassProcessor.processTestClass(SuiteTestClassProcessor.java:50)
	at sun.reflect.NativeMethodAccessorImpl.invoke0(Native Method)
	at sun.reflect.NativeMethodAccessorImpl.invoke(NativeMethodAccessorImpl.java:57)
	at sun.reflect.DelegatingMethodAccessorImpl.invoke(DelegatingMethodAccessorImpl.java:43)
	at java.lang.reflect.Method.invoke(Method.java:606)
	at org.gradle.messaging.dispatch.ReflectionDispatch.dispatch(ReflectionDispatch.java:35)
	at org.gradle.messaging.dispatch.ReflectionDispatch.dispatch(ReflectionDispatch.java:24)
	at org.gradle.messaging.dispatch.ContextClassLoaderDispatch.dispatch(ContextClassLoaderDispatch.java:32)
	at org.gradle.messaging.dispatch.ProxyDispatchAdapter$DispatchingInvocationHandler.invoke(ProxyDispatchAdapter.java:93)
	at com.sun.proxy.$Proxy2.processTestClass(Unknown Source)
	at org.gradle.api.internal.tasks.testing.worker.TestWorker.processTestClass(TestWorker.java:106)
	at sun.reflect.NativeMethodAccessorImpl.invoke0(Native Method)
	at sun.reflect.NativeMethodAccessorImpl.invoke(NativeMethodAccessorImpl.java:57)
	at sun.reflect.DelegatingMethodAccessorImpl.invoke(DelegatingMethodAccessorImpl.java:43)
	at java.lang.reflect.Method.invoke(Method.java:606)
	at org.gradle.messaging.dispatch.ReflectionDispatch.dispatch(ReflectionDispatch.java:35)
	at org.gradle.messaging.dispatch.ReflectionDispatch.dispatch(ReflectionDispatch.java:24)
	at org.gradle.messaging.remote.internal.hub.MessageHub$Handler.run(MessageHub.java:360)
	at org.gradle.internal.concurrent.DefaultExecutorFactory$StoppableExecutorImpl$1.run(DefaultExecutorFactory.java:64)
	at java.util.concurrent.ThreadPoolExecutor.runWorker(ThreadPoolExecutor.java:1145)
	at java.util.concurrent.ThreadPoolExecutor$Worker.run(ThreadPoolExecutor.java:615)
	at java.lang.Thread.run(Thread.java:745)
]]></system-err>
</testsuite>
